2023-03-13 11:00:18,093 INFO org.springframework.boot.StartupInfoLogger [restartedMain]  Starting UtilityServiceApplication using Java 11.0.17 on R50000273B with PID 14928 (D:\RedDot Projects\utility-service\target\classes started by fahim.akber in D:\RedDot Projects\utility-service)
2023-03-13 11:00:18,099 INFO org.springframework.boot.SpringApplication [restartedMain]  The following 1 profile is active: "dev"
2023-03-13 11:00:18,165 INFO org.springframework.boot.logging.DeferredLog [restartedMain]  Devtools property defaults active! Set 'spring.devtools.add-properties' to 'false' to disable
2023-03-13 11:00:18,166 INFO org.springframework.boot.logging.DeferredLog [restartedMain]  For additional web related logging consider setting the 'logging.level.web' property to 'DEBUG'
2023-03-13 11:00:19,359 INFO org.springframework.data.repository.config.RepositoryConfigurationDelegate [restartedMain]  Multiple Spring Data modules found, entering strict repository configuration mode
2023-03-13 11:00:19,360 INFO org.springframework.data.repository.config.RepositoryConfigurationDelegate [restartedMain]  Bootstrapping Spring Data JPA repositories in DEFAULT mode.
2023-03-13 11:00:19,483 INFO org.springframework.data.repository.config.RepositoryConfigurationDelegate [restartedMain]  Finished Spring Data repository scanning in 113 ms. Found 2 JPA repository interfaces.
2023-03-13 11:00:19,501 INFO org.springframework.data.repository.config.RepositoryConfigurationDelegate [restartedMain]  Multiple Spring Data modules found, entering strict repository configuration mode
2023-03-13 11:00:19,502 INFO org.springframework.data.repository.config.RepositoryConfigurationDelegate [restartedMain]  Bootstrapping Spring Data Redis repositories in DEFAULT mode.
2023-03-13 11:00:19,534 INFO org.springframework.data.repository.config.RepositoryConfigurationExtensionSupport [restartedMain]  Spring Data Redis - Could not safely identify store assignment for repository candidate interface com.reddot.utilityservice.common.repository.TransactionRepository; If you want this repository to be a Redis repository, consider annotating your entities with one of these annotations: org.springframework.data.redis.core.RedisHash (preferred), or consider extending one of the following types with your repository: org.springframework.data.keyvalue.repository.KeyValueRepository
2023-03-13 11:00:19,535 INFO org.springframework.data.repository.config.RepositoryConfigurationExtensionSupport [restartedMain]  Spring Data Redis - Could not safely identify store assignment for repository candidate interface com.reddot.utilityservice.features.desco.postpaid.repository.DescoPostpaidRepository; If you want this repository to be a Redis repository, consider annotating your entities with one of these annotations: org.springframework.data.redis.core.RedisHash (preferred), or consider extending one of the following types with your repository: org.springframework.data.keyvalue.repository.KeyValueRepository
2023-03-13 11:00:19,535 INFO org.springframework.data.repository.config.RepositoryConfigurationDelegate [restartedMain]  Finished Spring Data repository scanning in 20 ms. Found 0 Redis repository interfaces.
2023-03-13 11:00:20,313 INFO org.springframework.boot.web.embedded.tomcat.TomcatWebServer [restartedMain]  Tomcat initialized with port(s): 8080 (http)
2023-03-13 11:00:20,324 INFO org.apache.juli.logging.DirectJDKLog [restartedMain]  Initializing ProtocolHandler ["http-nio-8080"]
2023-03-13 11:00:20,324 INFO org.apache.juli.logging.DirectJDKLog [restartedMain]  Starting service [Tomcat]
2023-03-13 11:00:20,324 INFO org.apache.juli.logging.DirectJDKLog [restartedMain]  Starting Servlet engine: [Apache Tomcat/9.0.70]
2023-03-13 11:00:20,448 INFO org.apache.juli.logging.DirectJDKLog [restartedMain]  Initializing Spring embedded WebApplicationContext
2023-03-13 11:00:20,452 INFO org.springframework.boot.web.servlet.context.ServletWebServerApplicationContext [restartedMain]  Root WebApplicationContext: initialization completed in 2285 ms
2023-03-13 11:00:20,716 INFO org.hibernate.jpa.internal.util.LogHelper [restartedMain]  HHH000204: Processing PersistenceUnitInfo [name: default]
2023-03-13 11:00:20,775 INFO org.hibernate.Version [restartedMain]  HHH000412: Hibernate ORM core version 5.6.14.Final
2023-03-13 11:00:20,934 INFO org.hibernate.annotations.common.reflection.java.JavaReflectionManager [restartedMain]  HCANN000001: Hibernate Commons Annotations {5.1.2.Final}
2023-03-13 11:00:21,066 WARN com.zaxxer.hikari.HikariConfig [restartedMain]  HikariPool-1 - maxLifetime is less than 30000ms, setting to default 1800000ms.
2023-03-13 11:00:21,067 INFO com.zaxxer.hikari.HikariDataSource [restartedMain]  HikariPool-1 - Starting...
2023-03-13 11:00:21,494 INFO com.zaxxer.hikari.HikariDataSource [restartedMain]  HikariPool-1 - Start completed.
2023-03-13 11:00:21,511 INFO org.hibernate.dialect.Dialect [restartedMain]  HHH000400: Using dialect: org.hibernate.dialect.MySQL8Dialect
2023-03-13 11:00:22,265 INFO org.hibernate.engine.transaction.jta.platform.internal.JtaPlatformInitiator [restartedMain]  HHH000490: Using JtaPlatform implementation: [org.hibernate.engine.transaction.jta.platform.internal.NoJtaPlatform]
2023-03-13 11:00:22,274 INFO org.springframework.orm.jpa.AbstractEntityManagerFactoryBean [restartedMain]  Initialized JPA EntityManagerFactory for persistence unit 'default'
2023-03-13 11:00:23,561 WARN org.springframework.boot.autoconfigure.orm.jpa.JpaBaseConfiguration$JpaWebConfiguration [restartedMain]  spring.jpa.open-in-view is enabled by default. Therefore, database queries may be performed during view rendering. Explicitly configure spring.jpa.open-in-view to disable this warning
2023-03-13 11:00:23,949 INFO org.springframework.boot.devtools.autoconfigure.OptionalLiveReloadServer [restartedMain]  LiveReload server is running on port 35729
2023-03-13 11:00:23,969 INFO org.apache.juli.logging.DirectJDKLog [restartedMain]  Starting ProtocolHandler ["http-nio-8080"]
2023-03-13 11:00:23,981 INFO org.springframework.boot.web.embedded.tomcat.TomcatWebServer [restartedMain]  Tomcat started on port(s): 8080 (http) with context path ''
2023-03-13 11:00:23,998 INFO org.springframework.boot.StartupInfoLogger [restartedMain]  Started UtilityServiceApplication in 6.51 seconds (JVM running for 9.08)
2023-03-13 11:00:30,425 INFO org.apache.juli.logging.DirectJDKLog [http-nio-8080-exec-1]  Initializing Spring DispatcherServlet 'dispatcherServlet'
2023-03-13 11:00:30,427 INFO org.springframework.web.servlet.FrameworkServlet [http-nio-8080-exec-1]  Initializing Servlet 'dispatcherServlet'
2023-03-13 11:00:30,428 INFO org.springframework.web.servlet.FrameworkServlet [http-nio-8080-exec-1]  Completed initialization in 1 ms
2023-03-13 11:35:48,081 WARN com.zaxxer.hikari.pool.HikariPool$HouseKeeper [HikariPool-1 housekeeper]  HikariPool-1 - Thread starvation or clock leap detected (housekeeper delta=24m26s342ms355µs300ns).
2023-03-13 12:21:29,380 WARN com.zaxxer.hikari.pool.HikariPool$HouseKeeper [HikariPool-1 housekeeper]  HikariPool-1 - Thread starvation or clock leap detected (housekeeper delta=37m11s145ms966µs900ns).
2023-03-13 12:31:15,098 INFO org.springframework.orm.jpa.AbstractEntityManagerFactoryBean [SpringApplicationShutdownHook]  Closing JPA EntityManagerFactory for persistence unit 'default'
2023-03-13 12:31:15,104 INFO com.zaxxer.hikari.HikariDataSource [SpringApplicationShutdownHook]  HikariPool-1 - Shutdown initiated...
2023-03-13 12:31:15,113 INFO com.zaxxer.hikari.HikariDataSource [SpringApplicationShutdownHook]  HikariPool-1 - Shutdown completed.
2023-03-13 12:31:20,143 INFO org.springframework.boot.StartupInfoLogger [restartedMain]  Starting UtilityServiceApplication using Java 11.0.17 on R50000273B with PID 3352 (D:\RedDot Projects\utility-service\target\classes started by fahim.akber in D:\RedDot Projects\utility-service)
2023-03-13 12:31:20,145 INFO org.springframework.boot.SpringApplication [restartedMain]  The following 1 profile is active: "dev"
2023-03-13 12:31:20,192 INFO org.springframework.boot.logging.DeferredLog [restartedMain]  Devtools property defaults active! Set 'spring.devtools.add-properties' to 'false' to disable
2023-03-13 12:31:20,193 INFO org.springframework.boot.logging.DeferredLog [restartedMain]  For additional web related logging consider setting the 'logging.level.web' property to 'DEBUG'
2023-03-13 12:31:20,755 INFO org.springframework.data.repository.config.RepositoryConfigurationDelegate [restartedMain]  Multiple Spring Data modules found, entering strict repository configuration mode
2023-03-13 12:31:20,756 INFO org.springframework.data.repository.config.RepositoryConfigurationDelegate [restartedMain]  Bootstrapping Spring Data JPA repositories in DEFAULT mode.
2023-03-13 12:31:20,828 INFO org.springframework.data.repository.config.RepositoryConfigurationDelegate [restartedMain]  Finished Spring Data repository scanning in 67 ms. Found 2 JPA repository interfaces.
2023-03-13 12:31:20,839 INFO org.springframework.data.repository.config.RepositoryConfigurationDelegate [restartedMain]  Multiple Spring Data modules found, entering strict repository configuration mode
2023-03-13 12:31:20,840 INFO org.springframework.data.repository.config.RepositoryConfigurationDelegate [restartedMain]  Bootstrapping Spring Data Redis repositories in DEFAULT mode.
2023-03-13 12:31:20,861 INFO org.springframework.data.repository.config.RepositoryConfigurationExtensionSupport [restartedMain]  Spring Data Redis - Could not safely identify store assignment for repository candidate interface com.reddot.utilityservice.common.repository.TransactionRepository; If you want this repository to be a Redis repository, consider annotating your entities with one of these annotations: org.springframework.data.redis.core.RedisHash (preferred), or consider extending one of the following types with your repository: org.springframework.data.keyvalue.repository.KeyValueRepository
2023-03-13 12:31:20,862 INFO org.springframework.data.repository.config.RepositoryConfigurationExtensionSupport [restartedMain]  Spring Data Redis - Could not safely identify store assignment for repository candidate interface com.reddot.utilityservice.features.desco.postpaid.repository.DescoPostpaidRepository; If you want this repository to be a Redis repository, consider annotating your entities with one of these annotations: org.springframework.data.redis.core.RedisHash (preferred), or consider extending one of the following types with your repository: org.springframework.data.keyvalue.repository.KeyValueRepository
2023-03-13 12:31:20,862 INFO org.springframework.data.repository.config.RepositoryConfigurationDelegate [restartedMain]  Finished Spring Data repository scanning in 14 ms. Found 0 Redis repository interfaces.
2023-03-13 12:31:21,320 INFO org.springframework.boot.web.embedded.tomcat.TomcatWebServer [restartedMain]  Tomcat initialized with port(s): 8080 (http)
2023-03-13 12:31:21,327 INFO org.apache.juli.logging.DirectJDKLog [restartedMain]  Initializing ProtocolHandler ["http-nio-8080"]
2023-03-13 12:31:21,328 INFO org.apache.juli.logging.DirectJDKLog [restartedMain]  Starting service [Tomcat]
2023-03-13 12:31:21,328 INFO org.apache.juli.logging.DirectJDKLog [restartedMain]  Starting Servlet engine: [Apache Tomcat/9.0.70]
2023-03-13 12:31:21,399 INFO org.apache.juli.logging.DirectJDKLog [restartedMain]  Initializing Spring embedded WebApplicationContext
2023-03-13 12:31:21,399 INFO org.springframework.boot.web.servlet.context.ServletWebServerApplicationContext [restartedMain]  Root WebApplicationContext: initialization completed in 1206 ms
2023-03-13 12:31:21,514 INFO org.hibernate.jpa.internal.util.LogHelper [restartedMain]  HHH000204: Processing PersistenceUnitInfo [name: default]
2023-03-13 12:31:21,549 INFO org.hibernate.Version [restartedMain]  HHH000412: Hibernate ORM core version 5.6.14.Final
2023-03-13 12:31:21,643 INFO org.hibernate.annotations.common.reflection.java.JavaReflectionManager [restartedMain]  HCANN000001: Hibernate Commons Annotations {5.1.2.Final}
2023-03-13 12:31:21,703 WARN com.zaxxer.hikari.HikariConfig [restartedMain]  HikariPool-1 - maxLifetime is less than 30000ms, setting to default 1800000ms.
2023-03-13 12:31:21,704 INFO com.zaxxer.hikari.HikariDataSource [restartedMain]  HikariPool-1 - Starting...
2023-03-13 12:31:21,959 INFO com.zaxxer.hikari.HikariDataSource [restartedMain]  HikariPool-1 - Start completed.
2023-03-13 12:31:21,968 INFO org.hibernate.dialect.Dialect [restartedMain]  HHH000400: Using dialect: org.hibernate.dialect.MySQL8Dialect
2023-03-13 12:31:22,417 INFO org.hibernate.engine.transaction.jta.platform.internal.JtaPlatformInitiator [restartedMain]  HHH000490: Using JtaPlatform implementation: [org.hibernate.engine.transaction.jta.platform.internal.NoJtaPlatform]
2023-03-13 12:31:22,423 INFO org.springframework.orm.jpa.AbstractEntityManagerFactoryBean [restartedMain]  Initialized JPA EntityManagerFactory for persistence unit 'default'
2023-03-13 12:31:23,260 WARN org.springframework.boot.autoconfigure.orm.jpa.JpaBaseConfiguration$JpaWebConfiguration [restartedMain]  spring.jpa.open-in-view is enabled by default. Therefore, database queries may be performed during view rendering. Explicitly configure spring.jpa.open-in-view to disable this warning
2023-03-13 12:31:23,576 INFO org.springframework.boot.devtools.autoconfigure.OptionalLiveReloadServer [restartedMain]  LiveReload server is running on port 35729
2023-03-13 12:31:23,589 INFO org.apache.juli.logging.DirectJDKLog [restartedMain]  Starting ProtocolHandler ["http-nio-8080"]
2023-03-13 12:31:23,598 INFO org.springframework.boot.web.embedded.tomcat.TomcatWebServer [restartedMain]  Tomcat started on port(s): 8080 (http) with context path ''
2023-03-13 12:31:23,609 INFO org.springframework.boot.StartupInfoLogger [restartedMain]  Started UtilityServiceApplication in 3.984 seconds (JVM running for 4.859)
2023-03-13 12:31:30,556 INFO org.apache.juli.logging.DirectJDKLog [http-nio-8080-exec-1]  Initializing Spring DispatcherServlet 'dispatcherServlet'
2023-03-13 12:31:30,558 INFO org.springframework.web.servlet.FrameworkServlet [http-nio-8080-exec-1]  Initializing Servlet 'dispatcherServlet'
2023-03-13 12:31:30,559 INFO org.springframework.web.servlet.FrameworkServlet [http-nio-8080-exec-1]  Completed initialization in 1 ms
2023-03-13 12:32:19,668 INFO org.springframework.orm.jpa.AbstractEntityManagerFactoryBean [SpringApplicationShutdownHook]  Closing JPA EntityManagerFactory for persistence unit 'default'
2023-03-13 12:32:19,672 INFO com.zaxxer.hikari.HikariDataSource [SpringApplicationShutdownHook]  HikariPool-1 - Shutdown initiated...
2023-03-13 12:32:19,693 INFO com.zaxxer.hikari.HikariDataSource [SpringApplicationShutdownHook]  HikariPool-1 - Shutdown completed.
2023-03-13 12:32:27,160 INFO org.springframework.boot.StartupInfoLogger [restartedMain]  Starting UtilityServiceApplication using Java 11.0.17 on R50000273B with PID 26344 (D:\RedDot Projects\utility-service\target\classes started by fahim.akber in D:\RedDot Projects\utility-service)
2023-03-13 12:32:27,162 INFO org.springframework.boot.SpringApplication [restartedMain]  The following 1 profile is active: "dev"
2023-03-13 12:32:27,194 INFO org.springframework.boot.logging.DeferredLog [restartedMain]  Devtools property defaults active! Set 'spring.devtools.add-properties' to 'false' to disable
2023-03-13 12:32:27,195 INFO org.springframework.boot.logging.DeferredLog [restartedMain]  For additional web related logging consider setting the 'logging.level.web' property to 'DEBUG'
2023-03-13 12:32:27,797 INFO org.springframework.data.repository.config.RepositoryConfigurationDelegate [restartedMain]  Multiple Spring Data modules found, entering strict repository configuration mode
2023-03-13 12:32:27,798 INFO org.springframework.data.repository.config.RepositoryConfigurationDelegate [restartedMain]  Bootstrapping Spring Data JPA repositories in DEFAULT mode.
2023-03-13 12:32:27,878 INFO org.springframework.data.repository.config.RepositoryConfigurationDelegate [restartedMain]  Finished Spring Data repository scanning in 74 ms. Found 2 JPA repository interfaces.
2023-03-13 12:32:27,891 INFO org.springframework.data.repository.config.RepositoryConfigurationDelegate [restartedMain]  Multiple Spring Data modules found, entering strict repository configuration mode
2023-03-13 12:32:27,892 INFO org.springframework.data.repository.config.RepositoryConfigurationDelegate [restartedMain]  Bootstrapping Spring Data Redis repositories in DEFAULT mode.
2023-03-13 12:32:27,912 INFO org.springframework.data.repository.config.RepositoryConfigurationExtensionSupport [restartedMain]  Spring Data Redis - Could not safely identify store assignment for repository candidate interface com.reddot.utilityservice.common.repository.TransactionRepository; If you want this repository to be a Redis repository, consider annotating your entities with one of these annotations: org.springframework.data.redis.core.RedisHash (preferred), or consider extending one of the following types with your repository: org.springframework.data.keyvalue.repository.KeyValueRepository
2023-03-13 12:32:27,912 INFO org.springframework.data.repository.config.RepositoryConfigurationExtensionSupport [restartedMain]  Spring Data Redis - Could not safely identify store assignment for repository candidate interface com.reddot.utilityservice.features.desco.postpaid.repository.DescoPostpaidRepository; If you want this repository to be a Redis repository, consider annotating your entities with one of these annotations: org.springframework.data.redis.core.RedisHash (preferred), or consider extending one of the following types with your repository: org.springframework.data.keyvalue.repository.KeyValueRepository
2023-03-13 12:32:27,913 INFO org.springframework.data.repository.config.RepositoryConfigurationDelegate [restartedMain]  Finished Spring Data repository scanning in 15 ms. Found 0 Redis repository interfaces.
2023-03-13 12:32:28,370 INFO org.springframework.boot.web.embedded.tomcat.TomcatWebServer [restartedMain]  Tomcat initialized with port(s): 8080 (http)
2023-03-13 12:32:28,376 INFO org.apache.juli.logging.DirectJDKLog [restartedMain]  Initializing ProtocolHandler ["http-nio-8080"]
2023-03-13 12:32:28,376 INFO org.apache.juli.logging.DirectJDKLog [restartedMain]  Starting service [Tomcat]
2023-03-13 12:32:28,376 INFO org.apache.juli.logging.DirectJDKLog [restartedMain]  Starting Servlet engine: [Apache Tomcat/9.0.70]
2023-03-13 12:32:28,448 INFO org.apache.juli.logging.DirectJDKLog [restartedMain]  Initializing Spring embedded WebApplicationContext
2023-03-13 12:32:28,448 INFO org.springframework.boot.web.servlet.context.ServletWebServerApplicationContext [restartedMain]  Root WebApplicationContext: initialization completed in 1252 ms
2023-03-13 12:32:28,568 INFO org.hibernate.jpa.internal.util.LogHelper [restartedMain]  HHH000204: Processing PersistenceUnitInfo [name: default]
2023-03-13 12:32:28,602 INFO org.hibernate.Version [restartedMain]  HHH000412: Hibernate ORM core version 5.6.14.Final
2023-03-13 12:32:28,691 INFO org.hibernate.annotations.common.reflection.java.JavaReflectionManager [restartedMain]  HCANN000001: Hibernate Commons Annotations {5.1.2.Final}
2023-03-13 12:32:28,750 WARN com.zaxxer.hikari.HikariConfig [restartedMain]  HikariPool-1 - maxLifetime is less than 30000ms, setting to default 1800000ms.
2023-03-13 12:32:28,751 INFO com.zaxxer.hikari.HikariDataSource [restartedMain]  HikariPool-1 - Starting...
2023-03-13 12:32:28,937 INFO com.zaxxer.hikari.HikariDataSource [restartedMain]  HikariPool-1 - Start completed.
2023-03-13 12:32:28,946 INFO org.hibernate.dialect.Dialect [restartedMain]  HHH000400: Using dialect: org.hibernate.dialect.MySQL8Dialect
2023-03-13 12:32:29,380 INFO org.hibernate.engine.transaction.jta.platform.internal.JtaPlatformInitiator [restartedMain]  HHH000490: Using JtaPlatform implementation: [org.hibernate.engine.transaction.jta.platform.internal.NoJtaPlatform]
2023-03-13 12:32:29,387 INFO org.springframework.orm.jpa.AbstractEntityManagerFactoryBean [restartedMain]  Initialized JPA EntityManagerFactory for persistence unit 'default'
2023-03-13 12:32:30,226 WARN org.springframework.boot.autoconfigure.orm.jpa.JpaBaseConfiguration$JpaWebConfiguration [restartedMain]  spring.jpa.open-in-view is enabled by default. Therefore, database queries may be performed during view rendering. Explicitly configure spring.jpa.open-in-view to disable this warning
2023-03-13 12:32:30,538 INFO org.springframework.boot.devtools.autoconfigure.OptionalLiveReloadServer [restartedMain]  LiveReload server is running on port 35729
2023-03-13 12:32:30,553 INFO org.apache.juli.logging.DirectJDKLog [restartedMain]  Starting ProtocolHandler ["http-nio-8080"]
2023-03-13 12:32:30,563 INFO org.springframework.boot.web.embedded.tomcat.TomcatWebServer [restartedMain]  Tomcat started on port(s): 8080 (http) with context path ''
2023-03-13 12:32:30,576 INFO org.springframework.boot.StartupInfoLogger [restartedMain]  Started UtilityServiceApplication in 3.762 seconds (JVM running for 6.26)
2023-03-13 12:32:41,771 INFO org.apache.juli.logging.DirectJDKLog [http-nio-8080-exec-3]  Initializing Spring DispatcherServlet 'dispatcherServlet'
2023-03-13 12:32:41,772 INFO org.springframework.web.servlet.FrameworkServlet [http-nio-8080-exec-3]  Initializing Servlet 'dispatcherServlet'
2023-03-13 12:32:41,774 INFO org.springframework.web.servlet.FrameworkServlet [http-nio-8080-exec-3]  Completed initialization in 1 ms
2023-03-13 13:06:46,707 WARN com.zaxxer.hikari.pool.HikariPool$HouseKeeper [HikariPool-1 housekeeper]  HikariPool-1 - Thread starvation or clock leap detected (housekeeper delta=5m17s222ms800µs200ns).
2023-03-13 14:29:14,168 WARN com.zaxxer.hikari.pool.HikariPool$HouseKeeper [HikariPool-1 housekeeper]  HikariPool-1 - Thread starvation or clock leap detected (housekeeper delta=47m56s871ms334µs400ns).
2023-03-13 14:33:49,617 ERROR com.reddot.utilityservice.configuration.HttpLoggingFilter [http-nio-8080-exec-6] 05e162af-2b1f-4971-a840-5b087a3096cd null
2023-03-13 14:42:21,766 ERROR com.reddot.utilityservice.configuration.HttpLoggingFilter [http-nio-8080-exec-9] 5e7a5e51-2bdd-4cff-a7d5-4de69f380fa9 null
2023-03-13 14:43:04,553 WARN com.zaxxer.hikari.pool.HikariPool$HouseKeeper [HikariPool-1 housekeeper]  HikariPool-1 - Thread starvation or clock leap detected (housekeeper delta=50s171ms222µs400ns).
2023-03-13 14:43:39,472 ERROR com.reddot.utilityservice.configuration.HttpLoggingFilter [http-nio-8080-exec-10] b787cced-0b1a-4b0a-9d4d-423adf2e2606 null
2023-03-13 14:44:23,817 WARN com.zaxxer.hikari.pool.HikariPool$HouseKeeper [HikariPool-1 housekeeper]  HikariPool-1 - Thread starvation or clock leap detected (housekeeper delta=45s8ms328µs400ns).
2023-03-13 14:50:30,509 WARN com.zaxxer.hikari.pool.HikariPool$HouseKeeper [HikariPool-1 housekeeper]  HikariPool-1 - Thread starvation or clock leap detected (housekeeper delta=6m6s691ms525µs600ns).
2023-03-13 14:50:31,093 ERROR com.reddot.utilityservice.configuration.HttpLoggingFilter [http-nio-8080-exec-1] 29e395d7-eda2-4d97-a6e3-1d0d8b2d4965 null
2023-03-13 14:58:22,913 WARN org.springframework.web.servlet.handler.AbstractHandlerExceptionResolver [http-nio-8080-exec-4] 748bf58e-2bc5-4400-9709-b6b12ba4e060 Resolved [com.reddot.utilityservice.custom_exceptions.ApplicationException]
2023-03-13 14:58:40,849 WARN org.springframework.web.servlet.handler.AbstractHandlerExceptionResolver [http-nio-8080-exec-6] 7f4c9de0-21ed-449a-ae85-bba21bb83d16 Resolved [com.reddot.utilityservice.custom_exceptions.ApplicationException]
2023-03-13 14:59:12,788 WARN org.springframework.web.servlet.handler.AbstractHandlerExceptionResolver [http-nio-8080-exec-8] e458627b-a52a-4cf2-85e7-5f2d5afce92a Resolved [com.reddot.utilityservice.custom_exceptions.ApplicationException]
2023-03-13 15:00:04,919 WARN com.zaxxer.hikari.pool.HikariPool$HouseKeeper [HikariPool-1 housekeeper]  HikariPool-1 - Thread starvation or clock leap detected (housekeeper delta=1m4s258ms815µs200ns).
2023-03-13 15:00:46,855 WARN org.springframework.web.servlet.handler.AbstractHandlerExceptionResolver [http-nio-8080-exec-9] c9711152-84ca-473c-a49f-81eb2ea27718 Resolved [com.reddot.utilityservice.custom_exceptions.ApplicationException]
2023-03-13 15:00:56,050 ERROR com.reddot.utilityservice.configuration.HttpLoggingFilter [http-nio-8080-exec-3] a356156d-cd47-4cf6-b920-2dd7d7a67f67 null
2023-03-13 15:01:23,098 ERROR com.reddot.utilityservice.configuration.HttpLoggingFilter [http-nio-8080-exec-2] 1728a6c3-9876-4eaa-a993-77189101ce16 null
2023-03-13 15:01:45,207 ERROR com.reddot.utilityservice.configuration.HttpLoggingFilter [http-nio-8080-exec-4] 2c5f505f-c493-473f-9b42-86812d45ba88 null
2023-03-13 15:02:38,228 WARN com.zaxxer.hikari.pool.HikariPool$HouseKeeper [HikariPool-1 housekeeper]  HikariPool-1 - Thread starvation or clock leap detected (housekeeper delta=51s785ms804µs).
2023-03-13 15:02:38,230 ERROR com.reddot.utilityservice.configuration.HttpLoggingFilter [http-nio-8080-exec-5] 20b8ade7-c2e6-4c1b-a0d3-0078b3dbc827 null
2023-03-13 15:04:14,987 WARN com.zaxxer.hikari.pool.HikariPool$HouseKeeper [HikariPool-1 housekeeper]  HikariPool-1 - Thread starvation or clock leap detected (housekeeper delta=1m3s858ms99µs200ns).
2023-03-13 15:04:15,440 WARN org.springframework.web.servlet.handler.AbstractHandlerExceptionResolver [http-nio-8080-exec-6] 045fd1f0-6b92-47d1-ad15-c0156bf45d2b Resolved [com.reddot.utilityservice.custom_exceptions.ApplicationException]
2023-03-13 15:04:30,482 WARN org.springframework.web.servlet.handler.AbstractHandlerExceptionResolver [http-nio-8080-exec-8] 1821ae36-27ef-4de6-889d-72e6e30387b7 Resolved [com.reddot.utilityservice.custom_exceptions.ApplicationException]
2023-03-13 15:04:35,655 WARN org.springframework.web.servlet.handler.AbstractHandlerExceptionResolver [http-nio-8080-exec-9] 13ec5b80-eecc-4a28-95af-78845e6997b5 Resolved [com.reddot.utilityservice.custom_exceptions.ApplicationException]
2023-03-13 15:09:32,771 ERROR com.reddot.utilityservice.configuration.HttpLoggingFilter [http-nio-8080-exec-7] 05a00413-08ac-4088-aaee-dd61a6dfb9c5 null
2023-03-13 15:10:01,720 WARN com.zaxxer.hikari.pool.HikariPool$HouseKeeper [HikariPool-1 housekeeper]  HikariPool-1 - Thread starvation or clock leap detected (housekeeper delta=46s637ms601µs900ns).
2023-03-13 15:10:01,725 ERROR com.reddot.utilityservice.configuration.HttpLoggingFilter [http-nio-8080-exec-8] dd395a71-f2e7-4cfc-baac-c31094cfa5f2 null
2023-03-13 15:10:35,433 WARN org.springframework.web.servlet.handler.AbstractHandlerExceptionResolver [http-nio-8080-exec-10] d0c67312-1f4e-4468-90c7-4916d178113d Resolved [com.reddot.utilityservice.custom_exceptions.ApplicationException]
2023-03-13 15:52:26,980 WARN com.zaxxer.hikari.pool.HikariPool$HouseKeeper [HikariPool-1 housekeeper]  HikariPool-1 - Thread starvation or clock leap detected (housekeeper delta=40m40s873ms133µs100ns).
2023-03-13 15:52:28,139 WARN org.springframework.web.servlet.handler.AbstractHandlerExceptionResolver [http-nio-8080-exec-3] 8be70912-da15-4571-97ff-480977ffdc22 Resolved [com.reddot.utilityservice.custom_exceptions.ApplicationException]
2023-03-13 15:52:28,477 INFO org.springframework.boot.devtools.autoconfigure.LocalDevToolsAutoConfiguration$RestartingClassPathChangeChangedEventListener [File Watcher]  Restarting due to 94 class path changes (2 additions, 3 deletions, 89 modifications)
2023-03-13 15:52:28,610 INFO org.apache.juli.logging.DirectJDKLog [Thread-6]  Pausing ProtocolHandler ["http-nio-8080"]
2023-03-13 15:52:28,610 INFO org.apache.juli.logging.DirectJDKLog [Thread-6]  Stopping service [Tomcat]
2023-03-13 15:52:28,614 INFO org.apache.juli.logging.DirectJDKLog [Thread-6]  Destroying Spring FrameworkServlet 'dispatcherServlet'
2023-03-13 15:52:28,624 INFO org.apache.juli.logging.DirectJDKLog [Thread-6]  Stopping ProtocolHandler ["http-nio-8080"]
2023-03-13 15:52:28,628 INFO org.apache.juli.logging.DirectJDKLog [Thread-6]  Destroying ProtocolHandler ["http-nio-8080"]
2023-03-13 15:52:30,848 INFO org.springframework.orm.jpa.AbstractEntityManagerFactoryBean [Thread-6]  Closing JPA EntityManagerFactory for persistence unit 'default'
2023-03-13 15:52:30,861 INFO com.zaxxer.hikari.HikariDataSource [Thread-6]  HikariPool-1 - Shutdown initiated...
2023-03-13 15:52:30,879 INFO com.zaxxer.hikari.HikariDataSource [Thread-6]  HikariPool-1 - Shutdown completed.
2023-03-13 15:52:31,046 INFO org.springframework.boot.StartupInfoLogger [restartedMain]  Starting UtilityServiceApplication using Java 11.0.17 on R50000273B with PID 26344 (D:\RedDot Projects\utility-service\target\classes started by fahim.akber in D:\RedDot Projects\utility-service)
2023-03-13 15:52:31,047 INFO org.springframework.boot.SpringApplication [restartedMain]  The following 1 profile is active: "dev"
2023-03-13 15:52:31,294 INFO org.springframework.data.repository.config.RepositoryConfigurationDelegate [restartedMain]  Multiple Spring Data modules found, entering strict repository configuration mode
2023-03-13 15:52:31,295 INFO org.springframework.data.repository.config.RepositoryConfigurationDelegate [restartedMain]  Bootstrapping Spring Data JPA repositories in DEFAULT mode.
2023-03-13 15:52:31,324 INFO org.springframework.data.repository.config.RepositoryConfigurationDelegate [restartedMain]  Finished Spring Data repository scanning in 29 ms. Found 2 JPA repository interfaces.
2023-03-13 15:52:31,328 INFO org.springframework.data.repository.config.RepositoryConfigurationDelegate [restartedMain]  Multiple Spring Data modules found, entering strict repository configuration mode
2023-03-13 15:52:31,328 INFO org.springframework.data.repository.config.RepositoryConfigurationDelegate [restartedMain]  Bootstrapping Spring Data Redis repositories in DEFAULT mode.
2023-03-13 15:52:31,338 INFO org.springframework.data.repository.config.RepositoryConfigurationExtensionSupport [restartedMain]  Spring Data Redis - Could not safely identify store assignment for repository candidate interface com.reddot.utilityservice.common.repository.TransactionRepository; If you want this repository to be a Redis repository, consider annotating your entities with one of these annotations: org.springframework.data.redis.core.RedisHash (preferred), or consider extending one of the following types with your repository: org.springframework.data.keyvalue.repository.KeyValueRepository
2023-03-13 15:52:31,338 INFO org.springframework.data.repository.config.RepositoryConfigurationExtensionSupport [restartedMain]  Spring Data Redis - Could not safely identify store assignment for repository candidate interface com.reddot.utilityservice.features.desco.postpaid.repository.DescoPostpaidRepository; If you want this repository to be a Redis repository, consider annotating your entities with one of these annotations: org.springframework.data.redis.core.RedisHash (preferred), or consider extending one of the following types with your repository: org.springframework.data.keyvalue.repository.KeyValueRepository
2023-03-13 15:52:31,338 INFO org.springframework.data.repository.config.RepositoryConfigurationDelegate [restartedMain]  Finished Spring Data repository scanning in 9 ms. Found 0 Redis repository interfaces.
2023-03-13 15:52:31,428 INFO org.springframework.boot.web.embedded.tomcat.TomcatWebServer [restartedMain]  Tomcat initialized with port(s): 8080 (http)
2023-03-13 15:52:31,429 INFO org.apache.juli.logging.DirectJDKLog [restartedMain]  Initializing ProtocolHandler ["http-nio-8080"]
2023-03-13 15:52:31,429 INFO org.apache.juli.logging.DirectJDKLog [restartedMain]  Starting service [Tomcat]
2023-03-13 15:52:31,429 INFO org.apache.juli.logging.DirectJDKLog [restartedMain]  Starting Servlet engine: [Apache Tomcat/9.0.70]
2023-03-13 15:52:31,453 INFO org.apache.juli.logging.DirectJDKLog [restartedMain]  Initializing Spring embedded WebApplicationContext
2023-03-13 15:52:31,453 INFO org.springframework.boot.web.servlet.context.ServletWebServerApplicationContext [restartedMain]  Root WebApplicationContext: initialization completed in 404 ms
2023-03-13 15:52:31,498 INFO org.hibernate.jpa.internal.util.LogHelper [restartedMain]  HHH000204: Processing PersistenceUnitInfo [name: default]
2023-03-13 15:52:31,504 WARN com.zaxxer.hikari.HikariConfig [restartedMain]  HikariPool-2 - maxLifetime is less than 30000ms, setting to default 1800000ms.
2023-03-13 15:52:31,504 INFO com.zaxxer.hikari.HikariDataSource [restartedMain]  HikariPool-2 - Starting...
2023-03-13 15:52:32,530 ERROR com.zaxxer.hikari.pool.HikariPool [restartedMain]  HikariPool-2 - Exception during pool initialization.
java.sql.SQLException: Access denied for user 'root'@'localhost' (using password: YES)
	at com.mysql.cj.jdbc.exceptions.SQLError.createSQLException(SQLError.java:129)
	at com.mysql.cj.jdbc.exceptions.SQLExceptionsMapping.translateException(SQLExceptionsMapping.java:122)
	at com.mysql.cj.jdbc.ConnectionImpl.createNewIO(ConnectionImpl.java:828)
	at com.mysql.cj.jdbc.ConnectionImpl.<init>(ConnectionImpl.java:448)
	at com.mysql.cj.jdbc.ConnectionImpl.getInstance(ConnectionImpl.java:241)
	at com.mysql.cj.jdbc.NonRegisteringDriver.connect(NonRegisteringDriver.java:198)
	at com.zaxxer.hikari.util.DriverDataSource.getConnection(DriverDataSource.java:138)
	at com.zaxxer.hikari.pool.PoolBase.newConnection(PoolBase.java:364)
	at com.zaxxer.hikari.pool.PoolBase.newPoolEntry(PoolBase.java:206)
	at com.zaxxer.hikari.pool.HikariPool.createPoolEntry(HikariPool.java:476)
	at com.zaxxer.hikari.pool.HikariPool.checkFailFast(HikariPool.java:561)
	at com.zaxxer.hikari.pool.HikariPool.<init>(HikariPool.java:115)
	at com.zaxxer.hikari.HikariDataSource.getConnection(HikariDataSource.java:112)
	at org.hibernate.engine.jdbc.connections.internal.DatasourceConnectionProviderImpl.getConnection(DatasourceConnectionProviderImpl.java:122)
	at org.hibernate.engine.jdbc.env.internal.JdbcEnvironmentInitiator$ConnectionProviderJdbcConnectionAccess.obtainConnection(JdbcEnvironmentInitiator.java:181)
	at org.hibernate.engine.jdbc.env.internal.JdbcEnvironmentInitiator.initiateService(JdbcEnvironmentInitiator.java:68)
	at org.hibernate.engine.jdbc.env.internal.JdbcEnvironmentInitiator.initiateService(JdbcEnvironmentInitiator.java:35)
	at org.hibernate.boot.registry.internal.StandardServiceRegistryImpl.initiateService(StandardServiceRegistryImpl.java:101)
	at org.hibernate.service.internal.AbstractServiceRegistryImpl.createService(AbstractServiceRegistryImpl.java:263)
	at org.hibernate.service.internal.AbstractServiceRegistryImpl.initializeService(AbstractServiceRegistryImpl.java:237)
	at org.hibernate.service.internal.AbstractServiceRegistryImpl.getService(AbstractServiceRegistryImpl.java:214)
	at org.hibernate.id.factory.internal.DefaultIdentifierGeneratorFactory.injectServices(DefaultIdentifierGeneratorFactory.java:175)
	at org.hibernate.service.internal.AbstractServiceRegistryImpl.injectDependencies(AbstractServiceRegistryImpl.java:286)
	at org.hibernate.service.internal.AbstractServiceRegistryImpl.initializeService(AbstractServiceRegistryImpl.java:243)
	at org.hibernate.service.internal.AbstractServiceRegistryImpl.getService(AbstractServiceRegistryImpl.java:214)
	at org.hibernate.boot.internal.InFlightMetadataCollectorImpl.<init>(InFlightMetadataCollectorImpl.java:173)
	at org.hibernate.boot.model.process.spi.MetadataBuildingProcess.complete(MetadataBuildingProcess.java:127)
	at org.hibernate.jpa.boot.internal.EntityManagerFactoryBuilderImpl.metadata(EntityManagerFactoryBuilderImpl.java:1460)
	at org.hibernate.jpa.boot.internal.EntityManagerFactoryBuilderImpl.build(EntityManagerFactoryBuilderImpl.java:1494)
	at org.springframework.orm.jpa.vendor.SpringHibernateJpaPersistenceProvider.createContainerEntityManagerFactory(SpringHibernateJpaPersistenceProvider.java:58)
	at org.springframework.orm.jpa.LocalContainerEntityManagerFactoryBean.createNativeEntityManagerFactory(LocalContainerEntityManagerFactoryBean.java:365)
	at org.springframework.orm.jpa.AbstractEntityManagerFactoryBean.buildNativeEntityManagerFactory(AbstractEntityManagerFactoryBean.java:409)
	at org.springframework.orm.jpa.AbstractEntityManagerFactoryBean.afterPropertiesSet(AbstractEntityManagerFactoryBean.java:396)
	at org.springframework.orm.jpa.LocalContainerEntityManagerFactoryBean.afterPropertiesSet(LocalContainerEntityManagerFactoryBean.java:341)
	at org.springframework.beans.factory.support.AbstractAutowireCapableBeanFactory.invokeInitMethods(AbstractAutowireCapableBeanFactory.java:1863)
	at org.springframework.beans.factory.support.AbstractAutowireCapableBeanFactory.initializeBean(AbstractAutowireCapableBeanFactory.java:1800)
	at org.springframework.beans.factory.support.AbstractAutowireCapableBeanFactory.doCreateBean(AbstractAutowireCapableBeanFactory.java:620)
	at org.springframework.beans.factory.support.AbstractAutowireCapableBeanFactory.createBean(AbstractAutowireCapableBeanFactory.java:542)
	at org.springframework.beans.factory.support.AbstractBeanFactory.lambda$doGetBean$0(AbstractBeanFactory.java:335)
	at org.springframework.beans.factory.support.DefaultSingletonBeanRegistry.getSingleton(DefaultSingletonBeanRegistry.java:234)
	at org.springframework.beans.factory.support.AbstractBeanFactory.doGetBean(AbstractBeanFactory.java:333)
	at org.springframework.beans.factory.support.AbstractBeanFactory.getBean(AbstractBeanFactory.java:208)
	at org.springframework.context.support.AbstractApplicationContext.getBean(AbstractApplicationContext.java:1154)
	at org.springframework.context.support.AbstractApplicationContext.finishBeanFactoryInitialization(AbstractApplicationContext.java:908)
	at org.springframework.context.support.AbstractApplicationContext.refresh(AbstractApplicationContext.java:583)
	at org.springframework.boot.web.servlet.context.ServletWebServerApplicationContext.refresh(ServletWebServerApplicationContext.java:147)
	at org.springframework.boot.SpringApplication.refresh(SpringApplication.java:731)
	at org.springframework.boot.SpringApplication.refreshContext(SpringApplication.java:408)
	at org.springframework.boot.SpringApplication.run(SpringApplication.java:307)
	at org.springframework.boot.SpringApplication.run(SpringApplication.java:1303)
	at org.springframework.boot.SpringApplication.run(SpringApplication.java:1292)
	at com.reddot.utilityservice.UtilityServiceApplication.main(UtilityServiceApplication.java:11)
	at java.base/jdk.internal.reflect.NativeMethodAccessorImpl.invoke0(Native Method)
	at java.base/jdk.internal.reflect.NativeMethodAccessorImpl.invoke(NativeMethodAccessorImpl.java:62)
	at java.base/jdk.internal.reflect.DelegatingMethodAccessorImpl.invoke(DelegatingMethodAccessorImpl.java:43)
	at java.base/java.lang.reflect.Method.invoke(Method.java:566)
	at org.springframework.boot.devtools.restart.RestartLauncher.run(RestartLauncher.java:49)
2023-03-13 15:52:32,532 WARN org.hibernate.engine.jdbc.env.internal.JdbcEnvironmentInitiator [restartedMain]  HHH000342: Could not obtain connection to query metadata
java.sql.SQLException: Access denied for user 'root'@'localhost' (using password: YES)
	at com.mysql.cj.jdbc.exceptions.SQLError.createSQLException(SQLError.java:129)
	at com.mysql.cj.jdbc.exceptions.SQLExceptionsMapping.translateException(SQLExceptionsMapping.java:122)
	at com.mysql.cj.jdbc.ConnectionImpl.createNewIO(ConnectionImpl.java:828)
	at com.mysql.cj.jdbc.ConnectionImpl.<init>(ConnectionImpl.java:448)
	at com.mysql.cj.jdbc.ConnectionImpl.getInstance(ConnectionImpl.java:241)
	at com.mysql.cj.jdbc.NonRegisteringDriver.connect(NonRegisteringDriver.java:198)
	at com.zaxxer.hikari.util.DriverDataSource.getConnection(DriverDataSource.java:138)
	at com.zaxxer.hikari.pool.PoolBase.newConnection(PoolBase.java:364)
	at com.zaxxer.hikari.pool.PoolBase.newPoolEntry(PoolBase.java:206)
	at com.zaxxer.hikari.pool.HikariPool.createPoolEntry(HikariPool.java:476)
	at com.zaxxer.hikari.pool.HikariPool.checkFailFast(HikariPool.java:561)
	at com.zaxxer.hikari.pool.HikariPool.<init>(HikariPool.java:115)
	at com.zaxxer.hikari.HikariDataSource.getConnection(HikariDataSource.java:112)
	at org.hibernate.engine.jdbc.connections.internal.DatasourceConnectionProviderImpl.getConnection(DatasourceConnectionProviderImpl.java:122)
	at org.hibernate.engine.jdbc.env.internal.JdbcEnvironmentInitiator$ConnectionProviderJdbcConnectionAccess.obtainConnection(JdbcEnvironmentInitiator.java:181)
	at org.hibernate.engine.jdbc.env.internal.JdbcEnvironmentInitiator.initiateService(JdbcEnvironmentInitiator.java:68)
	at org.hibernate.engine.jdbc.env.internal.JdbcEnvironmentInitiator.initiateService(JdbcEnvironmentInitiator.java:35)
	at org.hibernate.boot.registry.internal.StandardServiceRegistryImpl.initiateService(StandardServiceRegistryImpl.java:101)
	at org.hibernate.service.internal.AbstractServiceRegistryImpl.createService(AbstractServiceRegistryImpl.java:263)
	at org.hibernate.service.internal.AbstractServiceRegistryImpl.initializeService(AbstractServiceRegistryImpl.java:237)
	at org.hibernate.service.internal.AbstractServiceRegistryImpl.getService(AbstractServiceRegistryImpl.java:214)
	at org.hibernate.id.factory.internal.DefaultIdentifierGeneratorFactory.injectServices(DefaultIdentifierGeneratorFactory.java:175)
	at org.hibernate.service.internal.AbstractServiceRegistryImpl.injectDependencies(AbstractServiceRegistryImpl.java:286)
	at org.hibernate.service.internal.AbstractServiceRegistryImpl.initializeService(AbstractServiceRegistryImpl.java:243)
	at org.hibernate.service.internal.AbstractServiceRegistryImpl.getService(AbstractServiceRegistryImpl.java:214)
	at org.hibernate.boot.internal.InFlightMetadataCollectorImpl.<init>(InFlightMetadataCollectorImpl.java:173)
	at org.hibernate.boot.model.process.spi.MetadataBuildingProcess.complete(MetadataBuildingProcess.java:127)
	at org.hibernate.jpa.boot.internal.EntityManagerFactoryBuilderImpl.metadata(EntityManagerFactoryBuilderImpl.java:1460)
	at org.hibernate.jpa.boot.internal.EntityManagerFactoryBuilderImpl.build(EntityManagerFactoryBuilderImpl.java:1494)
	at org.springframework.orm.jpa.vendor.SpringHibernateJpaPersistenceProvider.createContainerEntityManagerFactory(SpringHibernateJpaPersistenceProvider.java:58)
	at org.springframework.orm.jpa.LocalContainerEntityManagerFactoryBean.createNativeEntityManagerFactory(LocalContainerEntityManagerFactoryBean.java:365)
	at org.springframework.orm.jpa.AbstractEntityManagerFactoryBean.buildNativeEntityManagerFactory(AbstractEntityManagerFactoryBean.java:409)
	at org.springframework.orm.jpa.AbstractEntityManagerFactoryBean.afterPropertiesSet(AbstractEntityManagerFactoryBean.java:396)
	at org.springframework.orm.jpa.LocalContainerEntityManagerFactoryBean.afterPropertiesSet(LocalContainerEntityManagerFactoryBean.java:341)
	at org.springframework.beans.factory.support.AbstractAutowireCapableBeanFactory.invokeInitMethods(AbstractAutowireCapableBeanFactory.java:1863)
	at org.springframework.beans.factory.support.AbstractAutowireCapableBeanFactory.initializeBean(AbstractAutowireCapableBeanFactory.java:1800)
	at org.springframework.beans.factory.support.AbstractAutowireCapableBeanFactory.doCreateBean(AbstractAutowireCapableBeanFactory.java:620)
	at org.springframework.beans.factory.support.AbstractAutowireCapableBeanFactory.createBean(AbstractAutowireCapableBeanFactory.java:542)
	at org.springframework.beans.factory.support.AbstractBeanFactory.lambda$doGetBean$0(AbstractBeanFactory.java:335)
	at org.springframework.beans.factory.support.DefaultSingletonBeanRegistry.getSingleton(DefaultSingletonBeanRegistry.java:234)
	at org.springframework.beans.factory.support.AbstractBeanFactory.doGetBean(AbstractBeanFactory.java:333)
	at org.springframework.beans.factory.support.AbstractBeanFactory.getBean(AbstractBeanFactory.java:208)
	at org.springframework.context.support.AbstractApplicationContext.getBean(AbstractApplicationContext.java:1154)
	at org.springframework.context.support.AbstractApplicationContext.finishBeanFactoryInitialization(AbstractApplicationContext.java:908)
	at org.springframework.context.support.AbstractApplicationContext.refresh(AbstractApplicationContext.java:583)
	at org.springframework.boot.web.servlet.context.ServletWebServerApplicationContext.refresh(ServletWebServerApplicationContext.java:147)
	at org.springframework.boot.SpringApplication.refresh(SpringApplication.java:731)
	at org.springframework.boot.SpringApplication.refreshContext(SpringApplication.java:408)
	at org.springframework.boot.SpringApplication.run(SpringApplication.java:307)
	at org.springframework.boot.SpringApplication.run(SpringApplication.java:1303)
	at org.springframework.boot.SpringApplication.run(SpringApplication.java:1292)
	at com.reddot.utilityservice.UtilityServiceApplication.main(UtilityServiceApplication.java:11)
	at java.base/jdk.internal.reflect.NativeMethodAccessorImpl.invoke0(Native Method)
	at java.base/jdk.internal.reflect.NativeMethodAccessorImpl.invoke(NativeMethodAccessorImpl.java:62)
	at java.base/jdk.internal.reflect.DelegatingMethodAccessorImpl.invoke(DelegatingMethodAccessorImpl.java:43)
	at java.base/java.lang.reflect.Method.invoke(Method.java:566)
	at org.springframework.boot.devtools.restart.RestartLauncher.run(RestartLauncher.java:49)
2023-03-13 15:52:32,533 INFO org.hibernate.dialect.Dialect [restartedMain]  HHH000400: Using dialect: org.hibernate.dialect.MySQL8Dialect
2023-03-13 15:52:32,582 INFO com.zaxxer.hikari.HikariDataSource [restartedMain]  HikariPool-2 - Starting...
2023-03-13 15:52:33,600 ERROR com.zaxxer.hikari.pool.HikariPool [restartedMain]  HikariPool-2 - Exception during pool initialization.
java.sql.SQLException: Access denied for user 'root'@'localhost' (using password: YES)
	at com.mysql.cj.jdbc.exceptions.SQLError.createSQLException(SQLError.java:129)
	at com.mysql.cj.jdbc.exceptions.SQLExceptionsMapping.translateException(SQLExceptionsMapping.java:122)
	at com.mysql.cj.jdbc.ConnectionImpl.createNewIO(ConnectionImpl.java:828)
	at com.mysql.cj.jdbc.ConnectionImpl.<init>(ConnectionImpl.java:448)
	at com.mysql.cj.jdbc.ConnectionImpl.getInstance(ConnectionImpl.java:241)
	at com.mysql.cj.jdbc.NonRegisteringDriver.connect(NonRegisteringDriver.java:198)
	at com.zaxxer.hikari.util.DriverDataSource.getConnection(DriverDataSource.java:138)
	at com.zaxxer.hikari.pool.PoolBase.newConnection(PoolBase.java:364)
	at com.zaxxer.hikari.pool.PoolBase.newPoolEntry(PoolBase.java:206)
	at com.zaxxer.hikari.pool.HikariPool.createPoolEntry(HikariPool.java:476)
	at com.zaxxer.hikari.pool.HikariPool.checkFailFast(HikariPool.java:561)
	at com.zaxxer.hikari.pool.HikariPool.<init>(HikariPool.java:115)
	at com.zaxxer.hikari.HikariDataSource.getConnection(HikariDataSource.java:112)
	at org.hibernate.engine.jdbc.connections.internal.DatasourceConnectionProviderImpl.getConnection(DatasourceConnectionProviderImpl.java:122)
	at org.hibernate.engine.jdbc.env.internal.JdbcEnvironmentInitiator$ConnectionProviderJdbcConnectionAccess.obtainConnection(JdbcEnvironmentInitiator.java:181)
	at org.hibernate.resource.transaction.backend.jdbc.internal.DdlTransactionIsolatorNonJtaImpl.getIsolatedConnection(DdlTransactionIsolatorNonJtaImpl.java:44)
	at org.hibernate.tool.schema.internal.exec.ImprovedExtractionContextImpl.getJdbcConnection(ImprovedExtractionContextImpl.java:63)
	at org.hibernate.tool.schema.internal.exec.ImprovedExtractionContextImpl.getJdbcDatabaseMetaData(ImprovedExtractionContextImpl.java:70)
	at org.hibernate.tool.schema.extract.internal.InformationExtractorJdbcDatabaseMetaDataImpl.processTableResultSet(InformationExtractorJdbcDatabaseMetaDataImpl.java:64)
	at org.hibernate.tool.schema.extract.internal.AbstractInformationExtractorImpl.getTables(AbstractInformationExtractorImpl.java:565)
	at org.hibernate.tool.schema.extract.internal.DatabaseInformationImpl.getTablesInformation(DatabaseInformationImpl.java:122)
	at org.hibernate.tool.schema.internal.GroupedSchemaMigratorImpl.performTablesMigration(GroupedSchemaMigratorImpl.java:68)
	at org.hibernate.tool.schema.internal.AbstractSchemaMigrator.performMigration(AbstractSchemaMigrator.java:220)
	at org.hibernate.tool.schema.internal.AbstractSchemaMigrator.doMigration(AbstractSchemaMigrator.java:123)
	at org.hibernate.tool.schema.spi.SchemaManagementToolCoordinator.performDatabaseAction(SchemaManagementToolCoordinator.java:196)
	at org.hibernate.tool.schema.spi.SchemaManagementToolCoordinator.process(SchemaManagementToolCoordinator.java:85)
	at org.hibernate.internal.SessionFactoryImpl.<init>(SessionFactoryImpl.java:335)
	at org.hibernate.boot.internal.SessionFactoryBuilderImpl.build(SessionFactoryBuilderImpl.java:471)
	at org.hibernate.jpa.boot.internal.EntityManagerFactoryBuilderImpl.build(EntityManagerFactoryBuilderImpl.java:1498)
	at org.springframework.orm.jpa.vendor.SpringHibernateJpaPersistenceProvider.createContainerEntityManagerFactory(SpringHibernateJpaPersistenceProvider.java:58)
	at org.springframework.orm.jpa.LocalContainerEntityManagerFactoryBean.createNativeEntityManagerFactory(LocalContainerEntityManagerFactoryBean.java:365)
	at org.springframework.orm.jpa.AbstractEntityManagerFactoryBean.buildNativeEntityManagerFactory(AbstractEntityManagerFactoryBean.java:409)
	at org.springframework.orm.jpa.AbstractEntityManagerFactoryBean.afterPropertiesSet(AbstractEntityManagerFactoryBean.java:396)
	at org.springframework.orm.jpa.LocalContainerEntityManagerFactoryBean.afterPropertiesSet(LocalContainerEntityManagerFactoryBean.java:341)
	at org.springframework.beans.factory.support.AbstractAutowireCapableBeanFactory.invokeInitMethods(AbstractAutowireCapableBeanFactory.java:1863)
	at org.springframework.beans.factory.support.AbstractAutowireCapableBeanFactory.initializeBean(AbstractAutowireCapableBeanFactory.java:1800)
	at org.springframework.beans.factory.support.AbstractAutowireCapableBeanFactory.doCreateBean(AbstractAutowireCapableBeanFactory.java:620)
	at org.springframework.beans.factory.support.AbstractAutowireCapableBeanFactory.createBean(AbstractAutowireCapableBeanFactory.java:542)
	at org.springframework.beans.factory.support.AbstractBeanFactory.lambda$doGetBean$0(AbstractBeanFactory.java:335)
	at org.springframework.beans.factory.support.DefaultSingletonBeanRegistry.getSingleton(DefaultSingletonBeanRegistry.java:234)
	at org.springframework.beans.factory.support.AbstractBeanFactory.doGetBean(AbstractBeanFactory.java:333)
	at org.springframework.beans.factory.support.AbstractBeanFactory.getBean(AbstractBeanFactory.java:208)
	at org.springframework.context.support.AbstractApplicationContext.getBean(AbstractApplicationContext.java:1154)
	at org.springframework.context.support.AbstractApplicationContext.finishBeanFactoryInitialization(AbstractApplicationContext.java:908)
	at org.springframework.context.support.AbstractApplicationContext.refresh(AbstractApplicationContext.java:583)
	at org.springframework.boot.web.servlet.context.ServletWebServerApplicationContext.refresh(ServletWebServerApplicationContext.java:147)
	at org.springframework.boot.SpringApplication.refresh(SpringApplication.java:731)
	at org.springframework.boot.SpringApplication.refreshContext(SpringApplication.java:408)
	at org.springframework.boot.SpringApplication.run(SpringApplication.java:307)
	at org.springframework.boot.SpringApplication.run(SpringApplication.java:1303)
	at org.springframework.boot.SpringApplication.run(SpringApplication.java:1292)
	at com.reddot.utilityservice.UtilityServiceApplication.main(UtilityServiceApplication.java:11)
	at java.base/jdk.internal.reflect.NativeMethodAccessorImpl.invoke0(Native Method)
	at java.base/jdk.internal.reflect.NativeMethodAccessorImpl.invoke(NativeMethodAccessorImpl.java:62)
	at java.base/jdk.internal.reflect.DelegatingMethodAccessorImpl.invoke(DelegatingMethodAccessorImpl.java:43)
	at java.base/java.lang.reflect.Method.invoke(Method.java:566)
	at org.springframework.boot.devtools.restart.RestartLauncher.run(RestartLauncher.java:49)
2023-03-13 15:52:33,605 WARN org.hibernate.engine.jdbc.spi.SqlExceptionHelper [restartedMain]  SQL Error: 1045, SQLState: 28000
2023-03-13 15:52:33,605 ERROR org.hibernate.engine.jdbc.spi.SqlExceptionHelper [restartedMain]  Access denied for user 'root'@'localhost' (using password: YES)
2023-03-13 15:52:33,609 ERROR org.springframework.orm.jpa.AbstractEntityManagerFactoryBean [restartedMain]  Failed to initialize JPA EntityManagerFactory: [PersistenceUnit: default] Unable to build Hibernate SessionFactory; nested exception is org.hibernate.exception.GenericJDBCException: Unable to open JDBC Connection for DDL execution
2023-03-13 15:52:33,610 WARN org.springframework.context.support.AbstractApplicationContext [restartedMain]  Exception encountered during context initialization - cancelling refresh attempt: org.springframework.beans.factory.BeanCreationException: Error creating bean with name 'entityManagerFactory' defined in class path resource [org/springframework/boot/autoconfigure/orm/jpa/HibernateJpaConfiguration.class]: Invocation of init method failed; nested exception is javax.persistence.PersistenceException: [PersistenceUnit: default] Unable to build Hibernate SessionFactory; nested exception is org.hibernate.exception.GenericJDBCException: Unable to open JDBC Connection for DDL execution
2023-03-13 15:52:33,610 INFO org.apache.juli.logging.DirectJDKLog [restartedMain]  Stopping service [Tomcat]
2023-03-13 15:52:33,616 INFO org.springframework.boot.autoconfigure.logging.ConditionEvaluationReportLoggingListener [restartedMain]  

Error starting ApplicationContext. To display the conditions report re-run your application with 'debug' enabled.
2023-03-13 15:52:33,639 ERROR org.springframework.boot.SpringApplication [restartedMain]  Application run failed
org.springframework.beans.factory.BeanCreationException: Error creating bean with name 'entityManagerFactory' defined in class path resource [org/springframework/boot/autoconfigure/orm/jpa/HibernateJpaConfiguration.class]: Invocation of init method failed; nested exception is javax.persistence.PersistenceException: [PersistenceUnit: default] Unable to build Hibernate SessionFactory; nested exception is org.hibernate.exception.GenericJDBCException: Unable to open JDBC Connection for DDL execution
	at org.springframework.beans.factory.support.AbstractAutowireCapableBeanFactory.initializeBean(AbstractAutowireCapableBeanFactory.java:1804)
	at org.springframework.beans.factory.support.AbstractAutowireCapableBeanFactory.doCreateBean(AbstractAutowireCapableBeanFactory.java:620)
	at org.springframework.beans.factory.support.AbstractAutowireCapableBeanFactory.createBean(AbstractAutowireCapableBeanFactory.java:542)
	at org.springframework.beans.factory.support.AbstractBeanFactory.lambda$doGetBean$0(AbstractBeanFactory.java:335)
	at org.springframework.beans.factory.support.DefaultSingletonBeanRegistry.getSingleton(DefaultSingletonBeanRegistry.java:234)
	at org.springframework.beans.factory.support.AbstractBeanFactory.doGetBean(AbstractBeanFactory.java:333)
	at org.springframework.beans.factory.support.AbstractBeanFactory.getBean(AbstractBeanFactory.java:208)
	at org.springframework.context.support.AbstractApplicationContext.getBean(AbstractApplicationContext.java:1154)
	at org.springframework.context.support.AbstractApplicationContext.finishBeanFactoryInitialization(AbstractApplicationContext.java:908)
	at org.springframework.context.support.AbstractApplicationContext.refresh(AbstractApplicationContext.java:583)
	at org.springframework.boot.web.servlet.context.ServletWebServerApplicationContext.refresh(ServletWebServerApplicationContext.java:147)
	at org.springframework.boot.SpringApplication.refresh(SpringApplication.java:731)
	at org.springframework.boot.SpringApplication.refreshContext(SpringApplication.java:408)
	at org.springframework.boot.SpringApplication.run(SpringApplication.java:307)
	at org.springframework.boot.SpringApplication.run(SpringApplication.java:1303)
	at org.springframework.boot.SpringApplication.run(SpringApplication.java:1292)
	at com.reddot.utilityservice.UtilityServiceApplication.main(UtilityServiceApplication.java:11)
	at java.base/jdk.internal.reflect.NativeMethodAccessorImpl.invoke0(Native Method)
	at java.base/jdk.internal.reflect.NativeMethodAccessorImpl.invoke(NativeMethodAccessorImpl.java:62)
	at java.base/jdk.internal.reflect.DelegatingMethodAccessorImpl.invoke(DelegatingMethodAccessorImpl.java:43)
	at java.base/java.lang.reflect.Method.invoke(Method.java:566)
	at org.springframework.boot.devtools.restart.RestartLauncher.run(RestartLauncher.java:49)
Caused by: javax.persistence.PersistenceException: [PersistenceUnit: default] Unable to build Hibernate SessionFactory; nested exception is org.hibernate.exception.GenericJDBCException: Unable to open JDBC Connection for DDL execution
	at org.springframework.orm.jpa.AbstractEntityManagerFactoryBean.buildNativeEntityManagerFactory(AbstractEntityManagerFactoryBean.java:421)
	at org.springframework.orm.jpa.AbstractEntityManagerFactoryBean.afterPropertiesSet(AbstractEntityManagerFactoryBean.java:396)
	at org.springframework.orm.jpa.LocalContainerEntityManagerFactoryBean.afterPropertiesSet(LocalContainerEntityManagerFactoryBean.java:341)
	at org.springframework.beans.factory.support.AbstractAutowireCapableBeanFactory.invokeInitMethods(AbstractAutowireCapableBeanFactory.java:1863)
	at org.springframework.beans.factory.support.AbstractAutowireCapableBeanFactory.initializeBean(AbstractAutowireCapableBeanFactory.java:1800)
	... 21 common frames omitted
Caused by: org.hibernate.exception.GenericJDBCException: Unable to open JDBC Connection for DDL execution
	at org.hibernate.exception.internal.StandardSQLExceptionConverter.convert(StandardSQLExceptionConverter.java:42)
	at org.hibernate.engine.jdbc.spi.SqlExceptionHelper.convert(SqlExceptionHelper.java:113)
	at org.hibernate.engine.jdbc.spi.SqlExceptionHelper.convert(SqlExceptionHelper.java:99)
	at org.hibernate.resource.transaction.backend.jdbc.internal.DdlTransactionIsolatorNonJtaImpl.getIsolatedConnection(DdlTransactionIsolatorNonJtaImpl.java:71)
	at org.hibernate.tool.schema.internal.exec.ImprovedExtractionContextImpl.getJdbcConnection(ImprovedExtractionContextImpl.java:63)
	at org.hibernate.tool.schema.internal.exec.ImprovedExtractionContextImpl.getJdbcDatabaseMetaData(ImprovedExtractionContextImpl.java:70)
	at org.hibernate.tool.schema.extract.internal.InformationExtractorJdbcDatabaseMetaDataImpl.processTableResultSet(InformationExtractorJdbcDatabaseMetaDataImpl.java:64)
	at org.hibernate.tool.schema.extract.internal.AbstractInformationExtractorImpl.getTables(AbstractInformationExtractorImpl.java:565)
	at org.hibernate.tool.schema.extract.internal.DatabaseInformationImpl.getTablesInformation(DatabaseInformationImpl.java:122)
	at org.hibernate.tool.schema.internal.GroupedSchemaMigratorImpl.performTablesMigration(GroupedSchemaMigratorImpl.java:68)
	at org.hibernate.tool.schema.internal.AbstractSchemaMigrator.performMigration(AbstractSchemaMigrator.java:220)
	at org.hibernate.tool.schema.internal.AbstractSchemaMigrator.doMigration(AbstractSchemaMigrator.java:123)
	at org.hibernate.tool.schema.spi.SchemaManagementToolCoordinator.performDatabaseAction(SchemaManagementToolCoordinator.java:196)
	at org.hibernate.tool.schema.spi.SchemaManagementToolCoordinator.process(SchemaManagementToolCoordinator.java:85)
	at org.hibernate.internal.SessionFactoryImpl.<init>(SessionFactoryImpl.java:335)
	at org.hibernate.boot.internal.SessionFactoryBuilderImpl.build(SessionFactoryBuilderImpl.java:471)
	at org.hibernate.jpa.boot.internal.EntityManagerFactoryBuilderImpl.build(EntityManagerFactoryBuilderImpl.java:1498)
	at org.springframework.orm.jpa.vendor.SpringHibernateJpaPersistenceProvider.createContainerEntityManagerFactory(SpringHibernateJpaPersistenceProvider.java:58)
	at org.springframework.orm.jpa.LocalContainerEntityManagerFactoryBean.createNativeEntityManagerFactory(LocalContainerEntityManagerFactoryBean.java:365)
	at org.springframework.orm.jpa.AbstractEntityManagerFactoryBean.buildNativeEntityManagerFactory(AbstractEntityManagerFactoryBean.java:409)
	... 25 common frames omitted
Caused by: java.sql.SQLException: Access denied for user 'root'@'localhost' (using password: YES)
	at com.mysql.cj.jdbc.exceptions.SQLError.createSQLException(SQLError.java:129)
	at com.mysql.cj.jdbc.exceptions.SQLExceptionsMapping.translateException(SQLExceptionsMapping.java:122)
	at com.mysql.cj.jdbc.ConnectionImpl.createNewIO(ConnectionImpl.java:828)
	at com.mysql.cj.jdbc.ConnectionImpl.<init>(ConnectionImpl.java:448)
	at com.mysql.cj.jdbc.ConnectionImpl.getInstance(ConnectionImpl.java:241)
	at com.mysql.cj.jdbc.NonRegisteringDriver.connect(NonRegisteringDriver.java:198)
	at com.zaxxer.hikari.util.DriverDataSource.getConnection(DriverDataSource.java:138)
	at com.zaxxer.hikari.pool.PoolBase.newConnection(PoolBase.java:364)
	at com.zaxxer.hikari.pool.PoolBase.newPoolEntry(PoolBase.java:206)
	at com.zaxxer.hikari.pool.HikariPool.createPoolEntry(HikariPool.java:476)
	at com.zaxxer.hikari.pool.HikariPool.checkFailFast(HikariPool.java:561)
	at com.zaxxer.hikari.pool.HikariPool.<init>(HikariPool.java:115)
	at com.zaxxer.hikari.HikariDataSource.getConnection(HikariDataSource.java:112)
	at org.hibernate.engine.jdbc.connections.internal.DatasourceConnectionProviderImpl.getConnection(DatasourceConnectionProviderImpl.java:122)
	at org.hibernate.engine.jdbc.env.internal.JdbcEnvironmentInitiator$ConnectionProviderJdbcConnectionAccess.obtainConnection(JdbcEnvironmentInitiator.java:181)
	at org.hibernate.resource.transaction.backend.jdbc.internal.DdlTransactionIsolatorNonJtaImpl.getIsolatedConnection(DdlTransactionIsolatorNonJtaImpl.java:44)
	... 41 common frames omitted
