2023-05-10 18:21:29,929 INFO org.springframework.boot.StartupInfoLogger [restartedMain]  Starting UtilityServiceApplication using Java 11.0.17 on R50000273B with PID 22536 (D:\RedDot Projects\utility-service\target\classes started by fahim.akber in D:\RedDot Projects\utility-service)
2023-05-10 18:21:29,933 DEBUG org.springframework.boot.StartupInfoLogger [restartedMain]  Running with Spring Boot v2.7.6, Spring v5.3.24
2023-05-10 18:21:29,934 INFO org.springframework.boot.SpringApplication [restartedMain]  The following 1 profile is active: "stage"
2023-05-10 18:21:29,972 INFO org.springframework.boot.logging.DeferredLog [restartedMain]  The Class-Path manifest attribute in C:\Users\fahim.akber\.m2\repository\com\oracle\database\jdbc\ojdbc8\21.4.0.0\ojdbc8-21.4.0.0.jar referenced one or more files that do not exist: file:/C:/Users/fahim.akber/.m2/repository/com/oracle/database/jdbc/ojdbc8/21.4.0.0/oraclepki.jar
2023-05-10 18:21:29,973 INFO org.springframework.boot.logging.DeferredLog [restartedMain]  Devtools property defaults active! Set 'spring.devtools.add-properties' to 'false' to disable
2023-05-10 18:21:29,973 INFO org.springframework.boot.logging.DeferredLog [restartedMain]  For additional web related logging consider setting the 'logging.level.web' property to 'DEBUG'
2023-05-10 18:21:30,599 INFO org.springframework.data.repository.config.RepositoryConfigurationDelegate [restartedMain]  Multiple Spring Data modules found, entering strict repository configuration mode
2023-05-10 18:21:30,599 INFO org.springframework.data.repository.config.RepositoryConfigurationDelegate [restartedMain]  Bootstrapping Spring Data JPA repositories in DEFAULT mode.
2023-05-10 18:21:30,697 INFO org.springframework.data.repository.config.RepositoryConfigurationDelegate [restartedMain]  Finished Spring Data repository scanning in 92 ms. Found 5 JPA repository interfaces.
2023-05-10 18:21:30,707 INFO org.springframework.data.repository.config.RepositoryConfigurationDelegate [restartedMain]  Multiple Spring Data modules found, entering strict repository configuration mode
2023-05-10 18:21:30,708 INFO org.springframework.data.repository.config.RepositoryConfigurationDelegate [restartedMain]  Bootstrapping Spring Data Redis repositories in DEFAULT mode.
2023-05-10 18:21:30,734 INFO org.springframework.data.repository.config.RepositoryConfigurationExtensionSupport [restartedMain]  Spring Data Redis - Could not safely identify store assignment for repository candidate interface com.reddot.utilityservice.agentlocator.repository.AgentLocatorRepository; If you want this repository to be a Redis repository, consider annotating your entities with one of these annotations: org.springframework.data.redis.core.RedisHash (preferred), or consider extending one of the following types with your repository: org.springframework.data.keyvalue.repository.KeyValueRepository
2023-05-10 18:21:30,734 INFO org.springframework.data.repository.config.RepositoryConfigurationExtensionSupport [restartedMain]  Spring Data Redis - Could not safely identify store assignment for repository candidate interface com.reddot.utilityservice.agentlocator.repository.ConfigurationRepository; If you want this repository to be a Redis repository, consider annotating your entities with one of these annotations: org.springframework.data.redis.core.RedisHash (preferred), or consider extending one of the following types with your repository: org.springframework.data.keyvalue.repository.KeyValueRepository
2023-05-10 18:21:30,735 INFO org.springframework.data.repository.config.RepositoryConfigurationExtensionSupport [restartedMain]  Spring Data Redis - Could not safely identify store assignment for repository candidate interface com.reddot.utilityservice.common.repository.TransactionRepository; If you want this repository to be a Redis repository, consider annotating your entities with one of these annotations: org.springframework.data.redis.core.RedisHash (preferred), or consider extending one of the following types with your repository: org.springframework.data.keyvalue.repository.KeyValueRepository
2023-05-10 18:21:30,735 INFO org.springframework.data.repository.config.RepositoryConfigurationExtensionSupport [restartedMain]  Spring Data Redis - Could not safely identify store assignment for repository candidate interface com.reddot.utilityservice.features.desco.postpaid.repository.DescoPostpaidRepository; If you want this repository to be a Redis repository, consider annotating your entities with one of these annotations: org.springframework.data.redis.core.RedisHash (preferred), or consider extending one of the following types with your repository: org.springframework.data.keyvalue.repository.KeyValueRepository
2023-05-10 18:21:30,736 INFO org.springframework.data.repository.config.RepositoryConfigurationExtensionSupport [restartedMain]  Spring Data Redis - Could not safely identify store assignment for repository candidate interface com.reddot.utilityservice.requestmoney.repository.RequestMoneyRepository; If you want this repository to be a Redis repository, consider annotating your entities with one of these annotations: org.springframework.data.redis.core.RedisHash (preferred), or consider extending one of the following types with your repository: org.springframework.data.keyvalue.repository.KeyValueRepository
2023-05-10 18:21:30,736 INFO org.springframework.data.repository.config.RepositoryConfigurationDelegate [restartedMain]  Finished Spring Data repository scanning in 22 ms. Found 0 Redis repository interfaces.
2023-05-10 18:21:31,280 INFO org.springframework.boot.web.embedded.tomcat.TomcatWebServer [restartedMain]  Tomcat initialized with port(s): 8080 (http)
2023-05-10 18:21:31,287 INFO org.apache.juli.logging.DirectJDKLog [restartedMain]  Initializing ProtocolHandler ["http-nio-8080"]
2023-05-10 18:21:31,287 INFO org.apache.juli.logging.DirectJDKLog [restartedMain]  Starting service [Tomcat]
2023-05-10 18:21:31,287 INFO org.apache.juli.logging.DirectJDKLog [restartedMain]  Starting Servlet engine: [Apache Tomcat/9.0.69]
2023-05-10 18:21:31,387 INFO org.apache.juli.logging.DirectJDKLog [restartedMain]  Initializing Spring embedded WebApplicationContext
2023-05-10 18:21:31,388 INFO org.springframework.boot.web.servlet.context.ServletWebServerApplicationContext [restartedMain]  Root WebApplicationContext: initialization completed in 1414 ms
2023-05-10 18:21:31,579 INFO org.hibernate.jpa.internal.util.LogHelper [restartedMain]  HHH000204: Processing PersistenceUnitInfo [name: default]
2023-05-10 18:21:31,620 INFO org.hibernate.Version [restartedMain]  HHH000412: Hibernate ORM core version 5.6.14.Final
2023-05-10 18:21:31,724 INFO org.hibernate.annotations.common.reflection.java.JavaReflectionManager [restartedMain]  HCANN000001: Hibernate Commons Annotations {5.1.2.Final}
2023-05-10 18:21:31,804 WARN com.zaxxer.hikari.HikariConfig [restartedMain]  HikariPool-1 - maxLifetime is less than 30000ms, setting to default 1800000ms.
2023-05-10 18:21:31,805 INFO com.zaxxer.hikari.HikariDataSource [restartedMain]  HikariPool-1 - Starting...
2023-05-10 18:21:32,522 INFO com.zaxxer.hikari.HikariDataSource [restartedMain]  HikariPool-1 - Start completed.
2023-05-10 18:21:32,534 INFO org.hibernate.dialect.Dialect [restartedMain]  HHH000400: Using dialect: org.hibernate.dialect.Oracle12cDialect
2023-05-10 18:22:21,494 INFO org.hibernate.engine.transaction.jta.platform.internal.JtaPlatformInitiator [restartedMain]  HHH000490: Using JtaPlatform implementation: [org.hibernate.engine.transaction.jta.platform.internal.NoJtaPlatform]
2023-05-10 18:22:21,502 INFO org.springframework.orm.jpa.AbstractEntityManagerFactoryBean [restartedMain]  Initialized JPA EntityManagerFactory for persistence unit 'default'
2023-05-10 18:22:22,611 WARN org.springframework.boot.autoconfigure.orm.jpa.JpaBaseConfiguration$JpaWebConfiguration [restartedMain]  spring.jpa.open-in-view is enabled by default. Therefore, database queries may be performed during view rendering. Explicitly configure spring.jpa.open-in-view to disable this warning
2023-05-10 18:22:22,951 INFO org.springframework.boot.devtools.autoconfigure.OptionalLiveReloadServer [restartedMain]  LiveReload server is running on port 35729
2023-05-10 18:22:22,966 INFO org.apache.juli.logging.DirectJDKLog [restartedMain]  Starting ProtocolHandler ["http-nio-8080"]
2023-05-10 18:22:22,978 INFO org.springframework.boot.web.embedded.tomcat.TomcatWebServer [restartedMain]  Tomcat started on port(s): 8080 (http) with context path ''
2023-05-10 18:22:22,991 INFO org.springframework.boot.StartupInfoLogger [restartedMain]  Started UtilityServiceApplication in 53.453 seconds (JVM running for 56.137)
2023-05-10 18:56:26,889 WARN com.zaxxer.hikari.pool.HikariPool$HouseKeeper [HikariPool-1 housekeeper]  HikariPool-1 - Thread starvation or clock leap detected (housekeeper delta=11m53s921ms608µs500ns).
2023-05-10 18:57:39,570 INFO org.springframework.boot.devtools.autoconfigure.LocalDevToolsAutoConfiguration$RestartingClassPathChangeChangedEventListener [File Watcher]  Restarting due to 135 class path changes (0 additions, 129 deletions, 6 modifications)
2023-05-10 18:57:39,722 INFO org.apache.juli.logging.DirectJDKLog [Thread-8]  Pausing ProtocolHandler ["http-nio-8080"]
2023-05-10 18:57:39,723 INFO org.apache.juli.logging.DirectJDKLog [Thread-8]  Stopping service [Tomcat]
2023-05-10 18:57:39,732 INFO org.apache.juli.logging.DirectJDKLog [Thread-8]  Stopping ProtocolHandler ["http-nio-8080"]
2023-05-10 18:57:39,736 INFO org.apache.juli.logging.DirectJDKLog [Thread-8]  Destroying ProtocolHandler ["http-nio-8080"]
2023-05-10 18:57:39,761 INFO org.springframework.orm.jpa.AbstractEntityManagerFactoryBean [Thread-8]  Closing JPA EntityManagerFactory for persistence unit 'default'
2023-05-10 18:57:39,765 INFO com.zaxxer.hikari.HikariDataSource [Thread-8]  HikariPool-1 - Shutdown initiated...
2023-05-10 18:57:39,833 INFO com.zaxxer.hikari.HikariDataSource [Thread-8]  HikariPool-1 - Shutdown completed.
