2023-02-02 00:57:11,146 WARN com.zaxxer.hikari.pool.HikariPool$HouseKeeper [HikariPool-1 housekeeper]  HikariPool-1 - Thread starvation or clock leap detected (housekeeper delta=2h58m51s666ms).
2023-02-02 01:09:20,382 INFO org.springframework.orm.jpa.AbstractEntityManagerFactoryBean [SpringApplicationShutdownHook]  Closing JPA EntityManagerFactory for persistence unit 'default'
2023-02-02 01:09:20,393 INFO com.zaxxer.hikari.HikariDataSource [SpringApplicationShutdownHook]  HikariPool-1 - Shutdown initiated...
2023-02-02 01:09:20,402 INFO com.zaxxer.hikari.HikariDataSource [SpringApplicationShutdownHook]  HikariPool-1 - Shutdown completed.
2023-02-02 11:22:16,949 INFO org.springframework.boot.StartupInfoLogger [restartedMain]  Starting UtilityServiceApplication using Java 11.0.17 on SHAJ-MAC.local with PID 12909 (/Users/user/Documents/reddot/backend/utilityservice/target/classes started by user in /Users/user/Documents/reddot/backend/utilityservice)
2023-02-02 11:22:16,950 INFO org.springframework.boot.SpringApplication [restartedMain]  No active profile set, falling back to 1 default profile: "default"
2023-02-02 11:22:16,991 INFO org.springframework.boot.logging.DeferredLog [restartedMain]  Devtools property defaults active! Set 'spring.devtools.add-properties' to 'false' to disable
2023-02-02 11:22:16,991 INFO org.springframework.boot.logging.DeferredLog [restartedMain]  For additional web related logging consider setting the 'logging.level.web' property to 'DEBUG'
2023-02-02 11:22:17,655 INFO org.springframework.data.repository.config.RepositoryConfigurationDelegate [restartedMain]  Multiple Spring Data modules found, entering strict repository configuration mode
2023-02-02 11:22:17,656 INFO org.springframework.data.repository.config.RepositoryConfigurationDelegate [restartedMain]  Bootstrapping Spring Data JPA repositories in DEFAULT mode.
2023-02-02 11:22:17,673 INFO org.springframework.data.repository.config.RepositoryConfigurationDelegate [restartedMain]  Finished Spring Data repository scanning in 10 ms. Found 0 JPA repository interfaces.
2023-02-02 11:22:17,690 INFO org.springframework.data.repository.config.RepositoryConfigurationDelegate [restartedMain]  Multiple Spring Data modules found, entering strict repository configuration mode
2023-02-02 11:22:17,691 INFO org.springframework.data.repository.config.RepositoryConfigurationDelegate [restartedMain]  Bootstrapping Spring Data Redis repositories in DEFAULT mode.
2023-02-02 11:22:17,707 INFO org.springframework.data.repository.config.RepositoryConfigurationDelegate [restartedMain]  Finished Spring Data repository scanning in 4 ms. Found 0 Redis repository interfaces.
2023-02-02 11:22:18,287 INFO org.springframework.boot.web.embedded.tomcat.TomcatWebServer [restartedMain]  Tomcat initialized with port(s): 8080 (http)
2023-02-02 11:22:18,295 INFO org.apache.juli.logging.DirectJDKLog [restartedMain]  Initializing ProtocolHandler ["http-nio-8080"]
2023-02-02 11:22:18,296 INFO org.apache.juli.logging.DirectJDKLog [restartedMain]  Starting service [Tomcat]
2023-02-02 11:22:18,296 INFO org.apache.juli.logging.DirectJDKLog [restartedMain]  Starting Servlet engine: [Apache Tomcat/9.0.70]
2023-02-02 11:22:18,350 INFO org.apache.juli.logging.DirectJDKLog [restartedMain]  Initializing Spring embedded WebApplicationContext
2023-02-02 11:22:18,351 INFO org.springframework.boot.web.servlet.context.ServletWebServerApplicationContext [restartedMain]  Root WebApplicationContext: initialization completed in 1359 ms
2023-02-02 11:22:18,493 INFO org.hibernate.jpa.internal.util.LogHelper [restartedMain]  HHH000204: Processing PersistenceUnitInfo [name: default]
2023-02-02 11:22:18,537 INFO org.hibernate.Version [restartedMain]  HHH000412: Hibernate ORM core version 5.6.14.Final
2023-02-02 11:22:18,648 INFO org.hibernate.annotations.common.reflection.java.JavaReflectionManager [restartedMain]  HCANN000001: Hibernate Commons Annotations {5.1.2.Final}
2023-02-02 11:22:18,720 WARN com.zaxxer.hikari.HikariConfig [restartedMain]  HikariPool-1 - maxLifetime is less than 30000ms, setting to default 1800000ms.
2023-02-02 11:22:18,721 INFO com.zaxxer.hikari.HikariDataSource [restartedMain]  HikariPool-1 - Starting...
2023-02-02 11:22:19,011 INFO com.zaxxer.hikari.HikariDataSource [restartedMain]  HikariPool-1 - Start completed.
2023-02-02 11:22:19,022 INFO org.hibernate.dialect.Dialect [restartedMain]  HHH000400: Using dialect: org.hibernate.dialect.MySQL8Dialect
2023-02-02 11:22:19,183 INFO org.hibernate.engine.transaction.jta.platform.internal.JtaPlatformInitiator [restartedMain]  HHH000490: Using JtaPlatform implementation: [org.hibernate.engine.transaction.jta.platform.internal.NoJtaPlatform]
2023-02-02 11:22:19,191 INFO org.springframework.orm.jpa.AbstractEntityManagerFactoryBean [restartedMain]  Initialized JPA EntityManagerFactory for persistence unit 'default'
2023-02-02 11:22:20,879 WARN org.springframework.boot.autoconfigure.orm.jpa.JpaBaseConfiguration$JpaWebConfiguration [restartedMain]  spring.jpa.open-in-view is enabled by default. Therefore, database queries may be performed during view rendering. Explicitly configure spring.jpa.open-in-view to disable this warning
2023-02-02 11:22:21,193 INFO org.springframework.boot.devtools.autoconfigure.OptionalLiveReloadServer [restartedMain]  LiveReload server is running on port 35729
2023-02-02 11:22:21,209 INFO org.apache.juli.logging.DirectJDKLog [restartedMain]  Starting ProtocolHandler ["http-nio-8080"]
2023-02-02 11:22:21,219 INFO org.springframework.boot.web.embedded.tomcat.TomcatWebServer [restartedMain]  Tomcat started on port(s): 8080 (http) with context path ''
2023-02-02 11:22:21,230 INFO org.springframework.boot.StartupInfoLogger [restartedMain]  Started UtilityServiceApplication in 4.774 seconds (JVM running for 10.528)
2023-02-02 11:23:52,780 INFO org.springframework.orm.jpa.AbstractEntityManagerFactoryBean [SpringApplicationShutdownHook]  Closing JPA EntityManagerFactory for persistence unit 'default'
2023-02-02 11:23:52,785 INFO com.zaxxer.hikari.HikariDataSource [SpringApplicationShutdownHook]  HikariPool-1 - Shutdown initiated...
2023-02-02 11:23:52,790 INFO com.zaxxer.hikari.HikariDataSource [SpringApplicationShutdownHook]  HikariPool-1 - Shutdown completed.
2023-02-02 11:24:01,387 INFO org.springframework.boot.StartupInfoLogger [restartedMain]  Starting UtilityServiceApplication using Java 11.0.17 on SHAJ-MAC.local with PID 13052 (/Users/user/Documents/reddot/backend/utilityservice/target/classes started by user in /Users/user/Documents/reddot/backend/utilityservice)
2023-02-02 11:24:01,388 INFO org.springframework.boot.SpringApplication [restartedMain]  No active profile set, falling back to 1 default profile: "default"
2023-02-02 11:24:01,423 INFO org.springframework.boot.logging.DeferredLog [restartedMain]  Devtools property defaults active! Set 'spring.devtools.add-properties' to 'false' to disable
2023-02-02 11:24:01,424 INFO org.springframework.boot.logging.DeferredLog [restartedMain]  For additional web related logging consider setting the 'logging.level.web' property to 'DEBUG'
2023-02-02 11:24:01,985 INFO org.springframework.data.repository.config.RepositoryConfigurationDelegate [restartedMain]  Multiple Spring Data modules found, entering strict repository configuration mode
2023-02-02 11:24:01,985 INFO org.springframework.data.repository.config.RepositoryConfigurationDelegate [restartedMain]  Bootstrapping Spring Data JPA repositories in DEFAULT mode.
2023-02-02 11:24:02,001 INFO org.springframework.data.repository.config.RepositoryConfigurationDelegate [restartedMain]  Finished Spring Data repository scanning in 9 ms. Found 0 JPA repository interfaces.
2023-02-02 11:24:02,015 INFO org.springframework.data.repository.config.RepositoryConfigurationDelegate [restartedMain]  Multiple Spring Data modules found, entering strict repository configuration mode
2023-02-02 11:24:02,016 INFO org.springframework.data.repository.config.RepositoryConfigurationDelegate [restartedMain]  Bootstrapping Spring Data Redis repositories in DEFAULT mode.
2023-02-02 11:24:02,031 INFO org.springframework.data.repository.config.RepositoryConfigurationDelegate [restartedMain]  Finished Spring Data repository scanning in 4 ms. Found 0 Redis repository interfaces.
2023-02-02 11:24:02,528 INFO org.springframework.boot.web.embedded.tomcat.TomcatWebServer [restartedMain]  Tomcat initialized with port(s): 8080 (http)
2023-02-02 11:24:02,535 INFO org.apache.juli.logging.DirectJDKLog [restartedMain]  Initializing ProtocolHandler ["http-nio-8080"]
2023-02-02 11:24:02,536 INFO org.apache.juli.logging.DirectJDKLog [restartedMain]  Starting service [Tomcat]
2023-02-02 11:24:02,536 INFO org.apache.juli.logging.DirectJDKLog [restartedMain]  Starting Servlet engine: [Apache Tomcat/9.0.70]
2023-02-02 11:24:02,587 INFO org.apache.juli.logging.DirectJDKLog [restartedMain]  Initializing Spring embedded WebApplicationContext
2023-02-02 11:24:02,587 INFO org.springframework.boot.web.servlet.context.ServletWebServerApplicationContext [restartedMain]  Root WebApplicationContext: initialization completed in 1162 ms
2023-02-02 11:24:02,730 INFO org.hibernate.jpa.internal.util.LogHelper [restartedMain]  HHH000204: Processing PersistenceUnitInfo [name: default]
2023-02-02 11:24:02,770 INFO org.hibernate.Version [restartedMain]  HHH000412: Hibernate ORM core version 5.6.14.Final
2023-02-02 11:24:02,873 INFO org.hibernate.annotations.common.reflection.java.JavaReflectionManager [restartedMain]  HCANN000001: Hibernate Commons Annotations {5.1.2.Final}
2023-02-02 11:24:02,938 WARN com.zaxxer.hikari.HikariConfig [restartedMain]  HikariPool-1 - maxLifetime is less than 30000ms, setting to default 1800000ms.
2023-02-02 11:24:02,938 INFO com.zaxxer.hikari.HikariDataSource [restartedMain]  HikariPool-1 - Starting...
2023-02-02 11:24:03,147 INFO com.zaxxer.hikari.HikariDataSource [restartedMain]  HikariPool-1 - Start completed.
2023-02-02 11:24:03,159 INFO org.hibernate.dialect.Dialect [restartedMain]  HHH000400: Using dialect: org.hibernate.dialect.MySQL8Dialect
2023-02-02 11:24:03,315 INFO org.hibernate.engine.transaction.jta.platform.internal.JtaPlatformInitiator [restartedMain]  HHH000490: Using JtaPlatform implementation: [org.hibernate.engine.transaction.jta.platform.internal.NoJtaPlatform]
2023-02-02 11:24:03,322 INFO org.springframework.orm.jpa.AbstractEntityManagerFactoryBean [restartedMain]  Initialized JPA EntityManagerFactory for persistence unit 'default'
2023-02-02 11:24:05,007 WARN org.springframework.boot.autoconfigure.orm.jpa.JpaBaseConfiguration$JpaWebConfiguration [restartedMain]  spring.jpa.open-in-view is enabled by default. Therefore, database queries may be performed during view rendering. Explicitly configure spring.jpa.open-in-view to disable this warning
2023-02-02 11:24:05,228 INFO org.springframework.boot.devtools.autoconfigure.OptionalLiveReloadServer [restartedMain]  LiveReload server is running on port 35729
2023-02-02 11:24:05,242 INFO org.apache.juli.logging.DirectJDKLog [restartedMain]  Starting ProtocolHandler ["http-nio-8080"]
2023-02-02 11:24:05,250 INFO org.springframework.boot.web.embedded.tomcat.TomcatWebServer [restartedMain]  Tomcat started on port(s): 8080 (http) with context path ''
2023-02-02 11:24:05,259 INFO org.springframework.boot.StartupInfoLogger [restartedMain]  Started UtilityServiceApplication in 4.198 seconds (JVM running for 9.796)
2023-02-02 11:26:49,587 INFO org.apache.juli.logging.DirectJDKLog [http-nio-8080-exec-1]  Initializing Spring DispatcherServlet 'dispatcherServlet'
2023-02-02 11:26:49,588 INFO org.springframework.web.servlet.FrameworkServlet [http-nio-8080-exec-1]  Initializing Servlet 'dispatcherServlet'
2023-02-02 11:26:49,589 INFO org.springframework.web.servlet.FrameworkServlet [http-nio-8080-exec-1]  Completed initialization in 1 ms
2023-02-02 11:40:19,907 WARN com.zaxxer.hikari.pool.HikariPool$HouseKeeper [HikariPool-1 housekeeper]  HikariPool-1 - Thread starvation or clock leap detected (housekeeper delta=6m16s427ms).
2023-02-02 12:33:23,084 WARN com.zaxxer.hikari.pool.HikariPool$HouseKeeper [HikariPool-1 housekeeper]  HikariPool-1 - Thread starvation or clock leap detected (housekeeper delta=3m2s884ms).
2023-02-02 12:52:37,205 WARN com.zaxxer.hikari.pool.HikariPool$HouseKeeper [HikariPool-1 housekeeper]  HikariPool-1 - Thread starvation or clock leap detected (housekeeper delta=7m14s17ms).
2023-02-02 13:38:38,566 WARN com.zaxxer.hikari.pool.HikariPool$HouseKeeper [HikariPool-1 housekeeper]  HikariPool-1 - Thread starvation or clock leap detected (housekeeper delta=10m999ms).
2023-02-02 13:44:37,356 WARN com.zaxxer.hikari.pool.HikariPool$HouseKeeper [HikariPool-1 housekeeper]  HikariPool-1 - Thread starvation or clock leap detected (housekeeper delta=3m28s775ms).
2023-02-02 13:55:36,650 WARN com.zaxxer.hikari.pool.HikariPool$HouseKeeper [HikariPool-1 housekeeper]  HikariPool-1 - Thread starvation or clock leap detected (housekeeper delta=7m59s240ms).
2023-02-02 14:17:25,862 WARN com.zaxxer.hikari.pool.HikariPool$HouseKeeper [HikariPool-1 housekeeper]  HikariPool-1 - Thread starvation or clock leap detected (housekeeper delta=21m19s172ms).
2023-02-02 14:19:13,679 WARN com.zaxxer.hikari.pool.HikariPool$HouseKeeper [HikariPool-1 housekeeper]  HikariPool-1 - Thread starvation or clock leap detected (housekeeper delta=1m17s807ms).
2023-02-02 14:28:47,790 WARN com.zaxxer.hikari.pool.HikariPool$HouseKeeper [HikariPool-1 housekeeper]  HikariPool-1 - Thread starvation or clock leap detected (housekeeper delta=9m4s121ms).
2023-02-02 15:01:42,734 WARN com.zaxxer.hikari.pool.HikariPool$HouseKeeper [HikariPool-1 housekeeper]  HikariPool-1 - Thread starvation or clock leap detected (housekeeper delta=30m24s942ms).
2023-02-02 15:17:27,367 WARN com.zaxxer.hikari.pool.HikariPool$HouseKeeper [HikariPool-1 housekeeper]  HikariPool-1 - Thread starvation or clock leap detected (housekeeper delta=15m44s634ms).
2023-02-02 15:33:52,273 WARN com.zaxxer.hikari.pool.HikariPool$HouseKeeper [HikariPool-1 housekeeper]  HikariPool-1 - Thread starvation or clock leap detected (housekeeper delta=15m54s874ms).
2023-02-02 15:51:01,377 WARN com.zaxxer.hikari.pool.HikariPool$HouseKeeper [HikariPool-1 housekeeper]  HikariPool-1 - Thread starvation or clock leap detected (housekeeper delta=16m39s97ms).
2023-02-02 16:02:07,004 WARN com.zaxxer.hikari.pool.HikariPool$HouseKeeper [HikariPool-1 housekeeper]  HikariPool-1 - Thread starvation or clock leap detected (housekeeper delta=11m5s627ms).
2023-02-02 16:11:58,755 WARN com.zaxxer.hikari.pool.HikariPool$HouseKeeper [HikariPool-1 housekeeper]  HikariPool-1 - Thread starvation or clock leap detected (housekeeper delta=6m51s729ms).
2023-02-02 16:25:23,646 WARN com.zaxxer.hikari.pool.HikariPool$HouseKeeper [HikariPool-1 housekeeper]  HikariPool-1 - Thread starvation or clock leap detected (housekeeper delta=9m54s829ms).
2023-02-02 16:47:12,035 WARN com.zaxxer.hikari.pool.HikariPool$HouseKeeper [HikariPool-1 housekeeper]  HikariPool-1 - Thread starvation or clock leap detected (housekeeper delta=19m18s380ms).
2023-02-02 16:50:06,759 WARN com.zaxxer.hikari.pool.HikariPool$HouseKeeper [HikariPool-1 housekeeper]  HikariPool-1 - Thread starvation or clock leap detected (housekeeper delta=2m24s695ms).
2023-02-02 16:53:20,874 WARN com.zaxxer.hikari.pool.HikariPool$HouseKeeper [HikariPool-1 housekeeper]  HikariPool-1 - Thread starvation or clock leap detected (housekeeper delta=2m44s109ms).
2023-02-02 17:11:44,552 WARN com.zaxxer.hikari.pool.HikariPool$HouseKeeper [HikariPool-1 housekeeper]  HikariPool-1 - Thread starvation or clock leap detected (housekeeper delta=18m23s678ms).
2023-02-02 17:39:38,374 WARN com.zaxxer.hikari.pool.HikariPool$HouseKeeper [HikariPool-1 housekeeper]  HikariPool-1 - Thread starvation or clock leap detected (housekeeper delta=2m53s551ms).
2023-02-02 18:14:33,597 WARN com.zaxxer.hikari.pool.HikariPool$HouseKeeper [HikariPool-1 housekeeper]  HikariPool-1 - Thread starvation or clock leap detected (housekeeper delta=30m25s182ms).
2023-02-02 18:33:24,607 WARN com.zaxxer.hikari.pool.HikariPool$HouseKeeper [HikariPool-1 housekeeper]  HikariPool-1 - Thread starvation or clock leap detected (housekeeper delta=18m21s5ms).
2023-02-02 18:51:45,393 WARN com.zaxxer.hikari.pool.HikariPool$HouseKeeper [HikariPool-1 housekeeper]  HikariPool-1 - Thread starvation or clock leap detected (housekeeper delta=17m50s773ms).
2023-02-02 19:03:55,789 WARN com.zaxxer.hikari.pool.HikariPool$HouseKeeper [HikariPool-1 housekeeper]  HikariPool-1 - Thread starvation or clock leap detected (housekeeper delta=11m40s384ms).
2023-02-02 19:10:13,237 WARN com.zaxxer.hikari.pool.HikariPool$HouseKeeper [HikariPool-1 housekeeper]  HikariPool-1 - Thread starvation or clock leap detected (housekeeper delta=6m17s448ms).
2023-02-02 21:58:04,153 WARN com.zaxxer.hikari.pool.HikariPool$HouseKeeper [HikariPool-1 housekeeper]  HikariPool-1 - Thread starvation or clock leap detected (housekeeper delta=2h47m20s904ms).
2023-02-02 23:05:20,586 WARN com.zaxxer.hikari.pool.HikariPool$HouseKeeper [HikariPool-1 housekeeper]  HikariPool-1 - Thread starvation or clock leap detected (housekeeper delta=1h6m46s311ms).
