2023-01-23 15:35:09,964 INFO org.springframework.boot.StartupInfoLogger [restartedMain]  Starting UtilityserviceApplication using Java 11.0.17 on SHAJ-MAC.local with PID 19831 (/Users/user/Documents/reddot/backend/utilityservice/target/classes started by user in /Users/user/Documents/reddot/backend/utilityservice)
2023-01-23 15:35:09,965 INFO org.springframework.boot.SpringApplication [restartedMain]  No active profile set, falling back to 1 default profile: "default"
2023-01-23 15:35:10,006 INFO org.springframework.boot.logging.DeferredLog [restartedMain]  Devtools property defaults active! Set 'spring.devtools.add-properties' to 'false' to disable
2023-01-23 15:35:10,007 INFO org.springframework.boot.logging.DeferredLog [restartedMain]  For additional web related logging consider setting the 'logging.level.web' property to 'DEBUG'
2023-01-23 15:35:10,694 INFO org.springframework.data.repository.config.RepositoryConfigurationDelegate [restartedMain]  Multiple Spring Data modules found, entering strict repository configuration mode
2023-01-23 15:35:10,695 INFO org.springframework.data.repository.config.RepositoryConfigurationDelegate [restartedMain]  Bootstrapping Spring Data JPA repositories in DEFAULT mode.
2023-01-23 15:35:10,711 INFO org.springframework.data.repository.config.RepositoryConfigurationDelegate [restartedMain]  Finished Spring Data repository scanning in 8 ms. Found 0 JPA repository interfaces.
2023-01-23 15:35:10,727 INFO org.springframework.data.repository.config.RepositoryConfigurationDelegate [restartedMain]  Multiple Spring Data modules found, entering strict repository configuration mode
2023-01-23 15:35:10,728 INFO org.springframework.data.repository.config.RepositoryConfigurationDelegate [restartedMain]  Bootstrapping Spring Data Redis repositories in DEFAULT mode.
2023-01-23 15:35:10,743 INFO org.springframework.data.repository.config.RepositoryConfigurationDelegate [restartedMain]  Finished Spring Data repository scanning in 3 ms. Found 0 Redis repository interfaces.
2023-01-23 15:35:11,356 INFO org.springframework.boot.web.embedded.tomcat.TomcatWebServer [restartedMain]  Tomcat initialized with port(s): 8080 (http)
2023-01-23 15:35:11,365 INFO org.apache.juli.logging.DirectJDKLog [restartedMain]  Initializing ProtocolHandler ["http-nio-8080"]
2023-01-23 15:35:11,365 INFO org.apache.juli.logging.DirectJDKLog [restartedMain]  Starting service [Tomcat]
2023-01-23 15:35:11,365 INFO org.apache.juli.logging.DirectJDKLog [restartedMain]  Starting Servlet engine: [Apache Tomcat/9.0.70]
2023-01-23 15:35:11,425 INFO org.apache.juli.logging.DirectJDKLog [restartedMain]  Initializing Spring embedded WebApplicationContext
2023-01-23 15:35:11,426 INFO org.springframework.boot.web.servlet.context.ServletWebServerApplicationContext [restartedMain]  Root WebApplicationContext: initialization completed in 1417 ms
2023-01-23 15:35:11,626 INFO org.hibernate.jpa.internal.util.LogHelper [restartedMain]  HHH000204: Processing PersistenceUnitInfo [name: default]
2023-01-23 15:35:11,686 INFO org.hibernate.Version [restartedMain]  HHH000412: Hibernate ORM core version 5.6.14.Final
2023-01-23 15:35:11,826 INFO org.hibernate.annotations.common.reflection.java.JavaReflectionManager [restartedMain]  HCANN000001: Hibernate Commons Annotations {5.1.2.Final}
2023-01-23 15:35:11,920 WARN com.zaxxer.hikari.HikariConfig [restartedMain]  HikariPool-1 - maxLifetime is less than 30000ms, setting to default 1800000ms.
2023-01-23 15:35:11,922 INFO com.zaxxer.hikari.HikariDataSource [restartedMain]  HikariPool-1 - Starting...
2023-01-23 15:35:12,335 INFO com.zaxxer.hikari.HikariDataSource [restartedMain]  HikariPool-1 - Start completed.
2023-01-23 15:35:12,347 INFO org.hibernate.dialect.Dialect [restartedMain]  HHH000400: Using dialect: org.hibernate.dialect.MySQL8Dialect
2023-01-23 15:35:12,561 INFO org.hibernate.engine.transaction.jta.platform.internal.JtaPlatformInitiator [restartedMain]  HHH000490: Using JtaPlatform implementation: [org.hibernate.engine.transaction.jta.platform.internal.NoJtaPlatform]
2023-01-23 15:35:12,571 INFO org.springframework.orm.jpa.AbstractEntityManagerFactoryBean [restartedMain]  Initialized JPA EntityManagerFactory for persistence unit 'default'
2023-01-23 15:35:15,905 WARN org.springframework.boot.autoconfigure.orm.jpa.JpaBaseConfiguration$JpaWebConfiguration [restartedMain]  spring.jpa.open-in-view is enabled by default. Therefore, database queries may be performed during view rendering. Explicitly configure spring.jpa.open-in-view to disable this warning
2023-01-23 15:35:16,256 INFO org.springframework.boot.devtools.autoconfigure.OptionalLiveReloadServer [restartedMain]  LiveReload server is running on port 35729
2023-01-23 15:35:16,275 INFO org.apache.juli.logging.DirectJDKLog [restartedMain]  Starting ProtocolHandler ["http-nio-8080"]
2023-01-23 15:35:16,287 INFO org.springframework.boot.web.embedded.tomcat.TomcatWebServer [restartedMain]  Tomcat started on port(s): 8080 (http) with context path ''
2023-01-23 15:35:16,301 INFO org.springframework.boot.StartupInfoLogger [restartedMain]  Started UtilityserviceApplication in 6.773 seconds (JVM running for 12.52)
2023-01-23 15:38:26,625 INFO org.apache.juli.logging.DirectJDKLog [http-nio-8080-exec-1]  Initializing Spring DispatcherServlet 'dispatcherServlet'
2023-01-23 15:38:26,626 INFO org.springframework.web.servlet.FrameworkServlet [http-nio-8080-exec-1]  Initializing Servlet 'dispatcherServlet'
2023-01-23 15:38:26,631 INFO org.springframework.web.servlet.FrameworkServlet [http-nio-8080-exec-1]  Completed initialization in 4 ms
2023-01-23 16:13:07,228 WARN com.zaxxer.hikari.pool.HikariPool$HouseKeeper [HikariPool-1 housekeeper]  HikariPool-1 - Thread starvation or clock leap detected (housekeeper delta=30m24s734ms).
2023-01-23 16:32:01,953 WARN com.zaxxer.hikari.pool.HikariPool$HouseKeeper [HikariPool-1 housekeeper]  HikariPool-1 - Thread starvation or clock leap detected (housekeeper delta=17m54s691ms).
2023-01-23 16:47:23,808 WARN com.zaxxer.hikari.pool.HikariPool$HouseKeeper [HikariPool-1 housekeeper]  HikariPool-1 - Thread starvation or clock leap detected (housekeeper delta=14m51s851ms).
2023-01-23 16:52:47,688 WARN com.zaxxer.hikari.pool.HikariPool$HouseKeeper [HikariPool-1 housekeeper]  HikariPool-1 - Thread starvation or clock leap detected (housekeeper delta=5m23s880ms).
2023-01-23 16:58:33,837 WARN com.zaxxer.hikari.pool.HikariPool$HouseKeeper [HikariPool-1 housekeeper]  HikariPool-1 - Thread starvation or clock leap detected (housekeeper delta=5m16s128ms).
2023-01-23 17:10:37,858 WARN com.zaxxer.hikari.pool.HikariPool$HouseKeeper [HikariPool-1 housekeeper]  HikariPool-1 - Thread starvation or clock leap detected (housekeeper delta=8m33s979ms).
2023-01-23 17:14:19,148 WARN org.springframework.web.servlet.handler.AbstractHandlerExceptionResolver [http-nio-8080-exec-4] a1949339-62cf-44da-9829-52f5374dd27b Resolved [com.reddot.utilityservice.custom_exceptions.ApplicationException]
2023-01-23 17:16:31,323 INFO org.springframework.orm.jpa.AbstractEntityManagerFactoryBean [SpringApplicationShutdownHook]  Closing JPA EntityManagerFactory for persistence unit 'default'
2023-01-23 17:16:31,331 INFO com.zaxxer.hikari.HikariDataSource [SpringApplicationShutdownHook]  HikariPool-1 - Shutdown initiated...
2023-01-23 17:16:31,350 INFO com.zaxxer.hikari.HikariDataSource [SpringApplicationShutdownHook]  HikariPool-1 - Shutdown completed.
2023-01-23 17:16:53,046 INFO org.springframework.boot.StartupInfoLogger [restartedMain]  Starting UtilityserviceApplication using Java 11.0.17 on SHAJ-MAC.local with PID 20207 (/Users/user/Documents/reddot/backend/utilityservice/target/classes started by user in /Users/user/Documents/reddot/backend/utilityservice)
2023-01-23 17:16:53,047 INFO org.springframework.boot.SpringApplication [restartedMain]  No active profile set, falling back to 1 default profile: "default"
2023-01-23 17:16:53,089 INFO org.springframework.boot.logging.DeferredLog [restartedMain]  Devtools property defaults active! Set 'spring.devtools.add-properties' to 'false' to disable
2023-01-23 17:16:53,089 INFO org.springframework.boot.logging.DeferredLog [restartedMain]  For additional web related logging consider setting the 'logging.level.web' property to 'DEBUG'
2023-01-23 17:16:53,779 INFO org.springframework.data.repository.config.RepositoryConfigurationDelegate [restartedMain]  Multiple Spring Data modules found, entering strict repository configuration mode
2023-01-23 17:16:53,780 INFO org.springframework.data.repository.config.RepositoryConfigurationDelegate [restartedMain]  Bootstrapping Spring Data JPA repositories in DEFAULT mode.
2023-01-23 17:16:53,795 INFO org.springframework.data.repository.config.RepositoryConfigurationDelegate [restartedMain]  Finished Spring Data repository scanning in 8 ms. Found 0 JPA repository interfaces.
2023-01-23 17:16:53,811 INFO org.springframework.data.repository.config.RepositoryConfigurationDelegate [restartedMain]  Multiple Spring Data modules found, entering strict repository configuration mode
2023-01-23 17:16:53,812 INFO org.springframework.data.repository.config.RepositoryConfigurationDelegate [restartedMain]  Bootstrapping Spring Data Redis repositories in DEFAULT mode.
2023-01-23 17:16:53,825 INFO org.springframework.data.repository.config.RepositoryConfigurationDelegate [restartedMain]  Finished Spring Data repository scanning in 3 ms. Found 0 Redis repository interfaces.
2023-01-23 17:16:54,436 INFO org.springframework.boot.web.embedded.tomcat.TomcatWebServer [restartedMain]  Tomcat initialized with port(s): 8080 (http)
2023-01-23 17:16:54,445 INFO org.apache.juli.logging.DirectJDKLog [restartedMain]  Initializing ProtocolHandler ["http-nio-8080"]
2023-01-23 17:16:54,446 INFO org.apache.juli.logging.DirectJDKLog [restartedMain]  Starting service [Tomcat]
2023-01-23 17:16:54,446 INFO org.apache.juli.logging.DirectJDKLog [restartedMain]  Starting Servlet engine: [Apache Tomcat/9.0.70]
2023-01-23 17:16:54,509 INFO org.apache.juli.logging.DirectJDKLog [restartedMain]  Initializing Spring embedded WebApplicationContext
2023-01-23 17:16:54,509 INFO org.springframework.boot.web.servlet.context.ServletWebServerApplicationContext [restartedMain]  Root WebApplicationContext: initialization completed in 1419 ms
2023-01-23 17:16:54,666 INFO org.hibernate.jpa.internal.util.LogHelper [restartedMain]  HHH000204: Processing PersistenceUnitInfo [name: default]
2023-01-23 17:16:54,715 INFO org.hibernate.Version [restartedMain]  HHH000412: Hibernate ORM core version 5.6.14.Final
2023-01-23 17:16:54,854 INFO org.hibernate.annotations.common.reflection.java.JavaReflectionManager [restartedMain]  HCANN000001: Hibernate Commons Annotations {5.1.2.Final}
2023-01-23 17:16:54,942 WARN com.zaxxer.hikari.HikariConfig [restartedMain]  HikariPool-1 - maxLifetime is less than 30000ms, setting to default 1800000ms.
2023-01-23 17:16:54,943 INFO com.zaxxer.hikari.HikariDataSource [restartedMain]  HikariPool-1 - Starting...
2023-01-23 17:16:55,207 INFO com.zaxxer.hikari.HikariDataSource [restartedMain]  HikariPool-1 - Start completed.
2023-01-23 17:16:55,221 INFO org.hibernate.dialect.Dialect [restartedMain]  HHH000400: Using dialect: org.hibernate.dialect.MySQL8Dialect
2023-01-23 17:16:55,446 INFO org.hibernate.engine.transaction.jta.platform.internal.JtaPlatformInitiator [restartedMain]  HHH000490: Using JtaPlatform implementation: [org.hibernate.engine.transaction.jta.platform.internal.NoJtaPlatform]
2023-01-23 17:16:55,456 INFO org.springframework.orm.jpa.AbstractEntityManagerFactoryBean [restartedMain]  Initialized JPA EntityManagerFactory for persistence unit 'default'
2023-01-23 17:16:58,783 WARN org.springframework.boot.autoconfigure.orm.jpa.JpaBaseConfiguration$JpaWebConfiguration [restartedMain]  spring.jpa.open-in-view is enabled by default. Therefore, database queries may be performed during view rendering. Explicitly configure spring.jpa.open-in-view to disable this warning
2023-01-23 17:16:59,119 INFO org.springframework.boot.devtools.autoconfigure.OptionalLiveReloadServer [restartedMain]  LiveReload server is running on port 35729
2023-01-23 17:16:59,137 INFO org.apache.juli.logging.DirectJDKLog [restartedMain]  Starting ProtocolHandler ["http-nio-8080"]
2023-01-23 17:16:59,149 INFO org.springframework.boot.web.embedded.tomcat.TomcatWebServer [restartedMain]  Tomcat started on port(s): 8080 (http) with context path ''
2023-01-23 17:16:59,161 INFO org.springframework.boot.StartupInfoLogger [restartedMain]  Started UtilityserviceApplication in 6.539 seconds (JVM running for 12.548)
2023-01-23 17:17:18,770 INFO org.apache.juli.logging.DirectJDKLog [http-nio-8080-exec-1]  Initializing Spring DispatcherServlet 'dispatcherServlet'
2023-01-23 17:17:18,772 INFO org.springframework.web.servlet.FrameworkServlet [http-nio-8080-exec-1]  Initializing Servlet 'dispatcherServlet'
2023-01-23 17:17:18,775 INFO org.springframework.web.servlet.FrameworkServlet [http-nio-8080-exec-1]  Completed initialization in 3 ms
2023-01-23 17:18:57,943 WARN com.zaxxer.hikari.pool.HikariPool$HouseKeeper [HikariPool-1 housekeeper]  HikariPool-1 - Thread starvation or clock leap detected (housekeeper delta=1m27s398ms).
2023-01-23 17:53:40,273 WARN com.zaxxer.hikari.pool.HikariPool$HouseKeeper [HikariPool-1 housekeeper]  HikariPool-1 - Thread starvation or clock leap detected (housekeeper delta=58s412ms).
2023-01-23 18:09:45,948 WARN com.zaxxer.hikari.pool.HikariPool$HouseKeeper [HikariPool-1 housekeeper]  HikariPool-1 - Thread starvation or clock leap detected (housekeeper delta=9m35s616ms).
2023-01-23 18:19:22,131 WARN com.zaxxer.hikari.pool.HikariPool$HouseKeeper [HikariPool-1 housekeeper]  HikariPool-1 - Thread starvation or clock leap detected (housekeeper delta=6m6s135ms).
2023-01-23 18:47:22,579 WARN com.zaxxer.hikari.pool.HikariPool$HouseKeeper [HikariPool-1 housekeeper]  HikariPool-1 - Thread starvation or clock leap detected (housekeeper delta=8m30s325ms).
2023-01-23 19:10:26,843 WARN com.zaxxer.hikari.pool.HikariPool$HouseKeeper [HikariPool-1 housekeeper]  HikariPool-1 - Thread starvation or clock leap detected (housekeeper delta=22m4s240ms).
2023-01-23 19:21:15,077 WARN com.zaxxer.hikari.pool.HikariPool$HouseKeeper [HikariPool-1 housekeeper]  HikariPool-1 - Thread starvation or clock leap detected (housekeeper delta=10m18s223ms).
2023-01-23 19:45:03,887 WARN com.zaxxer.hikari.pool.HikariPool$HouseKeeper [HikariPool-1 housekeeper]  HikariPool-1 - Thread starvation or clock leap detected (housekeeper delta=23m48s811ms).
2023-01-23 23:14:42,474 WARN com.zaxxer.hikari.pool.HikariPool$HouseKeeper [HikariPool-1 housekeeper]  HikariPool-1 - Thread starvation or clock leap detected (housekeeper delta=3h28m38s586ms).
