2023-01-25 13:41:05,380 INFO org.springframework.boot.StartupInfoLogger [restartedMain]  Starting UtilityserviceApplication using Java 11.0.17 on SHAJ-MAC.local with PID 59436 (/Users/user/Documents/reddot/backend/utilityservice/target/classes started by user in /Users/user/Documents/reddot/backend/utilityservice)
2023-01-25 13:41:05,382 INFO org.springframework.boot.SpringApplication [restartedMain]  No active profile set, falling back to 1 default profile: "default"
2023-01-25 13:41:05,415 INFO org.springframework.boot.logging.DeferredLog [restartedMain]  Devtools property defaults active! Set 'spring.devtools.add-properties' to 'false' to disable
2023-01-25 13:41:05,416 INFO org.springframework.boot.logging.DeferredLog [restartedMain]  For additional web related logging consider setting the 'logging.level.web' property to 'DEBUG'
2023-01-25 13:41:06,004 INFO org.springframework.data.repository.config.RepositoryConfigurationDelegate [restartedMain]  Multiple Spring Data modules found, entering strict repository configuration mode
2023-01-25 13:41:06,004 INFO org.springframework.data.repository.config.RepositoryConfigurationDelegate [restartedMain]  Bootstrapping Spring Data JPA repositories in DEFAULT mode.
2023-01-25 13:41:06,021 INFO org.springframework.data.repository.config.RepositoryConfigurationDelegate [restartedMain]  Finished Spring Data repository scanning in 8 ms. Found 0 JPA repository interfaces.
2023-01-25 13:41:06,036 INFO org.springframework.data.repository.config.RepositoryConfigurationDelegate [restartedMain]  Multiple Spring Data modules found, entering strict repository configuration mode
2023-01-25 13:41:06,037 INFO org.springframework.data.repository.config.RepositoryConfigurationDelegate [restartedMain]  Bootstrapping Spring Data Redis repositories in DEFAULT mode.
2023-01-25 13:41:06,053 INFO org.springframework.data.repository.config.RepositoryConfigurationDelegate [restartedMain]  Finished Spring Data repository scanning in 3 ms. Found 0 Redis repository interfaces.
2023-01-25 13:41:06,622 INFO org.springframework.boot.web.embedded.tomcat.TomcatWebServer [restartedMain]  Tomcat initialized with port(s): 8080 (http)
2023-01-25 13:41:06,631 INFO org.apache.juli.logging.DirectJDKLog [restartedMain]  Initializing ProtocolHandler ["http-nio-8080"]
2023-01-25 13:41:06,632 INFO org.apache.juli.logging.DirectJDKLog [restartedMain]  Starting service [Tomcat]
2023-01-25 13:41:06,632 INFO org.apache.juli.logging.DirectJDKLog [restartedMain]  Starting Servlet engine: [Apache Tomcat/9.0.70]
2023-01-25 13:41:06,688 INFO org.apache.juli.logging.DirectJDKLog [restartedMain]  Initializing Spring embedded WebApplicationContext
2023-01-25 13:41:06,689 INFO org.springframework.boot.web.servlet.context.ServletWebServerApplicationContext [restartedMain]  Root WebApplicationContext: initialization completed in 1272 ms
2023-01-25 13:41:06,828 INFO org.hibernate.jpa.internal.util.LogHelper [restartedMain]  HHH000204: Processing PersistenceUnitInfo [name: default]
2023-01-25 13:41:06,872 INFO org.hibernate.Version [restartedMain]  HHH000412: Hibernate ORM core version 5.6.14.Final
2023-01-25 13:41:06,983 INFO org.hibernate.annotations.common.reflection.java.JavaReflectionManager [restartedMain]  HCANN000001: Hibernate Commons Annotations {5.1.2.Final}
2023-01-25 13:41:07,054 WARN com.zaxxer.hikari.HikariConfig [restartedMain]  HikariPool-1 - maxLifetime is less than 30000ms, setting to default 1800000ms.
2023-01-25 13:41:07,054 INFO com.zaxxer.hikari.HikariDataSource [restartedMain]  HikariPool-1 - Starting...
2023-01-25 13:41:07,372 INFO com.zaxxer.hikari.HikariDataSource [restartedMain]  HikariPool-1 - Start completed.
2023-01-25 13:41:07,384 INFO org.hibernate.dialect.Dialect [restartedMain]  HHH000400: Using dialect: org.hibernate.dialect.MySQL8Dialect
2023-01-25 13:41:07,575 INFO org.hibernate.engine.transaction.jta.platform.internal.JtaPlatformInitiator [restartedMain]  HHH000490: Using JtaPlatform implementation: [org.hibernate.engine.transaction.jta.platform.internal.NoJtaPlatform]
2023-01-25 13:41:07,585 INFO org.springframework.orm.jpa.AbstractEntityManagerFactoryBean [restartedMain]  Initialized JPA EntityManagerFactory for persistence unit 'default'
2023-01-25 13:41:08,660 WARN org.springframework.boot.autoconfigure.orm.jpa.JpaBaseConfiguration$JpaWebConfiguration [restartedMain]  spring.jpa.open-in-view is enabled by default. Therefore, database queries may be performed during view rendering. Explicitly configure spring.jpa.open-in-view to disable this warning
2023-01-25 13:41:08,955 INFO org.springframework.boot.devtools.autoconfigure.OptionalLiveReloadServer [restartedMain]  LiveReload server is running on port 35729
2023-01-25 13:41:08,971 INFO org.apache.juli.logging.DirectJDKLog [restartedMain]  Starting ProtocolHandler ["http-nio-8080"]
2023-01-25 13:41:08,982 INFO org.springframework.boot.web.embedded.tomcat.TomcatWebServer [restartedMain]  Tomcat started on port(s): 8080 (http) with context path ''
2023-01-25 13:41:08,993 INFO org.springframework.boot.StartupInfoLogger [restartedMain]  Started UtilityserviceApplication in 4.0 seconds (JVM running for 9.644)
2023-01-25 13:44:13,258 INFO org.apache.juli.logging.DirectJDKLog [http-nio-8080-exec-1]  Initializing Spring DispatcherServlet 'dispatcherServlet'
2023-01-25 13:44:13,259 INFO org.springframework.web.servlet.FrameworkServlet [http-nio-8080-exec-1]  Initializing Servlet 'dispatcherServlet'
2023-01-25 13:44:13,260 INFO org.springframework.web.servlet.FrameworkServlet [http-nio-8080-exec-1]  Completed initialization in 1 ms
2023-01-25 13:44:13,367 WARN org.springframework.web.servlet.handler.AbstractHandlerExceptionResolver [http-nio-8080-exec-1] 49044603-05fc-4e0b-b59a-79c7440ec49d Resolved [org.springframework.web.bind.MissingRequestHeaderException: Required request header 'language' for method parameter type String is not present]
2023-01-25 13:44:13,370 ERROR com.reddot.utilityservice.configuration.HttpLoggingFilter [http-nio-8080-exec-1] 49044603-05fc-4e0b-b59a-79c7440ec49d null
2023-01-25 13:45:34,100 INFO org.springframework.orm.jpa.AbstractEntityManagerFactoryBean [SpringApplicationShutdownHook]  Closing JPA EntityManagerFactory for persistence unit 'default'
2023-01-25 13:45:34,104 INFO com.zaxxer.hikari.HikariDataSource [SpringApplicationShutdownHook]  HikariPool-1 - Shutdown initiated...
2023-01-25 13:45:34,114 INFO com.zaxxer.hikari.HikariDataSource [SpringApplicationShutdownHook]  HikariPool-1 - Shutdown completed.
2023-01-25 13:45:42,328 INFO org.springframework.boot.StartupInfoLogger [restartedMain]  Starting UtilityserviceApplication using Java 11.0.17 on SHAJ-MAC.local with PID 59748 (/Users/user/Documents/reddot/backend/utilityservice/target/classes started by user in /Users/user/Documents/reddot/backend/utilityservice)
2023-01-25 13:45:42,329 INFO org.springframework.boot.SpringApplication [restartedMain]  No active profile set, falling back to 1 default profile: "default"
2023-01-25 13:45:42,362 INFO org.springframework.boot.logging.DeferredLog [restartedMain]  Devtools property defaults active! Set 'spring.devtools.add-properties' to 'false' to disable
2023-01-25 13:45:42,362 INFO org.springframework.boot.logging.DeferredLog [restartedMain]  For additional web related logging consider setting the 'logging.level.web' property to 'DEBUG'
2023-01-25 13:45:42,916 INFO org.springframework.data.repository.config.RepositoryConfigurationDelegate [restartedMain]  Multiple Spring Data modules found, entering strict repository configuration mode
2023-01-25 13:45:42,916 INFO org.springframework.data.repository.config.RepositoryConfigurationDelegate [restartedMain]  Bootstrapping Spring Data JPA repositories in DEFAULT mode.
2023-01-25 13:45:42,929 INFO org.springframework.data.repository.config.RepositoryConfigurationDelegate [restartedMain]  Finished Spring Data repository scanning in 7 ms. Found 0 JPA repository interfaces.
2023-01-25 13:45:42,944 INFO org.springframework.data.repository.config.RepositoryConfigurationDelegate [restartedMain]  Multiple Spring Data modules found, entering strict repository configuration mode
2023-01-25 13:45:42,945 INFO org.springframework.data.repository.config.RepositoryConfigurationDelegate [restartedMain]  Bootstrapping Spring Data Redis repositories in DEFAULT mode.
2023-01-25 13:45:42,957 INFO org.springframework.data.repository.config.RepositoryConfigurationDelegate [restartedMain]  Finished Spring Data repository scanning in 3 ms. Found 0 Redis repository interfaces.
2023-01-25 13:45:43,416 INFO org.springframework.boot.web.embedded.tomcat.TomcatWebServer [restartedMain]  Tomcat initialized with port(s): 8080 (http)
2023-01-25 13:45:43,423 INFO org.apache.juli.logging.DirectJDKLog [restartedMain]  Initializing ProtocolHandler ["http-nio-8080"]
2023-01-25 13:45:43,423 INFO org.apache.juli.logging.DirectJDKLog [restartedMain]  Starting service [Tomcat]
2023-01-25 13:45:43,423 INFO org.apache.juli.logging.DirectJDKLog [restartedMain]  Starting Servlet engine: [Apache Tomcat/9.0.70]
2023-01-25 13:45:43,476 INFO org.apache.juli.logging.DirectJDKLog [restartedMain]  Initializing Spring embedded WebApplicationContext
2023-01-25 13:45:43,476 INFO org.springframework.boot.web.servlet.context.ServletWebServerApplicationContext [restartedMain]  Root WebApplicationContext: initialization completed in 1113 ms
2023-01-25 13:45:43,605 INFO org.hibernate.jpa.internal.util.LogHelper [restartedMain]  HHH000204: Processing PersistenceUnitInfo [name: default]
2023-01-25 13:45:43,647 INFO org.hibernate.Version [restartedMain]  HHH000412: Hibernate ORM core version 5.6.14.Final
2023-01-25 13:45:43,748 INFO org.hibernate.annotations.common.reflection.java.JavaReflectionManager [restartedMain]  HCANN000001: Hibernate Commons Annotations {5.1.2.Final}
2023-01-25 13:45:43,819 WARN com.zaxxer.hikari.HikariConfig [restartedMain]  HikariPool-1 - maxLifetime is less than 30000ms, setting to default 1800000ms.
2023-01-25 13:45:43,822 INFO com.zaxxer.hikari.HikariDataSource [restartedMain]  HikariPool-1 - Starting...
2023-01-25 13:45:44,042 INFO com.zaxxer.hikari.HikariDataSource [restartedMain]  HikariPool-1 - Start completed.
2023-01-25 13:45:44,056 INFO org.hibernate.dialect.Dialect [restartedMain]  HHH000400: Using dialect: org.hibernate.dialect.MySQL8Dialect
2023-01-25 13:45:44,226 INFO org.hibernate.engine.transaction.jta.platform.internal.JtaPlatformInitiator [restartedMain]  HHH000490: Using JtaPlatform implementation: [org.hibernate.engine.transaction.jta.platform.internal.NoJtaPlatform]
2023-01-25 13:45:44,233 INFO org.springframework.orm.jpa.AbstractEntityManagerFactoryBean [restartedMain]  Initialized JPA EntityManagerFactory for persistence unit 'default'
2023-01-25 13:45:45,701 WARN org.springframework.boot.autoconfigure.orm.jpa.JpaBaseConfiguration$JpaWebConfiguration [restartedMain]  spring.jpa.open-in-view is enabled by default. Therefore, database queries may be performed during view rendering. Explicitly configure spring.jpa.open-in-view to disable this warning
2023-01-25 13:45:45,990 INFO org.springframework.boot.devtools.autoconfigure.OptionalLiveReloadServer [restartedMain]  LiveReload server is running on port 35729
2023-01-25 13:45:46,005 INFO org.apache.juli.logging.DirectJDKLog [restartedMain]  Starting ProtocolHandler ["http-nio-8080"]
2023-01-25 13:45:46,014 INFO org.springframework.boot.web.embedded.tomcat.TomcatWebServer [restartedMain]  Tomcat started on port(s): 8080 (http) with context path ''
2023-01-25 13:45:46,024 INFO org.springframework.boot.StartupInfoLogger [restartedMain]  Started UtilityserviceApplication in 4.025 seconds (JVM running for 9.568)
2023-01-25 13:45:54,479 INFO org.apache.juli.logging.DirectJDKLog [http-nio-8080-exec-2]  Initializing Spring DispatcherServlet 'dispatcherServlet'
2023-01-25 13:45:54,480 INFO org.springframework.web.servlet.FrameworkServlet [http-nio-8080-exec-2]  Initializing Servlet 'dispatcherServlet'
2023-01-25 13:45:54,481 INFO org.springframework.web.servlet.FrameworkServlet [http-nio-8080-exec-2]  Completed initialization in 1 ms
2023-01-25 13:52:11,370 INFO org.springframework.orm.jpa.AbstractEntityManagerFactoryBean [SpringApplicationShutdownHook]  Closing JPA EntityManagerFactory for persistence unit 'default'
2023-01-25 13:52:11,374 INFO com.zaxxer.hikari.HikariDataSource [SpringApplicationShutdownHook]  HikariPool-1 - Shutdown initiated...
2023-01-25 13:52:11,383 INFO com.zaxxer.hikari.HikariDataSource [SpringApplicationShutdownHook]  HikariPool-1 - Shutdown completed.
2023-01-25 13:52:20,383 INFO org.springframework.boot.StartupInfoLogger [restartedMain]  Starting UtilityserviceApplication using Java 11.0.17 on SHAJ-MAC.local with PID 60220 (/Users/user/Documents/reddot/backend/utilityservice/target/classes started by user in /Users/user/Documents/reddot/backend/utilityservice)
2023-01-25 13:52:20,385 INFO org.springframework.boot.SpringApplication [restartedMain]  No active profile set, falling back to 1 default profile: "default"
2023-01-25 13:52:20,430 INFO org.springframework.boot.logging.DeferredLog [restartedMain]  Devtools property defaults active! Set 'spring.devtools.add-properties' to 'false' to disable
2023-01-25 13:52:20,430 INFO org.springframework.boot.logging.DeferredLog [restartedMain]  For additional web related logging consider setting the 'logging.level.web' property to 'DEBUG'
2023-01-25 13:52:21,104 INFO org.springframework.data.repository.config.RepositoryConfigurationDelegate [restartedMain]  Multiple Spring Data modules found, entering strict repository configuration mode
2023-01-25 13:52:21,105 INFO org.springframework.data.repository.config.RepositoryConfigurationDelegate [restartedMain]  Bootstrapping Spring Data JPA repositories in DEFAULT mode.
2023-01-25 13:52:21,117 INFO org.springframework.data.repository.config.RepositoryConfigurationDelegate [restartedMain]  Finished Spring Data repository scanning in 6 ms. Found 0 JPA repository interfaces.
2023-01-25 13:52:21,127 INFO org.springframework.data.repository.config.RepositoryConfigurationDelegate [restartedMain]  Multiple Spring Data modules found, entering strict repository configuration mode
2023-01-25 13:52:21,128 INFO org.springframework.data.repository.config.RepositoryConfigurationDelegate [restartedMain]  Bootstrapping Spring Data Redis repositories in DEFAULT mode.
2023-01-25 13:52:21,140 INFO org.springframework.data.repository.config.RepositoryConfigurationDelegate [restartedMain]  Finished Spring Data repository scanning in 3 ms. Found 0 Redis repository interfaces.
2023-01-25 13:52:21,619 INFO org.springframework.boot.web.embedded.tomcat.TomcatWebServer [restartedMain]  Tomcat initialized with port(s): 8080 (http)
2023-01-25 13:52:21,625 INFO org.apache.juli.logging.DirectJDKLog [restartedMain]  Initializing ProtocolHandler ["http-nio-8080"]
2023-01-25 13:52:21,625 INFO org.apache.juli.logging.DirectJDKLog [restartedMain]  Starting service [Tomcat]
2023-01-25 13:52:21,626 INFO org.apache.juli.logging.DirectJDKLog [restartedMain]  Starting Servlet engine: [Apache Tomcat/9.0.70]
2023-01-25 13:52:21,678 INFO org.apache.juli.logging.DirectJDKLog [restartedMain]  Initializing Spring embedded WebApplicationContext
2023-01-25 13:52:21,678 INFO org.springframework.boot.web.servlet.context.ServletWebServerApplicationContext [restartedMain]  Root WebApplicationContext: initialization completed in 1246 ms
2023-01-25 13:52:21,819 INFO org.hibernate.jpa.internal.util.LogHelper [restartedMain]  HHH000204: Processing PersistenceUnitInfo [name: default]
2023-01-25 13:52:21,857 INFO org.hibernate.Version [restartedMain]  HHH000412: Hibernate ORM core version 5.6.14.Final
2023-01-25 13:52:21,964 INFO org.hibernate.annotations.common.reflection.java.JavaReflectionManager [restartedMain]  HCANN000001: Hibernate Commons Annotations {5.1.2.Final}
2023-01-25 13:52:22,026 WARN com.zaxxer.hikari.HikariConfig [restartedMain]  HikariPool-1 - maxLifetime is less than 30000ms, setting to default 1800000ms.
2023-01-25 13:52:22,027 INFO com.zaxxer.hikari.HikariDataSource [restartedMain]  HikariPool-1 - Starting...
2023-01-25 13:52:22,263 INFO com.zaxxer.hikari.HikariDataSource [restartedMain]  HikariPool-1 - Start completed.
2023-01-25 13:52:22,273 INFO org.hibernate.dialect.Dialect [restartedMain]  HHH000400: Using dialect: org.hibernate.dialect.MySQL8Dialect
2023-01-25 13:52:22,428 INFO org.hibernate.engine.transaction.jta.platform.internal.JtaPlatformInitiator [restartedMain]  HHH000490: Using JtaPlatform implementation: [org.hibernate.engine.transaction.jta.platform.internal.NoJtaPlatform]
2023-01-25 13:52:22,436 INFO org.springframework.orm.jpa.AbstractEntityManagerFactoryBean [restartedMain]  Initialized JPA EntityManagerFactory for persistence unit 'default'
2023-01-25 13:52:23,365 WARN org.springframework.boot.autoconfigure.orm.jpa.JpaBaseConfiguration$JpaWebConfiguration [restartedMain]  spring.jpa.open-in-view is enabled by default. Therefore, database queries may be performed during view rendering. Explicitly configure spring.jpa.open-in-view to disable this warning
2023-01-25 13:52:23,639 INFO org.springframework.boot.devtools.autoconfigure.OptionalLiveReloadServer [restartedMain]  LiveReload server is running on port 35729
2023-01-25 13:52:23,654 INFO org.apache.juli.logging.DirectJDKLog [restartedMain]  Starting ProtocolHandler ["http-nio-8080"]
2023-01-25 13:52:23,662 INFO org.springframework.boot.web.embedded.tomcat.TomcatWebServer [restartedMain]  Tomcat started on port(s): 8080 (http) with context path ''
2023-01-25 13:52:23,672 INFO org.springframework.boot.StartupInfoLogger [restartedMain]  Started UtilityserviceApplication in 3.685 seconds (JVM running for 9.208)
2023-01-25 13:53:42,225 INFO org.apache.juli.logging.DirectJDKLog [http-nio-8080-exec-2]  Initializing Spring DispatcherServlet 'dispatcherServlet'
2023-01-25 13:53:42,226 INFO org.springframework.web.servlet.FrameworkServlet [http-nio-8080-exec-2]  Initializing Servlet 'dispatcherServlet'
2023-01-25 13:53:42,227 INFO org.springframework.web.servlet.FrameworkServlet [http-nio-8080-exec-2]  Completed initialization in 1 ms
2023-01-25 14:13:50,485 INFO org.springframework.orm.jpa.AbstractEntityManagerFactoryBean [SpringApplicationShutdownHook]  Closing JPA EntityManagerFactory for persistence unit 'default'
2023-01-25 14:13:50,489 INFO com.zaxxer.hikari.HikariDataSource [SpringApplicationShutdownHook]  HikariPool-1 - Shutdown initiated...
2023-01-25 14:13:50,497 INFO com.zaxxer.hikari.HikariDataSource [SpringApplicationShutdownHook]  HikariPool-1 - Shutdown completed.
2023-01-25 14:13:59,278 INFO org.springframework.boot.StartupInfoLogger [restartedMain]  Starting UtilityserviceApplication using Java 11.0.17 on SHAJ-MAC.local with PID 61897 (/Users/user/Documents/reddot/backend/utilityservice/target/classes started by user in /Users/user/Documents/reddot/backend/utilityservice)
2023-01-25 14:13:59,279 INFO org.springframework.boot.SpringApplication [restartedMain]  No active profile set, falling back to 1 default profile: "default"
2023-01-25 14:13:59,310 INFO org.springframework.boot.logging.DeferredLog [restartedMain]  Devtools property defaults active! Set 'spring.devtools.add-properties' to 'false' to disable
2023-01-25 14:13:59,310 INFO org.springframework.boot.logging.DeferredLog [restartedMain]  For additional web related logging consider setting the 'logging.level.web' property to 'DEBUG'
2023-01-25 14:13:59,875 INFO org.springframework.data.repository.config.RepositoryConfigurationDelegate [restartedMain]  Multiple Spring Data modules found, entering strict repository configuration mode
2023-01-25 14:13:59,875 INFO org.springframework.data.repository.config.RepositoryConfigurationDelegate [restartedMain]  Bootstrapping Spring Data JPA repositories in DEFAULT mode.
2023-01-25 14:13:59,892 INFO org.springframework.data.repository.config.RepositoryConfigurationDelegate [restartedMain]  Finished Spring Data repository scanning in 6 ms. Found 0 JPA repository interfaces.
2023-01-25 14:13:59,904 INFO org.springframework.data.repository.config.RepositoryConfigurationDelegate [restartedMain]  Multiple Spring Data modules found, entering strict repository configuration mode
2023-01-25 14:13:59,905 INFO org.springframework.data.repository.config.RepositoryConfigurationDelegate [restartedMain]  Bootstrapping Spring Data Redis repositories in DEFAULT mode.
2023-01-25 14:13:59,915 INFO org.springframework.data.repository.config.RepositoryConfigurationDelegate [restartedMain]  Finished Spring Data repository scanning in 3 ms. Found 0 Redis repository interfaces.
2023-01-25 14:14:00,368 INFO org.springframework.boot.web.embedded.tomcat.TomcatWebServer [restartedMain]  Tomcat initialized with port(s): 8080 (http)
2023-01-25 14:14:00,375 INFO org.apache.juli.logging.DirectJDKLog [restartedMain]  Initializing ProtocolHandler ["http-nio-8080"]
2023-01-25 14:14:00,375 INFO org.apache.juli.logging.DirectJDKLog [restartedMain]  Starting service [Tomcat]
2023-01-25 14:14:00,375 INFO org.apache.juli.logging.DirectJDKLog [restartedMain]  Starting Servlet engine: [Apache Tomcat/9.0.70]
2023-01-25 14:14:00,429 INFO org.apache.juli.logging.DirectJDKLog [restartedMain]  Initializing Spring embedded WebApplicationContext
2023-01-25 14:14:00,429 INFO org.springframework.boot.web.servlet.context.ServletWebServerApplicationContext [restartedMain]  Root WebApplicationContext: initialization completed in 1118 ms
2023-01-25 14:14:00,556 INFO org.hibernate.jpa.internal.util.LogHelper [restartedMain]  HHH000204: Processing PersistenceUnitInfo [name: default]
2023-01-25 14:14:00,592 INFO org.hibernate.Version [restartedMain]  HHH000412: Hibernate ORM core version 5.6.14.Final
2023-01-25 14:14:00,691 INFO org.hibernate.annotations.common.reflection.java.JavaReflectionManager [restartedMain]  HCANN000001: Hibernate Commons Annotations {5.1.2.Final}
2023-01-25 14:14:00,757 WARN com.zaxxer.hikari.HikariConfig [restartedMain]  HikariPool-1 - maxLifetime is less than 30000ms, setting to default 1800000ms.
2023-01-25 14:14:00,758 INFO com.zaxxer.hikari.HikariDataSource [restartedMain]  HikariPool-1 - Starting...
2023-01-25 14:14:00,975 INFO com.zaxxer.hikari.HikariDataSource [restartedMain]  HikariPool-1 - Start completed.
2023-01-25 14:14:00,987 INFO org.hibernate.dialect.Dialect [restartedMain]  HHH000400: Using dialect: org.hibernate.dialect.MySQL8Dialect
2023-01-25 14:14:01,153 INFO org.hibernate.engine.transaction.jta.platform.internal.JtaPlatformInitiator [restartedMain]  HHH000490: Using JtaPlatform implementation: [org.hibernate.engine.transaction.jta.platform.internal.NoJtaPlatform]
2023-01-25 14:14:01,161 INFO org.springframework.orm.jpa.AbstractEntityManagerFactoryBean [restartedMain]  Initialized JPA EntityManagerFactory for persistence unit 'default'
2023-01-25 14:14:02,512 WARN org.springframework.boot.autoconfigure.orm.jpa.JpaBaseConfiguration$JpaWebConfiguration [restartedMain]  spring.jpa.open-in-view is enabled by default. Therefore, database queries may be performed during view rendering. Explicitly configure spring.jpa.open-in-view to disable this warning
2023-01-25 14:14:02,785 INFO org.springframework.boot.devtools.autoconfigure.OptionalLiveReloadServer [restartedMain]  LiveReload server is running on port 35729
2023-01-25 14:14:02,801 INFO org.apache.juli.logging.DirectJDKLog [restartedMain]  Starting ProtocolHandler ["http-nio-8080"]
2023-01-25 14:14:02,811 INFO org.springframework.boot.web.embedded.tomcat.TomcatWebServer [restartedMain]  Tomcat started on port(s): 8080 (http) with context path ''
2023-01-25 14:14:02,822 INFO org.springframework.boot.StartupInfoLogger [restartedMain]  Started UtilityserviceApplication in 3.867 seconds (JVM running for 9.415)
2023-01-25 14:14:19,109 INFO org.springframework.orm.jpa.AbstractEntityManagerFactoryBean [SpringApplicationShutdownHook]  Closing JPA EntityManagerFactory for persistence unit 'default'
2023-01-25 14:14:19,113 INFO com.zaxxer.hikari.HikariDataSource [SpringApplicationShutdownHook]  HikariPool-1 - Shutdown initiated...
2023-01-25 14:14:19,121 INFO com.zaxxer.hikari.HikariDataSource [SpringApplicationShutdownHook]  HikariPool-1 - Shutdown completed.
2023-01-25 14:14:27,309 INFO org.springframework.boot.StartupInfoLogger [restartedMain]  Starting UtilityserviceApplication using Java 11.0.17 on SHAJ-MAC.local with PID 61933 (/Users/user/Documents/reddot/backend/utilityservice/target/classes started by user in /Users/user/Documents/reddot/backend/utilityservice)
2023-01-25 14:14:27,310 INFO org.springframework.boot.SpringApplication [restartedMain]  No active profile set, falling back to 1 default profile: "default"
2023-01-25 14:14:27,341 INFO org.springframework.boot.logging.DeferredLog [restartedMain]  Devtools property defaults active! Set 'spring.devtools.add-properties' to 'false' to disable
2023-01-25 14:14:27,342 INFO org.springframework.boot.logging.DeferredLog [restartedMain]  For additional web related logging consider setting the 'logging.level.web' property to 'DEBUG'
2023-01-25 14:14:27,890 INFO org.springframework.data.repository.config.RepositoryConfigurationDelegate [restartedMain]  Multiple Spring Data modules found, entering strict repository configuration mode
2023-01-25 14:14:27,890 INFO org.springframework.data.repository.config.RepositoryConfigurationDelegate [restartedMain]  Bootstrapping Spring Data JPA repositories in DEFAULT mode.
2023-01-25 14:14:27,908 INFO org.springframework.data.repository.config.RepositoryConfigurationDelegate [restartedMain]  Finished Spring Data repository scanning in 11 ms. Found 0 JPA repository interfaces.
2023-01-25 14:14:27,921 INFO org.springframework.data.repository.config.RepositoryConfigurationDelegate [restartedMain]  Multiple Spring Data modules found, entering strict repository configuration mode
2023-01-25 14:14:27,922 INFO org.springframework.data.repository.config.RepositoryConfigurationDelegate [restartedMain]  Bootstrapping Spring Data Redis repositories in DEFAULT mode.
2023-01-25 14:14:27,936 INFO org.springframework.data.repository.config.RepositoryConfigurationDelegate [restartedMain]  Finished Spring Data repository scanning in 3 ms. Found 0 Redis repository interfaces.
2023-01-25 14:14:28,394 INFO org.springframework.boot.web.embedded.tomcat.TomcatWebServer [restartedMain]  Tomcat initialized with port(s): 8080 (http)
2023-01-25 14:14:28,402 INFO org.apache.juli.logging.DirectJDKLog [restartedMain]  Initializing ProtocolHandler ["http-nio-8080"]
2023-01-25 14:14:28,402 INFO org.apache.juli.logging.DirectJDKLog [restartedMain]  Starting service [Tomcat]
2023-01-25 14:14:28,402 INFO org.apache.juli.logging.DirectJDKLog [restartedMain]  Starting Servlet engine: [Apache Tomcat/9.0.70]
2023-01-25 14:14:28,458 INFO org.apache.juli.logging.DirectJDKLog [restartedMain]  Initializing Spring embedded WebApplicationContext
2023-01-25 14:14:28,458 INFO org.springframework.boot.web.servlet.context.ServletWebServerApplicationContext [restartedMain]  Root WebApplicationContext: initialization completed in 1115 ms
2023-01-25 14:14:28,594 INFO org.hibernate.jpa.internal.util.LogHelper [restartedMain]  HHH000204: Processing PersistenceUnitInfo [name: default]
2023-01-25 14:14:28,633 INFO org.hibernate.Version [restartedMain]  HHH000412: Hibernate ORM core version 5.6.14.Final
2023-01-25 14:14:28,734 INFO org.hibernate.annotations.common.reflection.java.JavaReflectionManager [restartedMain]  HCANN000001: Hibernate Commons Annotations {5.1.2.Final}
2023-01-25 14:14:28,798 WARN com.zaxxer.hikari.HikariConfig [restartedMain]  HikariPool-1 - maxLifetime is less than 30000ms, setting to default 1800000ms.
2023-01-25 14:14:28,799 INFO com.zaxxer.hikari.HikariDataSource [restartedMain]  HikariPool-1 - Starting...
2023-01-25 14:14:29,014 INFO com.zaxxer.hikari.HikariDataSource [restartedMain]  HikariPool-1 - Start completed.
2023-01-25 14:14:29,025 INFO org.hibernate.dialect.Dialect [restartedMain]  HHH000400: Using dialect: org.hibernate.dialect.MySQL8Dialect
2023-01-25 14:14:29,188 INFO org.hibernate.engine.transaction.jta.platform.internal.JtaPlatformInitiator [restartedMain]  HHH000490: Using JtaPlatform implementation: [org.hibernate.engine.transaction.jta.platform.internal.NoJtaPlatform]
2023-01-25 14:14:29,195 INFO org.springframework.orm.jpa.AbstractEntityManagerFactoryBean [restartedMain]  Initialized JPA EntityManagerFactory for persistence unit 'default'
2023-01-25 14:14:29,933 WARN org.springframework.boot.autoconfigure.orm.jpa.JpaBaseConfiguration$JpaWebConfiguration [restartedMain]  spring.jpa.open-in-view is enabled by default. Therefore, database queries may be performed during view rendering. Explicitly configure spring.jpa.open-in-view to disable this warning
2023-01-25 14:14:30,218 INFO org.springframework.boot.devtools.autoconfigure.OptionalLiveReloadServer [restartedMain]  LiveReload server is running on port 35729
2023-01-25 14:14:30,233 INFO org.apache.juli.logging.DirectJDKLog [restartedMain]  Starting ProtocolHandler ["http-nio-8080"]
2023-01-25 14:14:30,243 INFO org.springframework.boot.web.embedded.tomcat.TomcatWebServer [restartedMain]  Tomcat started on port(s): 8080 (http) with context path ''
2023-01-25 14:14:30,253 INFO org.springframework.boot.StartupInfoLogger [restartedMain]  Started UtilityserviceApplication in 3.269 seconds (JVM running for 8.818)
2023-01-25 14:15:22,971 INFO org.apache.juli.logging.DirectJDKLog [http-nio-8080-exec-2]  Initializing Spring DispatcherServlet 'dispatcherServlet'
2023-01-25 14:15:22,972 INFO org.springframework.web.servlet.FrameworkServlet [http-nio-8080-exec-2]  Initializing Servlet 'dispatcherServlet'
2023-01-25 14:15:22,973 INFO org.springframework.web.servlet.FrameworkServlet [http-nio-8080-exec-2]  Completed initialization in 1 ms
2023-01-25 15:34:59,893 WARN com.zaxxer.hikari.pool.HikariPool$HouseKeeper [HikariPool-1 housekeeper]  HikariPool-1 - Thread starvation or clock leap detected (housekeeper delta=13m388ms).
2023-01-25 16:08:05,737 WARN com.zaxxer.hikari.pool.HikariPool$HouseKeeper [HikariPool-1 housekeeper]  HikariPool-1 - Thread starvation or clock leap detected (housekeeper delta=23m5s762ms).
2023-01-25 16:12:27,653 WARN com.zaxxer.hikari.pool.HikariPool$HouseKeeper [HikariPool-1 housekeeper]  HikariPool-1 - Thread starvation or clock leap detected (housekeeper delta=3m51s893ms).
2023-01-25 16:13:59,107 WARN com.zaxxer.hikari.pool.HikariPool$HouseKeeper [HikariPool-1 housekeeper]  HikariPool-1 - Thread starvation or clock leap detected (housekeeper delta=1m1s468ms).
2023-01-25 16:18:19,417 WARN com.zaxxer.hikari.pool.HikariPool$HouseKeeper [HikariPool-1 housekeeper]  HikariPool-1 - Thread starvation or clock leap detected (housekeeper delta=2m20s294ms).
2023-01-25 17:56:42,629 WARN com.zaxxer.hikari.pool.HikariPool$HouseKeeper [HikariPool-1 housekeeper]  HikariPool-1 - Thread starvation or clock leap detected (housekeeper delta=1m40s40ms).
2023-01-25 18:20:37,649 WARN com.zaxxer.hikari.pool.HikariPool$HouseKeeper [HikariPool-1 housekeeper]  HikariPool-1 - Thread starvation or clock leap detected (housekeeper delta=15m54s898ms).
2023-01-25 18:23:44,798 WARN com.zaxxer.hikari.pool.HikariPool$HouseKeeper [HikariPool-1 housekeeper]  HikariPool-1 - Thread starvation or clock leap detected (housekeeper delta=2m37s139ms).
2023-01-25 19:09:21,301 WARN com.zaxxer.hikari.pool.HikariPool$HouseKeeper [HikariPool-1 housekeeper]  HikariPool-1 - Thread starvation or clock leap detected (housekeeper delta=5m36s346ms).
2023-01-25 19:32:35,615 WARN com.zaxxer.hikari.pool.HikariPool$HouseKeeper [HikariPool-1 housekeeper]  HikariPool-1 - Thread starvation or clock leap detected (housekeeper delta=22m44s409ms).
2023-01-25 20:08:10,756 WARN com.zaxxer.hikari.pool.HikariPool$HouseKeeper [HikariPool-1 housekeeper]  HikariPool-1 - Thread starvation or clock leap detected (housekeeper delta=19m5s115ms).
2023-01-25 20:26:13,450 WARN com.zaxxer.hikari.pool.HikariPool$HouseKeeper [HikariPool-1 housekeeper]  HikariPool-1 - Thread starvation or clock leap detected (housekeeper delta=17m32s739ms).
2023-01-25 20:28:28,738 WARN com.zaxxer.hikari.pool.HikariPool$HouseKeeper [HikariPool-1 housekeeper]  HikariPool-1 - Thread starvation or clock leap detected (housekeeper delta=2m15s287ms).
2023-01-25 21:27:16,201 WARN com.zaxxer.hikari.pool.HikariPool$HouseKeeper [HikariPool-1 housekeeper]  HikariPool-1 - Thread starvation or clock leap detected (housekeeper delta=58m17s455ms).
2023-01-25 22:49:41,804 WARN com.zaxxer.hikari.pool.HikariPool$HouseKeeper [HikariPool-1 housekeeper]  HikariPool-1 - Thread starvation or clock leap detected (housekeeper delta=1h21m55s293ms).
2023-01-25 23:42:32,882 WARN com.zaxxer.hikari.pool.HikariPool$HouseKeeper [HikariPool-1 housekeeper]  HikariPool-1 - Thread starvation or clock leap detected (housekeeper delta=52m50s996ms).
2023-01-25 23:48:46,418 INFO org.springframework.orm.jpa.AbstractEntityManagerFactoryBean [SpringApplicationShutdownHook]  Closing JPA EntityManagerFactory for persistence unit 'default'
2023-01-25 23:48:46,434 INFO com.zaxxer.hikari.HikariDataSource [SpringApplicationShutdownHook]  HikariPool-1 - Shutdown initiated...
2023-01-25 23:48:46,461 INFO com.zaxxer.hikari.HikariDataSource [SpringApplicationShutdownHook]  HikariPool-1 - Shutdown completed.
