2023-03-20 15:37:17,609 INFO org.springframework.boot.StartupInfoLogger [restartedMain]  Starting UtilityServiceApplication using Java 11.0.17 on SHAJ-MAC.local with PID 15589 (/Users/user/Documents/reddot/backend/utilityservice/target/classes started by user in /Users/user/Documents/reddot/backend/utilityservice)
2023-03-20 15:37:17,610 DEBUG org.springframework.boot.StartupInfoLogger [restartedMain]  Running with Spring Boot v2.7.7, Spring v5.3.24
2023-03-20 15:37:17,610 INFO org.springframework.boot.SpringApplication [restartedMain]  The following 1 profile is active: "stage"
2023-03-20 15:37:17,656 INFO org.springframework.boot.logging.DeferredLog [restartedMain]  The Class-Path manifest attribute in /Users/user/.m2/repository/com/oracle/database/jdbc/ojdbc8/21.4.0.0/ojdbc8-21.4.0.0.jar referenced one or more files that do not exist: file:/Users/user/.m2/repository/com/oracle/database/jdbc/ojdbc8/21.4.0.0/oraclepki.jar
2023-03-20 15:37:17,657 INFO org.springframework.boot.logging.DeferredLog [restartedMain]  Devtools property defaults active! Set 'spring.devtools.add-properties' to 'false' to disable
2023-03-20 15:37:17,657 INFO org.springframework.boot.logging.DeferredLog [restartedMain]  For additional web related logging consider setting the 'logging.level.web' property to 'DEBUG'
2023-03-20 15:37:18,311 INFO org.springframework.data.repository.config.RepositoryConfigurationDelegate [restartedMain]  Multiple Spring Data modules found, entering strict repository configuration mode
2023-03-20 15:37:18,312 INFO org.springframework.data.repository.config.RepositoryConfigurationDelegate [restartedMain]  Bootstrapping Spring Data JPA repositories in DEFAULT mode.
2023-03-20 15:37:18,368 INFO org.springframework.data.repository.config.RepositoryConfigurationDelegate [restartedMain]  Finished Spring Data repository scanning in 51 ms. Found 2 JPA repository interfaces.
2023-03-20 15:37:18,384 INFO org.springframework.data.repository.config.RepositoryConfigurationDelegate [restartedMain]  Multiple Spring Data modules found, entering strict repository configuration mode
2023-03-20 15:37:18,385 INFO org.springframework.data.repository.config.RepositoryConfigurationDelegate [restartedMain]  Bootstrapping Spring Data Redis repositories in DEFAULT mode.
2023-03-20 15:37:18,409 INFO org.springframework.data.repository.config.RepositoryConfigurationExtensionSupport [restartedMain]  Spring Data Redis - Could not safely identify store assignment for repository candidate interface com.reddot.utilityservice.common.repository.TransactionRepository; If you want this repository to be a Redis repository, consider annotating your entities with one of these annotations: org.springframework.data.redis.core.RedisHash (preferred), or consider extending one of the following types with your repository: org.springframework.data.keyvalue.repository.KeyValueRepository
2023-03-20 15:37:18,410 INFO org.springframework.data.repository.config.RepositoryConfigurationExtensionSupport [restartedMain]  Spring Data Redis - Could not safely identify store assignment for repository candidate interface com.reddot.utilityservice.features.desco_postpaid.repository.DescoPostpaidRepository; If you want this repository to be a Redis repository, consider annotating your entities with one of these annotations: org.springframework.data.redis.core.RedisHash (preferred), or consider extending one of the following types with your repository: org.springframework.data.keyvalue.repository.KeyValueRepository
2023-03-20 15:37:18,411 INFO org.springframework.data.repository.config.RepositoryConfigurationDelegate [restartedMain]  Finished Spring Data repository scanning in 15 ms. Found 0 Redis repository interfaces.
2023-03-20 15:37:18,960 INFO org.springframework.boot.web.embedded.tomcat.TomcatWebServer [restartedMain]  Tomcat initialized with port(s): 8080 (http)
2023-03-20 15:37:18,968 INFO org.apache.juli.logging.DirectJDKLog [restartedMain]  Initializing ProtocolHandler ["http-nio-8080"]
2023-03-20 15:37:18,969 INFO org.apache.juli.logging.DirectJDKLog [restartedMain]  Starting service [Tomcat]
2023-03-20 15:37:18,969 INFO org.apache.juli.logging.DirectJDKLog [restartedMain]  Starting Servlet engine: [Apache Tomcat/9.0.70]
2023-03-20 15:37:19,025 INFO org.apache.juli.logging.DirectJDKLog [restartedMain]  Initializing Spring embedded WebApplicationContext
2023-03-20 15:37:19,025 INFO org.springframework.boot.web.servlet.context.ServletWebServerApplicationContext [restartedMain]  Root WebApplicationContext: initialization completed in 1367 ms
2023-03-20 15:37:19,200 INFO org.hibernate.jpa.internal.util.LogHelper [restartedMain]  HHH000204: Processing PersistenceUnitInfo [name: default]
2023-03-20 15:37:19,244 INFO org.hibernate.Version [restartedMain]  HHH000412: Hibernate ORM core version 5.6.14.Final
2023-03-20 15:37:19,356 INFO org.hibernate.annotations.common.reflection.java.JavaReflectionManager [restartedMain]  HCANN000001: Hibernate Commons Annotations {5.1.2.Final}
2023-03-20 15:37:19,433 WARN com.zaxxer.hikari.HikariConfig [restartedMain]  HikariPool-1 - maxLifetime is less than 30000ms, setting to default 1800000ms.
2023-03-20 15:37:19,434 INFO com.zaxxer.hikari.HikariDataSource [restartedMain]  HikariPool-1 - Starting...
2023-03-20 15:37:20,263 INFO com.zaxxer.hikari.HikariDataSource [restartedMain]  HikariPool-1 - Start completed.
2023-03-20 15:37:20,277 INFO org.hibernate.dialect.Dialect [restartedMain]  HHH000400: Using dialect: org.hibernate.dialect.Oracle12cDialect
2023-03-20 15:38:10,243 INFO org.hibernate.engine.transaction.jta.platform.internal.JtaPlatformInitiator [restartedMain]  HHH000490: Using JtaPlatform implementation: [org.hibernate.engine.transaction.jta.platform.internal.NoJtaPlatform]
2023-03-20 15:38:10,261 INFO org.springframework.orm.jpa.AbstractEntityManagerFactoryBean [restartedMain]  Initialized JPA EntityManagerFactory for persistence unit 'default'
2023-03-20 15:38:11,903 WARN org.springframework.boot.autoconfigure.orm.jpa.JpaBaseConfiguration$JpaWebConfiguration [restartedMain]  spring.jpa.open-in-view is enabled by default. Therefore, database queries may be performed during view rendering. Explicitly configure spring.jpa.open-in-view to disable this warning
2023-03-20 15:38:12,236 INFO org.springframework.boot.devtools.autoconfigure.OptionalLiveReloadServer [restartedMain]  LiveReload server is running on port 35729
2023-03-20 15:38:12,251 INFO org.apache.juli.logging.DirectJDKLog [restartedMain]  Starting ProtocolHandler ["http-nio-8080"]
2023-03-20 15:38:12,261 INFO org.springframework.boot.web.embedded.tomcat.TomcatWebServer [restartedMain]  Tomcat started on port(s): 8080 (http) with context path ''
2023-03-20 15:38:12,276 INFO org.springframework.boot.StartupInfoLogger [restartedMain]  Started UtilityServiceApplication in 55.063 seconds (JVM running for 60.742)
2023-03-20 15:46:41,137 INFO org.apache.juli.logging.DirectJDKLog [http-nio-8080-exec-1]  Initializing Spring DispatcherServlet 'dispatcherServlet'
2023-03-20 15:46:41,138 INFO org.springframework.web.servlet.FrameworkServlet [http-nio-8080-exec-1]  Initializing Servlet 'dispatcherServlet'
2023-03-20 15:46:41,139 INFO org.springframework.web.servlet.FrameworkServlet [http-nio-8080-exec-1]  Completed initialization in 1 ms
2023-03-20 15:46:41,158 DEBUG com.reddot.utilityservice.configuration.HttpLoggingFilter [http-nio-8080-exec-1] ea9a1549-bae3-4c1f-9ce1-3a22270c9c53 REST Request - [HTTP METHOD:GET] [PATH INFO:/api/utility/detail] [REQUEST PARAMETERS:{utilityCode=WASA_GENERAL-BILL}] [REQUEST BODY:] [REMOTE ADDRESS:0:0:0:0:0:0:0:1]
2023-03-20 15:46:41,258 DEBUG com.reddot.utilityservice.configuration.HttpLoggingFilter [http-nio-8080-exec-1] ea9a1549-bae3-4c1f-9ce1-3a22270c9c53  [RESPONSE:{"utilityCode":"WASA_GENERAL-BILL","utilityTitle":"WASA","utilityImage":"http://api.sslwireless.com/uploads/utility_logo/wasa.png","flow":"1","fieldItemList":[{"key":"account_no","label":"Account number","fieldType":"text","dataType":"text","regex":"[a-zA-Z_0-9]{1,30}","hint":"E.g. xxxxxxxxx","options":null,"required":true},{"key":"billno","label":"Bill Number","fieldType":"text","dataType":"numeric","regex":"[a-zA-Z_0-9]{1,30}","hint":"E.g. xxxxxxxxx","options":null,"required":true},{"key":"notification_no","label":"Notification Number","fieldType":"text","dataType":"numeric","regex":"^(?:\\+?88|0088)?01[15-9]\\d{8}$","hint":"E.g. xxx191222","options":null,"required":false}]}] [REQUEST TIME:Mon Mar 20 15:46:41 BDT 2023] [ELAPSED TIME:114ms]
