2023-03-22 16:24:05,567 INFO org.springframework.boot.StartupInfoLogger [restartedMain]  Starting UtilityServiceApplication using Java 11.0.17 on R50000273B with PID 16028 (D:\RedDot Projects\utility-service\target\classes started by fahim.akber in D:\RedDot Projects\utility-service)
2023-03-22 16:24:05,571 DEBUG org.springframework.boot.StartupInfoLogger [restartedMain]  Running with Spring Boot v2.7.7, Spring v5.3.24
2023-03-22 16:24:05,571 INFO org.springframework.boot.SpringApplication [restartedMain]  The following 1 profile is active: "dev"
2023-03-22 16:24:05,605 INFO org.springframework.boot.logging.DeferredLog [restartedMain]  The Class-Path manifest attribute in C:\Users\fahim.akber\.m2\repository\com\oracle\database\jdbc\ojdbc8\21.4.0.0\ojdbc8-21.4.0.0.jar referenced one or more files that do not exist: file:/C:/Users/fahim.akber/.m2/repository/com/oracle/database/jdbc/ojdbc8/21.4.0.0/oraclepki.jar
2023-03-22 16:24:05,606 INFO org.springframework.boot.logging.DeferredLog [restartedMain]  Devtools property defaults active! Set 'spring.devtools.add-properties' to 'false' to disable
2023-03-22 16:24:05,606 INFO org.springframework.boot.logging.DeferredLog [restartedMain]  For additional web related logging consider setting the 'logging.level.web' property to 'DEBUG'
2023-03-22 16:24:06,290 INFO org.springframework.data.repository.config.RepositoryConfigurationDelegate [restartedMain]  Multiple Spring Data modules found, entering strict repository configuration mode
2023-03-22 16:24:06,290 INFO org.springframework.data.repository.config.RepositoryConfigurationDelegate [restartedMain]  Bootstrapping Spring Data JPA repositories in DEFAULT mode.
2023-03-22 16:24:06,363 INFO org.springframework.data.repository.config.RepositoryConfigurationDelegate [restartedMain]  Finished Spring Data repository scanning in 68 ms. Found 2 JPA repository interfaces.
2023-03-22 16:24:06,375 INFO org.springframework.data.repository.config.RepositoryConfigurationDelegate [restartedMain]  Multiple Spring Data modules found, entering strict repository configuration mode
2023-03-22 16:24:06,376 INFO org.springframework.data.repository.config.RepositoryConfigurationDelegate [restartedMain]  Bootstrapping Spring Data Redis repositories in DEFAULT mode.
2023-03-22 16:24:06,397 INFO org.springframework.data.repository.config.RepositoryConfigurationExtensionSupport [restartedMain]  Spring Data Redis - Could not safely identify store assignment for repository candidate interface com.reddot.utilityservice.common.repository.TransactionRepository; If you want this repository to be a Redis repository, consider annotating your entities with one of these annotations: org.springframework.data.redis.core.RedisHash (preferred), or consider extending one of the following types with your repository: org.springframework.data.keyvalue.repository.KeyValueRepository
2023-03-22 16:24:06,398 INFO org.springframework.data.repository.config.RepositoryConfigurationExtensionSupport [restartedMain]  Spring Data Redis - Could not safely identify store assignment for repository candidate interface com.reddot.utilityservice.features.desco.postpaid.repository.DescoPostpaidRepository; If you want this repository to be a Redis repository, consider annotating your entities with one of these annotations: org.springframework.data.redis.core.RedisHash (preferred), or consider extending one of the following types with your repository: org.springframework.data.keyvalue.repository.KeyValueRepository
2023-03-22 16:24:06,398 INFO org.springframework.data.repository.config.RepositoryConfigurationDelegate [restartedMain]  Finished Spring Data repository scanning in 13 ms. Found 0 Redis repository interfaces.
2023-03-22 16:24:06,881 INFO org.springframework.boot.web.embedded.tomcat.TomcatWebServer [restartedMain]  Tomcat initialized with port(s): 8080 (http)
2023-03-22 16:24:06,888 INFO org.apache.juli.logging.DirectJDKLog [restartedMain]  Initializing ProtocolHandler ["http-nio-8080"]
2023-03-22 16:24:06,889 INFO org.apache.juli.logging.DirectJDKLog [restartedMain]  Starting service [Tomcat]
2023-03-22 16:24:06,889 INFO org.apache.juli.logging.DirectJDKLog [restartedMain]  Starting Servlet engine: [Apache Tomcat/9.0.70]
2023-03-22 16:24:06,971 INFO org.apache.juli.logging.DirectJDKLog [restartedMain]  Initializing Spring embedded WebApplicationContext
2023-03-22 16:24:06,972 INFO org.springframework.boot.web.servlet.context.ServletWebServerApplicationContext [restartedMain]  Root WebApplicationContext: initialization completed in 1366 ms
2023-03-22 16:24:07,100 INFO org.hibernate.jpa.internal.util.LogHelper [restartedMain]  HHH000204: Processing PersistenceUnitInfo [name: default]
2023-03-22 16:24:07,140 INFO org.hibernate.Version [restartedMain]  HHH000412: Hibernate ORM core version 5.6.14.Final
2023-03-22 16:24:07,238 INFO org.hibernate.annotations.common.reflection.java.JavaReflectionManager [restartedMain]  HCANN000001: Hibernate Commons Annotations {5.1.2.Final}
2023-03-22 16:24:07,294 WARN com.zaxxer.hikari.HikariConfig [restartedMain]  HikariPool-1 - maxLifetime is less than 30000ms, setting to default 1800000ms.
2023-03-22 16:24:07,295 INFO com.zaxxer.hikari.HikariDataSource [restartedMain]  HikariPool-1 - Starting...
2023-03-22 16:24:08,059 INFO com.zaxxer.hikari.HikariDataSource [restartedMain]  HikariPool-1 - Start completed.
2023-03-22 16:24:08,067 INFO org.hibernate.dialect.Dialect [restartedMain]  HHH000400: Using dialect: org.hibernate.dialect.MySQL8Dialect
2023-03-22 16:24:20,960 INFO org.hibernate.engine.transaction.jta.platform.internal.JtaPlatformInitiator [restartedMain]  HHH000490: Using JtaPlatform implementation: [org.hibernate.engine.transaction.jta.platform.internal.NoJtaPlatform]
2023-03-22 16:24:20,972 INFO org.springframework.orm.jpa.AbstractEntityManagerFactoryBean [restartedMain]  Initialized JPA EntityManagerFactory for persistence unit 'default'
2023-03-22 16:24:21,809 WARN org.springframework.boot.autoconfigure.orm.jpa.JpaBaseConfiguration$JpaWebConfiguration [restartedMain]  spring.jpa.open-in-view is enabled by default. Therefore, database queries may be performed during view rendering. Explicitly configure spring.jpa.open-in-view to disable this warning
2023-03-22 16:24:22,116 INFO org.springframework.boot.devtools.autoconfigure.OptionalLiveReloadServer [restartedMain]  LiveReload server is running on port 35729
2023-03-22 16:24:22,139 INFO org.apache.juli.logging.DirectJDKLog [restartedMain]  Starting ProtocolHandler ["http-nio-8080"]
2023-03-22 16:24:22,143 WARN org.springframework.context.support.AbstractApplicationContext [restartedMain]  Exception encountered during context initialization - cancelling refresh attempt: org.springframework.context.ApplicationContextException: Failed to start bean 'webServerStartStop'; nested exception is org.springframework.boot.web.server.PortInUseException: Port 8080 is already in use
2023-03-22 16:24:22,166 INFO org.springframework.orm.jpa.AbstractEntityManagerFactoryBean [restartedMain]  Closing JPA EntityManagerFactory for persistence unit 'default'
2023-03-22 16:24:22,169 INFO com.zaxxer.hikari.HikariDataSource [restartedMain]  HikariPool-1 - Shutdown initiated...
2023-03-22 16:24:22,177 INFO com.zaxxer.hikari.HikariDataSource [restartedMain]  HikariPool-1 - Shutdown completed.
2023-03-22 16:24:22,179 INFO org.apache.juli.logging.DirectJDKLog [restartedMain]  Pausing ProtocolHandler ["http-nio-8080"]
2023-03-22 16:24:22,179 INFO org.apache.juli.logging.DirectJDKLog [restartedMain]  Stopping service [Tomcat]
2023-03-22 16:24:22,183 INFO org.apache.juli.logging.DirectJDKLog [restartedMain]  Stopping ProtocolHandler ["http-nio-8080"]
2023-03-22 16:24:22,183 INFO org.apache.juli.logging.DirectJDKLog [restartedMain]  Destroying ProtocolHandler ["http-nio-8080"]
2023-03-22 16:24:22,189 INFO org.springframework.boot.autoconfigure.logging.ConditionEvaluationReportLoggingListener [restartedMain]  

Error starting ApplicationContext. To display the conditions report re-run your application with 'debug' enabled.
2023-03-22 16:24:22,208 ERROR org.springframework.boot.diagnostics.LoggingFailureAnalysisReporter [restartedMain]  

***************************
APPLICATION FAILED TO START
***************************

Description:

Web server failed to start. Port 8080 was already in use.

Action:

Identify and stop the process that's listening on port 8080 or configure this application to listen on another port.

2023-03-22 16:24:37,776 INFO org.springframework.boot.StartupInfoLogger [restartedMain]  Starting UtilityServiceApplication using Java 11.0.17 on R50000273B with PID 23368 (D:\RedDot Projects\utility-service\target\classes started by fahim.akber in D:\RedDot Projects\utility-service)
2023-03-22 16:24:37,777 DEBUG org.springframework.boot.StartupInfoLogger [restartedMain]  Running with Spring Boot v2.7.7, Spring v5.3.24
2023-03-22 16:24:37,778 INFO org.springframework.boot.SpringApplication [restartedMain]  The following 1 profile is active: "dev"
2023-03-22 16:24:37,823 INFO org.springframework.boot.logging.DeferredLog [restartedMain]  The Class-Path manifest attribute in C:\Users\fahim.akber\.m2\repository\com\oracle\database\jdbc\ojdbc8\21.4.0.0\ojdbc8-21.4.0.0.jar referenced one or more files that do not exist: file:/C:/Users/fahim.akber/.m2/repository/com/oracle/database/jdbc/ojdbc8/21.4.0.0/oraclepki.jar
2023-03-22 16:24:37,824 INFO org.springframework.boot.logging.DeferredLog [restartedMain]  Devtools property defaults active! Set 'spring.devtools.add-properties' to 'false' to disable
2023-03-22 16:24:37,824 INFO org.springframework.boot.logging.DeferredLog [restartedMain]  For additional web related logging consider setting the 'logging.level.web' property to 'DEBUG'
2023-03-22 16:24:38,460 INFO org.springframework.data.repository.config.RepositoryConfigurationDelegate [restartedMain]  Multiple Spring Data modules found, entering strict repository configuration mode
2023-03-22 16:24:38,460 INFO org.springframework.data.repository.config.RepositoryConfigurationDelegate [restartedMain]  Bootstrapping Spring Data JPA repositories in DEFAULT mode.
2023-03-22 16:24:38,534 INFO org.springframework.data.repository.config.RepositoryConfigurationDelegate [restartedMain]  Finished Spring Data repository scanning in 68 ms. Found 2 JPA repository interfaces.
2023-03-22 16:24:38,544 INFO org.springframework.data.repository.config.RepositoryConfigurationDelegate [restartedMain]  Multiple Spring Data modules found, entering strict repository configuration mode
2023-03-22 16:24:38,545 INFO org.springframework.data.repository.config.RepositoryConfigurationDelegate [restartedMain]  Bootstrapping Spring Data Redis repositories in DEFAULT mode.
2023-03-22 16:24:38,565 INFO org.springframework.data.repository.config.RepositoryConfigurationExtensionSupport [restartedMain]  Spring Data Redis - Could not safely identify store assignment for repository candidate interface com.reddot.utilityservice.common.repository.TransactionRepository; If you want this repository to be a Redis repository, consider annotating your entities with one of these annotations: org.springframework.data.redis.core.RedisHash (preferred), or consider extending one of the following types with your repository: org.springframework.data.keyvalue.repository.KeyValueRepository
2023-03-22 16:24:38,565 INFO org.springframework.data.repository.config.RepositoryConfigurationExtensionSupport [restartedMain]  Spring Data Redis - Could not safely identify store assignment for repository candidate interface com.reddot.utilityservice.features.desco.postpaid.repository.DescoPostpaidRepository; If you want this repository to be a Redis repository, consider annotating your entities with one of these annotations: org.springframework.data.redis.core.RedisHash (preferred), or consider extending one of the following types with your repository: org.springframework.data.keyvalue.repository.KeyValueRepository
2023-03-22 16:24:38,565 INFO org.springframework.data.repository.config.RepositoryConfigurationDelegate [restartedMain]  Finished Spring Data repository scanning in 14 ms. Found 0 Redis repository interfaces.
2023-03-22 16:24:39,007 INFO org.springframework.boot.web.embedded.tomcat.TomcatWebServer [restartedMain]  Tomcat initialized with port(s): 8080 (http)
2023-03-22 16:24:39,013 INFO org.apache.juli.logging.DirectJDKLog [restartedMain]  Initializing ProtocolHandler ["http-nio-8080"]
2023-03-22 16:24:39,014 INFO org.apache.juli.logging.DirectJDKLog [restartedMain]  Starting service [Tomcat]
2023-03-22 16:24:39,014 INFO org.apache.juli.logging.DirectJDKLog [restartedMain]  Starting Servlet engine: [Apache Tomcat/9.0.70]
2023-03-22 16:24:39,084 INFO org.apache.juli.logging.DirectJDKLog [restartedMain]  Initializing Spring embedded WebApplicationContext
2023-03-22 16:24:39,084 INFO org.springframework.boot.web.servlet.context.ServletWebServerApplicationContext [restartedMain]  Root WebApplicationContext: initialization completed in 1259 ms
2023-03-22 16:24:39,206 INFO org.hibernate.jpa.internal.util.LogHelper [restartedMain]  HHH000204: Processing PersistenceUnitInfo [name: default]
2023-03-22 16:24:39,250 INFO org.hibernate.Version [restartedMain]  HHH000412: Hibernate ORM core version 5.6.14.Final
2023-03-22 16:24:39,353 INFO org.hibernate.annotations.common.reflection.java.JavaReflectionManager [restartedMain]  HCANN000001: Hibernate Commons Annotations {5.1.2.Final}
2023-03-22 16:24:39,432 WARN com.zaxxer.hikari.HikariConfig [restartedMain]  HikariPool-1 - maxLifetime is less than 30000ms, setting to default 1800000ms.
2023-03-22 16:24:39,433 INFO com.zaxxer.hikari.HikariDataSource [restartedMain]  HikariPool-1 - Starting...
2023-03-22 16:24:40,133 INFO com.zaxxer.hikari.HikariDataSource [restartedMain]  HikariPool-1 - Start completed.
2023-03-22 16:24:40,142 INFO org.hibernate.dialect.Dialect [restartedMain]  HHH000400: Using dialect: org.hibernate.dialect.MySQL8Dialect
2023-03-22 16:24:52,951 INFO org.hibernate.engine.transaction.jta.platform.internal.JtaPlatformInitiator [restartedMain]  HHH000490: Using JtaPlatform implementation: [org.hibernate.engine.transaction.jta.platform.internal.NoJtaPlatform]
2023-03-22 16:24:52,957 INFO org.springframework.orm.jpa.AbstractEntityManagerFactoryBean [restartedMain]  Initialized JPA EntityManagerFactory for persistence unit 'default'
2023-03-22 16:24:53,767 WARN org.springframework.boot.autoconfigure.orm.jpa.JpaBaseConfiguration$JpaWebConfiguration [restartedMain]  spring.jpa.open-in-view is enabled by default. Therefore, database queries may be performed during view rendering. Explicitly configure spring.jpa.open-in-view to disable this warning
2023-03-22 16:24:54,029 INFO org.springframework.boot.devtools.autoconfigure.OptionalLiveReloadServer [restartedMain]  LiveReload server is running on port 35729
2023-03-22 16:24:54,041 INFO org.apache.juli.logging.DirectJDKLog [restartedMain]  Starting ProtocolHandler ["http-nio-8080"]
2023-03-22 16:24:54,057 INFO org.springframework.boot.web.embedded.tomcat.TomcatWebServer [restartedMain]  Tomcat started on port(s): 8080 (http) with context path ''
2023-03-22 16:24:54,068 INFO org.springframework.boot.StartupInfoLogger [restartedMain]  Started UtilityServiceApplication in 16.771 seconds (JVM running for 17.76)
2023-03-22 16:26:05,223 INFO org.springframework.orm.jpa.AbstractEntityManagerFactoryBean [SpringApplicationShutdownHook]  Closing JPA EntityManagerFactory for persistence unit 'default'
2023-03-22 16:26:05,229 INFO com.zaxxer.hikari.HikariDataSource [SpringApplicationShutdownHook]  HikariPool-1 - Shutdown initiated...
2023-03-22 16:26:05,242 INFO com.zaxxer.hikari.HikariDataSource [SpringApplicationShutdownHook]  HikariPool-1 - Shutdown completed.
2023-03-22 16:26:10,222 INFO org.springframework.boot.StartupInfoLogger [restartedMain]  Starting UtilityServiceApplication using Java 11.0.17 on R50000273B with PID 16760 (D:\RedDot Projects\utility-service\target\classes started by fahim.akber in D:\RedDot Projects\utility-service)
2023-03-22 16:26:10,224 DEBUG org.springframework.boot.StartupInfoLogger [restartedMain]  Running with Spring Boot v2.7.7, Spring v5.3.24
2023-03-22 16:26:10,224 INFO org.springframework.boot.SpringApplication [restartedMain]  The following 1 profile is active: "dev"
2023-03-22 16:26:10,254 INFO org.springframework.boot.logging.DeferredLog [restartedMain]  The Class-Path manifest attribute in C:\Users\fahim.akber\.m2\repository\com\oracle\database\jdbc\ojdbc8\21.4.0.0\ojdbc8-21.4.0.0.jar referenced one or more files that do not exist: file:/C:/Users/fahim.akber/.m2/repository/com/oracle/database/jdbc/ojdbc8/21.4.0.0/oraclepki.jar
2023-03-22 16:26:10,254 INFO org.springframework.boot.logging.DeferredLog [restartedMain]  Devtools property defaults active! Set 'spring.devtools.add-properties' to 'false' to disable
2023-03-22 16:26:10,254 INFO org.springframework.boot.logging.DeferredLog [restartedMain]  For additional web related logging consider setting the 'logging.level.web' property to 'DEBUG'
2023-03-22 16:26:10,797 INFO org.springframework.data.repository.config.RepositoryConfigurationDelegate [restartedMain]  Multiple Spring Data modules found, entering strict repository configuration mode
2023-03-22 16:26:10,798 INFO org.springframework.data.repository.config.RepositoryConfigurationDelegate [restartedMain]  Bootstrapping Spring Data JPA repositories in DEFAULT mode.
2023-03-22 16:26:10,870 INFO org.springframework.data.repository.config.RepositoryConfigurationDelegate [restartedMain]  Finished Spring Data repository scanning in 66 ms. Found 2 JPA repository interfaces.
2023-03-22 16:26:10,881 INFO org.springframework.data.repository.config.RepositoryConfigurationDelegate [restartedMain]  Multiple Spring Data modules found, entering strict repository configuration mode
2023-03-22 16:26:10,882 INFO org.springframework.data.repository.config.RepositoryConfigurationDelegate [restartedMain]  Bootstrapping Spring Data Redis repositories in DEFAULT mode.
2023-03-22 16:26:10,901 INFO org.springframework.data.repository.config.RepositoryConfigurationExtensionSupport [restartedMain]  Spring Data Redis - Could not safely identify store assignment for repository candidate interface com.reddot.utilityservice.common.repository.TransactionRepository; If you want this repository to be a Redis repository, consider annotating your entities with one of these annotations: org.springframework.data.redis.core.RedisHash (preferred), or consider extending one of the following types with your repository: org.springframework.data.keyvalue.repository.KeyValueRepository
2023-03-22 16:26:10,901 INFO org.springframework.data.repository.config.RepositoryConfigurationExtensionSupport [restartedMain]  Spring Data Redis - Could not safely identify store assignment for repository candidate interface com.reddot.utilityservice.features.desco.postpaid.repository.DescoPostpaidRepository; If you want this repository to be a Redis repository, consider annotating your entities with one of these annotations: org.springframework.data.redis.core.RedisHash (preferred), or consider extending one of the following types with your repository: org.springframework.data.keyvalue.repository.KeyValueRepository
2023-03-22 16:26:10,901 INFO org.springframework.data.repository.config.RepositoryConfigurationDelegate [restartedMain]  Finished Spring Data repository scanning in 13 ms. Found 0 Redis repository interfaces.
2023-03-22 16:26:11,370 INFO org.springframework.boot.web.embedded.tomcat.TomcatWebServer [restartedMain]  Tomcat initialized with port(s): 8080 (http)
2023-03-22 16:26:11,377 INFO org.apache.juli.logging.DirectJDKLog [restartedMain]  Initializing ProtocolHandler ["http-nio-8080"]
2023-03-22 16:26:11,378 INFO org.apache.juli.logging.DirectJDKLog [restartedMain]  Starting service [Tomcat]
2023-03-22 16:26:11,378 INFO org.apache.juli.logging.DirectJDKLog [restartedMain]  Starting Servlet engine: [Apache Tomcat/9.0.70]
2023-03-22 16:26:11,455 INFO org.apache.juli.logging.DirectJDKLog [restartedMain]  Initializing Spring embedded WebApplicationContext
2023-03-22 16:26:11,456 INFO org.springframework.boot.web.servlet.context.ServletWebServerApplicationContext [restartedMain]  Root WebApplicationContext: initialization completed in 1201 ms
2023-03-22 16:26:11,576 INFO org.hibernate.jpa.internal.util.LogHelper [restartedMain]  HHH000204: Processing PersistenceUnitInfo [name: default]
2023-03-22 16:26:11,615 INFO org.hibernate.Version [restartedMain]  HHH000412: Hibernate ORM core version 5.6.14.Final
2023-03-22 16:26:11,702 INFO org.hibernate.annotations.common.reflection.java.JavaReflectionManager [restartedMain]  HCANN000001: Hibernate Commons Annotations {5.1.2.Final}
2023-03-22 16:26:11,761 WARN com.zaxxer.hikari.HikariConfig [restartedMain]  HikariPool-1 - maxLifetime is less than 30000ms, setting to default 1800000ms.
2023-03-22 16:26:11,762 INFO com.zaxxer.hikari.HikariDataSource [restartedMain]  HikariPool-1 - Starting...
2023-03-22 16:26:12,444 INFO com.zaxxer.hikari.HikariDataSource [restartedMain]  HikariPool-1 - Start completed.
2023-03-22 16:26:12,453 INFO org.hibernate.dialect.Dialect [restartedMain]  HHH000400: Using dialect: org.hibernate.dialect.MySQL8Dialect
2023-03-22 16:26:25,116 INFO org.hibernate.engine.transaction.jta.platform.internal.JtaPlatformInitiator [restartedMain]  HHH000490: Using JtaPlatform implementation: [org.hibernate.engine.transaction.jta.platform.internal.NoJtaPlatform]
2023-03-22 16:26:25,122 INFO org.springframework.orm.jpa.AbstractEntityManagerFactoryBean [restartedMain]  Initialized JPA EntityManagerFactory for persistence unit 'default'
2023-03-22 16:26:25,933 WARN org.springframework.boot.autoconfigure.orm.jpa.JpaBaseConfiguration$JpaWebConfiguration [restartedMain]  spring.jpa.open-in-view is enabled by default. Therefore, database queries may be performed during view rendering. Explicitly configure spring.jpa.open-in-view to disable this warning
2023-03-22 16:26:26,227 INFO org.springframework.boot.devtools.autoconfigure.OptionalLiveReloadServer [restartedMain]  LiveReload server is running on port 35729
2023-03-22 16:26:26,246 INFO org.apache.juli.logging.DirectJDKLog [restartedMain]  Starting ProtocolHandler ["http-nio-8080"]
2023-03-22 16:26:26,256 INFO org.springframework.boot.web.embedded.tomcat.TomcatWebServer [restartedMain]  Tomcat started on port(s): 8080 (http) with context path ''
2023-03-22 16:26:26,269 INFO org.springframework.boot.StartupInfoLogger [restartedMain]  Started UtilityServiceApplication in 16.379 seconds (JVM running for 18.777)
2023-03-22 16:26:41,507 INFO org.apache.juli.logging.DirectJDKLog [http-nio-8080-exec-2]  Initializing Spring DispatcherServlet 'dispatcherServlet'
2023-03-22 16:26:41,509 INFO org.springframework.web.servlet.FrameworkServlet [http-nio-8080-exec-2]  Initializing Servlet 'dispatcherServlet'
2023-03-22 16:26:41,510 INFO org.springframework.web.servlet.FrameworkServlet [http-nio-8080-exec-2]  Completed initialization in 1 ms
2023-03-22 16:26:41,522 DEBUG com.reddot.utilityservice.configuration.HttpLoggingFilter [http-nio-8080-exec-2] 4d2704b4-106e-4570-b034-187626a668ab REST Request - [HTTP METHOD:POST] [PATH INFO:/api/utility/bill-info] [REQUEST PARAMETERS:{}] [REQUEST BODY:{"featureCode":"WASA_GENERAL-BILL","walletNo":"018331840840","dynamicFields":{"account_no":"0302109157","billno":"201000451348","month": "March"}}] [REMOTE ADDRESS:0:0:0:0:0:0:0:1]
2023-03-22 16:27:00,169 DEBUG com.reddot.utilityservice.configuration.HttpLoggingFilter [http-nio-8080-exec-2] 4d2704b4-106e-4570-b034-187626a668ab  [RESPONSE:{"transaction_id":"MTcxNDE4MzMxODQwODQwMTY3OTQ4MDgwMTYxOA==","due_amount":"100","infoItemArrayList":[{"label":"Bill amount","value":"80"},{"label":"Vat amount","value":"10"},{"label":"Other amount","value":"10"},{"label":"Total amount","value":"100"}]}] [REQUEST TIME:Wed Mar 22 16:26:41 BDT 2023] [ELAPSED TIME:18652ms]
2023-03-22 16:50:11,622 DEBUG com.reddot.utilityservice.configuration.HttpLoggingFilter [http-nio-8080-exec-4] 9bad02a7-e1bb-4384-b063-721d5d10e51f REST Request - [HTTP METHOD:GET] [PATH INFO:/utility-transaction/wasa] [REQUEST PARAMETERS:{}] [REQUEST BODY:] [REMOTE ADDRESS:0:0:0:0:0:0:0:1]
2023-03-22 16:50:11,630 ERROR com.reddot.utilityservice.configuration.HttpLoggingFilter [http-nio-8080-exec-4] 9bad02a7-e1bb-4384-b063-721d5d10e51f null
2023-03-22 16:50:20,921 DEBUG com.reddot.utilityservice.configuration.HttpLoggingFilter [http-nio-8080-exec-5] 8583fe0b-dd28-4916-aca0-a4bbd7d35450 REST Request - [HTTP METHOD:GET] [PATH INFO:/utility-transaction/wasa] [REQUEST PARAMETERS:{}] [REQUEST BODY:] [REMOTE ADDRESS:0:0:0:0:0:0:0:1]
2023-03-22 16:50:20,932 ERROR com.reddot.utilityservice.configuration.HttpLoggingFilter [http-nio-8080-exec-5] 8583fe0b-dd28-4916-aca0-a4bbd7d35450 null
2023-03-22 16:51:11,867 DEBUG com.reddot.utilityservice.configuration.HttpLoggingFilter [http-nio-8080-exec-7] c93396f1-7315-4e89-9d45-ec2db058d3b4 REST Request - [HTTP METHOD:GET] [PATH INFO:/utility-transaction/wasa] [REQUEST PARAMETERS:{}] [REQUEST BODY:] [REMOTE ADDRESS:0:0:0:0:0:0:0:1]
2023-03-22 16:51:11,870 ERROR com.reddot.utilityservice.configuration.HttpLoggingFilter [http-nio-8080-exec-7] c93396f1-7315-4e89-9d45-ec2db058d3b4 null
2023-03-22 16:51:34,581 DEBUG com.reddot.utilityservice.configuration.HttpLoggingFilter [http-nio-8080-exec-8] debc14e8-b504-4fb7-be12-3a13f1e6baca REST Request - [HTTP METHOD:GET] [PATH INFO:/utility-transaction/desco-prepaid] [REQUEST PARAMETERS:{}] [REQUEST BODY:] [REMOTE ADDRESS:0:0:0:0:0:0:0:1]
2023-03-22 16:51:34,586 ERROR com.reddot.utilityservice.configuration.HttpLoggingFilter [http-nio-8080-exec-8] debc14e8-b504-4fb7-be12-3a13f1e6baca null
2023-03-22 16:51:36,972 DEBUG com.reddot.utilityservice.configuration.HttpLoggingFilter [http-nio-8080-exec-9] 147034cf-384e-49c1-8242-e9f079304e56 REST Request - [HTTP METHOD:GET] [PATH INFO:/utility-transaction/titas-metered] [REQUEST PARAMETERS:{}] [REQUEST BODY:] [REMOTE ADDRESS:0:0:0:0:0:0:0:1]
2023-03-22 16:51:36,978 ERROR com.reddot.utilityservice.configuration.HttpLoggingFilter [http-nio-8080-exec-9] 147034cf-384e-49c1-8242-e9f079304e56 null
2023-03-22 16:51:37,799 DEBUG com.reddot.utilityservice.configuration.HttpLoggingFilter [http-nio-8080-exec-10] a207eabd-e9ed-4cca-889a-85dbcff87e97 REST Request - [HTTP METHOD:GET] [PATH INFO:/utility-transaction/desco-postpaid] [REQUEST PARAMETERS:{}] [REQUEST BODY:] [REMOTE ADDRESS:0:0:0:0:0:0:0:1]
2023-03-22 16:51:37,808 ERROR com.reddot.utilityservice.configuration.HttpLoggingFilter [http-nio-8080-exec-10] a207eabd-e9ed-4cca-889a-85dbcff87e97 null
2023-03-22 16:51:40,030 DEBUG com.reddot.utilityservice.configuration.HttpLoggingFilter [http-nio-8080-exec-1] da67f01e-433b-416a-93b7-a39f77401cf8 REST Request - [HTTP METHOD:GET] [PATH INFO:/login] [REQUEST PARAMETERS:{}] [REQUEST BODY:] [REMOTE ADDRESS:0:0:0:0:0:0:0:1]
2023-03-22 16:51:40,039 ERROR com.reddot.utilityservice.configuration.HttpLoggingFilter [http-nio-8080-exec-1] da67f01e-433b-416a-93b7-a39f77401cf8 null
2023-03-22 17:13:53,821 WARN com.zaxxer.hikari.pool.HikariPool$HouseKeeper [HikariPool-1 housekeeper]  HikariPool-1 - Thread starvation or clock leap detected (housekeeper delta=11m27s444ms326µs700ns).
2023-03-22 18:26:59,287 WARN com.zaxxer.hikari.pool.HikariPool$HouseKeeper [HikariPool-1 housekeeper]  HikariPool-1 - Thread starvation or clock leap detected (housekeeper delta=4m34s285ms500µs100ns).
2023-03-22 18:48:40,804 WARN com.zaxxer.hikari.pool.HikariPool$HouseKeeper [HikariPool-1 housekeeper]  HikariPool-1 - Thread starvation or clock leap detected (housekeeper delta=5m11s156ms926µs700ns).
2023-03-22 18:49:26,009 INFO org.springframework.orm.jpa.AbstractEntityManagerFactoryBean [SpringApplicationShutdownHook]  Closing JPA EntityManagerFactory for persistence unit 'default'
2023-03-22 18:49:26,021 INFO com.zaxxer.hikari.HikariDataSource [SpringApplicationShutdownHook]  HikariPool-1 - Shutdown initiated...
2023-03-22 18:49:26,028 INFO com.zaxxer.hikari.HikariDataSource [SpringApplicationShutdownHook]  HikariPool-1 - Shutdown completed.
