2023-03-15 01:40:37,296 WARN com.zaxxer.hikari.pool.HikariPool$HouseKeeper [HikariPool-1 housekeeper]  HikariPool-1 - Thread starvation or clock leap detected (housekeeper delta=1h44m13s433ms).
2023-03-15 01:41:54,505 WARN com.zaxxer.hikari.pool.HikariPool$HouseKeeper [HikariPool-1 housekeeper]  HikariPool-1 - Thread starvation or clock leap detected (housekeeper delta=1m17s199ms).
2023-03-15 06:20:57,149 WARN com.zaxxer.hikari.pool.HikariPool$HouseKeeper [HikariPool-1 housekeeper]  HikariPool-1 - Thread starvation or clock leap detected (housekeeper delta=4h38m2s562ms).
2023-03-15 08:09:17,878 WARN com.zaxxer.hikari.pool.HikariPool$HouseKeeper [HikariPool-1 housekeeper]  HikariPool-1 - Thread starvation or clock leap detected (housekeeper delta=1h47m50s721ms).
2023-03-15 09:25:43,092 WARN com.zaxxer.hikari.pool.HikariPool$HouseKeeper [HikariPool-1 housekeeper]  HikariPool-1 - Thread starvation or clock leap detected (housekeeper delta=1h15m55s194ms).
2023-03-15 09:28:37,832 WARN com.zaxxer.hikari.pool.HikariPool$HouseKeeper [HikariPool-1 housekeeper]  HikariPool-1 - Thread starvation or clock leap detected (housekeeper delta=2m24s705ms).
2023-03-15 09:44:04,922 INFO org.springframework.orm.jpa.AbstractEntityManagerFactoryBean [SpringApplicationShutdownHook]  Closing JPA EntityManagerFactory for persistence unit 'default'
2023-03-15 09:44:04,934 INFO com.zaxxer.hikari.HikariDataSource [SpringApplicationShutdownHook]  HikariPool-1 - Shutdown initiated...
2023-03-15 09:44:17,726 INFO com.zaxxer.hikari.HikariDataSource [SpringApplicationShutdownHook]  HikariPool-1 - Shutdown completed.
2023-03-15 16:39:57,991 INFO org.springframework.boot.StartupInfoLogger [restartedMain]  Starting UtilityServiceApplication using Java 11.0.17 on SHAJ-MAC.local with PID 2091 (/Users/user/Documents/reddot/backend/utilityservice/target/classes started by user in /Users/user/Documents/reddot/backend/utilityservice)
2023-03-15 16:39:57,992 DEBUG org.springframework.boot.StartupInfoLogger [restartedMain]  Running with Spring Boot v2.7.7, Spring v5.3.24
2023-03-15 16:39:57,992 INFO org.springframework.boot.SpringApplication [restartedMain]  The following 1 profile is active: "stage"
2023-03-15 16:39:58,028 INFO org.springframework.boot.logging.DeferredLog [restartedMain]  The Class-Path manifest attribute in /Users/user/.m2/repository/com/oracle/database/jdbc/ojdbc8/21.4.0.0/ojdbc8-21.4.0.0.jar referenced one or more files that do not exist: file:/Users/user/.m2/repository/com/oracle/database/jdbc/ojdbc8/21.4.0.0/oraclepki.jar
2023-03-15 16:39:58,030 INFO org.springframework.boot.logging.DeferredLog [restartedMain]  Devtools property defaults active! Set 'spring.devtools.add-properties' to 'false' to disable
2023-03-15 16:39:58,030 INFO org.springframework.boot.logging.DeferredLog [restartedMain]  For additional web related logging consider setting the 'logging.level.web' property to 'DEBUG'
2023-03-15 16:39:58,585 INFO org.springframework.data.repository.config.RepositoryConfigurationDelegate [restartedMain]  Multiple Spring Data modules found, entering strict repository configuration mode
2023-03-15 16:39:58,586 INFO org.springframework.data.repository.config.RepositoryConfigurationDelegate [restartedMain]  Bootstrapping Spring Data JPA repositories in DEFAULT mode.
2023-03-15 16:39:58,647 INFO org.springframework.data.repository.config.RepositoryConfigurationDelegate [restartedMain]  Finished Spring Data repository scanning in 50 ms. Found 2 JPA repository interfaces.
2023-03-15 16:39:58,660 INFO org.springframework.data.repository.config.RepositoryConfigurationDelegate [restartedMain]  Multiple Spring Data modules found, entering strict repository configuration mode
2023-03-15 16:39:58,661 INFO org.springframework.data.repository.config.RepositoryConfigurationDelegate [restartedMain]  Bootstrapping Spring Data Redis repositories in DEFAULT mode.
2023-03-15 16:39:58,678 INFO org.springframework.data.repository.config.RepositoryConfigurationExtensionSupport [restartedMain]  Spring Data Redis - Could not safely identify store assignment for repository candidate interface com.reddot.utilityservice.common.repository.TransactionRepository; If you want this repository to be a Redis repository, consider annotating your entities with one of these annotations: org.springframework.data.redis.core.RedisHash (preferred), or consider extending one of the following types with your repository: org.springframework.data.keyvalue.repository.KeyValueRepository
2023-03-15 16:39:58,679 INFO org.springframework.data.repository.config.RepositoryConfigurationExtensionSupport [restartedMain]  Spring Data Redis - Could not safely identify store assignment for repository candidate interface com.reddot.utilityservice.features.desco_postpaid.repository.DescoPostpaidRepository; If you want this repository to be a Redis repository, consider annotating your entities with one of these annotations: org.springframework.data.redis.core.RedisHash (preferred), or consider extending one of the following types with your repository: org.springframework.data.keyvalue.repository.KeyValueRepository
2023-03-15 16:39:58,679 INFO org.springframework.data.repository.config.RepositoryConfigurationDelegate [restartedMain]  Finished Spring Data repository scanning in 10 ms. Found 0 Redis repository interfaces.
2023-03-15 16:39:59,136 INFO org.springframework.boot.web.embedded.tomcat.TomcatWebServer [restartedMain]  Tomcat initialized with port(s): 8080 (http)
2023-03-15 16:39:59,144 INFO org.apache.juli.logging.DirectJDKLog [restartedMain]  Initializing ProtocolHandler ["http-nio-8080"]
2023-03-15 16:39:59,145 INFO org.apache.juli.logging.DirectJDKLog [restartedMain]  Starting service [Tomcat]
2023-03-15 16:39:59,145 INFO org.apache.juli.logging.DirectJDKLog [restartedMain]  Starting Servlet engine: [Apache Tomcat/9.0.70]
2023-03-15 16:39:59,197 INFO org.apache.juli.logging.DirectJDKLog [restartedMain]  Initializing Spring embedded WebApplicationContext
2023-03-15 16:39:59,197 INFO org.springframework.boot.web.servlet.context.ServletWebServerApplicationContext [restartedMain]  Root WebApplicationContext: initialization completed in 1166 ms
2023-03-15 16:39:59,368 INFO org.hibernate.jpa.internal.util.LogHelper [restartedMain]  HHH000204: Processing PersistenceUnitInfo [name: default]
2023-03-15 16:39:59,410 INFO org.hibernate.Version [restartedMain]  HHH000412: Hibernate ORM core version 5.6.14.Final
2023-03-15 16:39:59,534 INFO org.hibernate.annotations.common.reflection.java.JavaReflectionManager [restartedMain]  HCANN000001: Hibernate Commons Annotations {5.1.2.Final}
2023-03-15 16:39:59,616 WARN com.zaxxer.hikari.HikariConfig [restartedMain]  HikariPool-1 - maxLifetime is less than 30000ms, setting to default 1800000ms.
2023-03-15 16:39:59,617 INFO com.zaxxer.hikari.HikariDataSource [restartedMain]  HikariPool-1 - Starting...
2023-03-15 16:40:00,330 INFO com.zaxxer.hikari.HikariDataSource [restartedMain]  HikariPool-1 - Start completed.
2023-03-15 16:40:00,346 INFO org.hibernate.dialect.Dialect [restartedMain]  HHH000400: Using dialect: org.hibernate.dialect.Oracle12cDialect
2023-03-15 16:40:48,533 INFO org.hibernate.engine.transaction.jta.platform.internal.JtaPlatformInitiator [restartedMain]  HHH000490: Using JtaPlatform implementation: [org.hibernate.engine.transaction.jta.platform.internal.NoJtaPlatform]
2023-03-15 16:40:48,541 INFO org.springframework.orm.jpa.AbstractEntityManagerFactoryBean [restartedMain]  Initialized JPA EntityManagerFactory for persistence unit 'default'
2023-03-15 16:40:49,928 WARN org.springframework.boot.autoconfigure.orm.jpa.JpaBaseConfiguration$JpaWebConfiguration [restartedMain]  spring.jpa.open-in-view is enabled by default. Therefore, database queries may be performed during view rendering. Explicitly configure spring.jpa.open-in-view to disable this warning
2023-03-15 16:40:50,197 INFO org.springframework.boot.devtools.autoconfigure.OptionalLiveReloadServer [restartedMain]  LiveReload server is running on port 35729
2023-03-15 16:40:50,210 INFO org.apache.juli.logging.DirectJDKLog [restartedMain]  Starting ProtocolHandler ["http-nio-8080"]
2023-03-15 16:40:50,220 INFO org.springframework.boot.web.embedded.tomcat.TomcatWebServer [restartedMain]  Tomcat started on port(s): 8080 (http) with context path ''
2023-03-15 16:40:50,232 INFO org.springframework.boot.StartupInfoLogger [restartedMain]  Started UtilityServiceApplication in 52.56 seconds (JVM running for 58.158)
2023-03-15 16:41:23,296 INFO org.springframework.orm.jpa.AbstractEntityManagerFactoryBean [SpringApplicationShutdownHook]  Closing JPA EntityManagerFactory for persistence unit 'default'
2023-03-15 16:41:23,300 INFO com.zaxxer.hikari.HikariDataSource [SpringApplicationShutdownHook]  HikariPool-1 - Shutdown initiated...
2023-03-15 16:41:23,795 INFO com.zaxxer.hikari.HikariDataSource [SpringApplicationShutdownHook]  HikariPool-1 - Shutdown completed.
2023-03-15 16:41:30,780 INFO org.springframework.boot.StartupInfoLogger [restartedMain]  Starting UtilityServiceApplication using Java 11.0.17 on SHAJ-MAC.local with PID 2110 (/Users/user/Documents/reddot/backend/utilityservice/target/classes started by user in /Users/user/Documents/reddot/backend/utilityservice)
2023-03-15 16:41:30,781 DEBUG org.springframework.boot.StartupInfoLogger [restartedMain]  Running with Spring Boot v2.7.7, Spring v5.3.24
2023-03-15 16:41:30,781 INFO org.springframework.boot.SpringApplication [restartedMain]  The following 1 profile is active: "test"
2023-03-15 16:41:30,812 INFO org.springframework.boot.logging.DeferredLog [restartedMain]  The Class-Path manifest attribute in /Users/user/.m2/repository/com/oracle/database/jdbc/ojdbc8/21.4.0.0/ojdbc8-21.4.0.0.jar referenced one or more files that do not exist: file:/Users/user/.m2/repository/com/oracle/database/jdbc/ojdbc8/21.4.0.0/oraclepki.jar
2023-03-15 16:41:30,813 INFO org.springframework.boot.logging.DeferredLog [restartedMain]  Devtools property defaults active! Set 'spring.devtools.add-properties' to 'false' to disable
2023-03-15 16:41:30,813 INFO org.springframework.boot.logging.DeferredLog [restartedMain]  For additional web related logging consider setting the 'logging.level.web' property to 'DEBUG'
2023-03-15 16:41:31,263 INFO org.springframework.data.repository.config.RepositoryConfigurationDelegate [restartedMain]  Multiple Spring Data modules found, entering strict repository configuration mode
2023-03-15 16:41:31,263 INFO org.springframework.data.repository.config.RepositoryConfigurationDelegate [restartedMain]  Bootstrapping Spring Data JPA repositories in DEFAULT mode.
2023-03-15 16:41:31,311 INFO org.springframework.data.repository.config.RepositoryConfigurationDelegate [restartedMain]  Finished Spring Data repository scanning in 43 ms. Found 2 JPA repository interfaces.
2023-03-15 16:41:31,319 INFO org.springframework.data.repository.config.RepositoryConfigurationDelegate [restartedMain]  Multiple Spring Data modules found, entering strict repository configuration mode
2023-03-15 16:41:31,320 INFO org.springframework.data.repository.config.RepositoryConfigurationDelegate [restartedMain]  Bootstrapping Spring Data Redis repositories in DEFAULT mode.
2023-03-15 16:41:31,334 INFO org.springframework.data.repository.config.RepositoryConfigurationExtensionSupport [restartedMain]  Spring Data Redis - Could not safely identify store assignment for repository candidate interface com.reddot.utilityservice.common.repository.TransactionRepository; If you want this repository to be a Redis repository, consider annotating your entities with one of these annotations: org.springframework.data.redis.core.RedisHash (preferred), or consider extending one of the following types with your repository: org.springframework.data.keyvalue.repository.KeyValueRepository
2023-03-15 16:41:31,334 INFO org.springframework.data.repository.config.RepositoryConfigurationExtensionSupport [restartedMain]  Spring Data Redis - Could not safely identify store assignment for repository candidate interface com.reddot.utilityservice.features.desco_postpaid.repository.DescoPostpaidRepository; If you want this repository to be a Redis repository, consider annotating your entities with one of these annotations: org.springframework.data.redis.core.RedisHash (preferred), or consider extending one of the following types with your repository: org.springframework.data.keyvalue.repository.KeyValueRepository
2023-03-15 16:41:31,335 INFO org.springframework.data.repository.config.RepositoryConfigurationDelegate [restartedMain]  Finished Spring Data repository scanning in 9 ms. Found 0 Redis repository interfaces.
2023-03-15 16:41:31,719 INFO org.springframework.boot.web.embedded.tomcat.TomcatWebServer [restartedMain]  Tomcat initialized with port(s): 8080 (http)
2023-03-15 16:41:31,725 INFO org.apache.juli.logging.DirectJDKLog [restartedMain]  Initializing ProtocolHandler ["http-nio-8080"]
2023-03-15 16:41:31,725 INFO org.apache.juli.logging.DirectJDKLog [restartedMain]  Starting service [Tomcat]
2023-03-15 16:41:31,725 INFO org.apache.juli.logging.DirectJDKLog [restartedMain]  Starting Servlet engine: [Apache Tomcat/9.0.70]
2023-03-15 16:41:31,768 INFO org.apache.juli.logging.DirectJDKLog [restartedMain]  Initializing Spring embedded WebApplicationContext
2023-03-15 16:41:31,768 INFO org.springframework.boot.web.servlet.context.ServletWebServerApplicationContext [restartedMain]  Root WebApplicationContext: initialization completed in 954 ms
2023-03-15 16:41:31,871 INFO org.hibernate.jpa.internal.util.LogHelper [restartedMain]  HHH000204: Processing PersistenceUnitInfo [name: default]
2023-03-15 16:41:31,895 INFO org.hibernate.Version [restartedMain]  HHH000412: Hibernate ORM core version 5.6.14.Final
2023-03-15 16:41:31,971 INFO org.hibernate.annotations.common.reflection.java.JavaReflectionManager [restartedMain]  HCANN000001: Hibernate Commons Annotations {5.1.2.Final}
2023-03-15 16:41:32,028 WARN com.zaxxer.hikari.HikariConfig [restartedMain]  HikariPool-1 - maxLifetime is less than 30000ms, setting to default 1800000ms.
2023-03-15 16:41:32,029 INFO com.zaxxer.hikari.HikariDataSource [restartedMain]  HikariPool-1 - Starting...
2023-03-15 16:41:32,849 INFO com.zaxxer.hikari.HikariDataSource [restartedMain]  HikariPool-1 - Start completed.
2023-03-15 16:41:32,862 INFO org.hibernate.dialect.Dialect [restartedMain]  HHH000400: Using dialect: org.hibernate.dialect.MySQL8Dialect
2023-03-15 16:41:33,917 INFO org.hibernate.engine.transaction.jta.platform.internal.JtaPlatformInitiator [restartedMain]  HHH000490: Using JtaPlatform implementation: [org.hibernate.engine.transaction.jta.platform.internal.NoJtaPlatform]
2023-03-15 16:41:33,923 INFO org.springframework.orm.jpa.AbstractEntityManagerFactoryBean [restartedMain]  Initialized JPA EntityManagerFactory for persistence unit 'default'
2023-03-15 16:41:34,855 WARN org.springframework.boot.autoconfigure.orm.jpa.JpaBaseConfiguration$JpaWebConfiguration [restartedMain]  spring.jpa.open-in-view is enabled by default. Therefore, database queries may be performed during view rendering. Explicitly configure spring.jpa.open-in-view to disable this warning
2023-03-15 16:41:35,090 INFO org.springframework.boot.devtools.autoconfigure.OptionalLiveReloadServer [restartedMain]  LiveReload server is running on port 35729
2023-03-15 16:41:35,102 INFO org.apache.juli.logging.DirectJDKLog [restartedMain]  Starting ProtocolHandler ["http-nio-8080"]
2023-03-15 16:41:35,110 INFO org.springframework.boot.web.embedded.tomcat.TomcatWebServer [restartedMain]  Tomcat started on port(s): 8080 (http) with context path ''
2023-03-15 16:41:35,121 INFO org.springframework.boot.StartupInfoLogger [restartedMain]  Started UtilityServiceApplication in 4.614 seconds (JVM running for 10.121)
2023-03-15 16:42:14,219 INFO org.springframework.orm.jpa.AbstractEntityManagerFactoryBean [SpringApplicationShutdownHook]  Closing JPA EntityManagerFactory for persistence unit 'default'
2023-03-15 16:42:14,223 INFO com.zaxxer.hikari.HikariDataSource [SpringApplicationShutdownHook]  HikariPool-1 - Shutdown initiated...
2023-03-15 16:42:14,230 INFO com.zaxxer.hikari.HikariDataSource [SpringApplicationShutdownHook]  HikariPool-1 - Shutdown completed.
2023-03-15 16:42:24,883 INFO org.springframework.boot.StartupInfoLogger [restartedMain]  Starting UtilityServiceApplication using Java 11.0.17 on SHAJ-MAC.local with PID 2122 (/Users/user/Documents/reddot/backend/utilityservice/target/classes started by user in /Users/user/Documents/reddot/backend/utilityservice)
2023-03-15 16:42:24,884 DEBUG org.springframework.boot.StartupInfoLogger [restartedMain]  Running with Spring Boot v2.7.7, Spring v5.3.24
2023-03-15 16:42:24,884 INFO org.springframework.boot.SpringApplication [restartedMain]  The following 1 profile is active: "test"
2023-03-15 16:42:24,916 INFO org.springframework.boot.logging.DeferredLog [restartedMain]  The Class-Path manifest attribute in /Users/user/.m2/repository/com/oracle/database/jdbc/ojdbc8/21.4.0.0/ojdbc8-21.4.0.0.jar referenced one or more files that do not exist: file:/Users/user/.m2/repository/com/oracle/database/jdbc/ojdbc8/21.4.0.0/oraclepki.jar
2023-03-15 16:42:24,917 INFO org.springframework.boot.logging.DeferredLog [restartedMain]  Devtools property defaults active! Set 'spring.devtools.add-properties' to 'false' to disable
2023-03-15 16:42:24,917 INFO org.springframework.boot.logging.DeferredLog [restartedMain]  For additional web related logging consider setting the 'logging.level.web' property to 'DEBUG'
2023-03-15 16:42:25,362 INFO org.springframework.data.repository.config.RepositoryConfigurationDelegate [restartedMain]  Multiple Spring Data modules found, entering strict repository configuration mode
2023-03-15 16:42:25,374 INFO org.springframework.data.repository.config.RepositoryConfigurationDelegate [restartedMain]  Bootstrapping Spring Data JPA repositories in DEFAULT mode.
2023-03-15 16:42:25,426 INFO org.springframework.data.repository.config.RepositoryConfigurationDelegate [restartedMain]  Finished Spring Data repository scanning in 45 ms. Found 2 JPA repository interfaces.
2023-03-15 16:42:25,435 INFO org.springframework.data.repository.config.RepositoryConfigurationDelegate [restartedMain]  Multiple Spring Data modules found, entering strict repository configuration mode
2023-03-15 16:42:25,436 INFO org.springframework.data.repository.config.RepositoryConfigurationDelegate [restartedMain]  Bootstrapping Spring Data Redis repositories in DEFAULT mode.
2023-03-15 16:42:25,450 INFO org.springframework.data.repository.config.RepositoryConfigurationExtensionSupport [restartedMain]  Spring Data Redis - Could not safely identify store assignment for repository candidate interface com.reddot.utilityservice.common.repository.TransactionRepository; If you want this repository to be a Redis repository, consider annotating your entities with one of these annotations: org.springframework.data.redis.core.RedisHash (preferred), or consider extending one of the following types with your repository: org.springframework.data.keyvalue.repository.KeyValueRepository
2023-03-15 16:42:25,451 INFO org.springframework.data.repository.config.RepositoryConfigurationExtensionSupport [restartedMain]  Spring Data Redis - Could not safely identify store assignment for repository candidate interface com.reddot.utilityservice.features.desco_postpaid.repository.DescoPostpaidRepository; If you want this repository to be a Redis repository, consider annotating your entities with one of these annotations: org.springframework.data.redis.core.RedisHash (preferred), or consider extending one of the following types with your repository: org.springframework.data.keyvalue.repository.KeyValueRepository
2023-03-15 16:42:25,451 INFO org.springframework.data.repository.config.RepositoryConfigurationDelegate [restartedMain]  Finished Spring Data repository scanning in 9 ms. Found 0 Redis repository interfaces.
2023-03-15 16:42:25,842 INFO org.springframework.boot.web.embedded.tomcat.TomcatWebServer [restartedMain]  Tomcat initialized with port(s): 8080 (http)
2023-03-15 16:42:25,847 INFO org.apache.juli.logging.DirectJDKLog [restartedMain]  Initializing ProtocolHandler ["http-nio-8080"]
2023-03-15 16:42:25,848 INFO org.apache.juli.logging.DirectJDKLog [restartedMain]  Starting service [Tomcat]
2023-03-15 16:42:25,848 INFO org.apache.juli.logging.DirectJDKLog [restartedMain]  Starting Servlet engine: [Apache Tomcat/9.0.70]
2023-03-15 16:42:25,890 INFO org.apache.juli.logging.DirectJDKLog [restartedMain]  Initializing Spring embedded WebApplicationContext
2023-03-15 16:42:25,890 INFO org.springframework.boot.web.servlet.context.ServletWebServerApplicationContext [restartedMain]  Root WebApplicationContext: initialization completed in 973 ms
2023-03-15 16:42:25,993 INFO org.hibernate.jpa.internal.util.LogHelper [restartedMain]  HHH000204: Processing PersistenceUnitInfo [name: default]
2023-03-15 16:42:26,018 INFO org.hibernate.Version [restartedMain]  HHH000412: Hibernate ORM core version 5.6.14.Final
2023-03-15 16:42:26,096 INFO org.hibernate.annotations.common.reflection.java.JavaReflectionManager [restartedMain]  HCANN000001: Hibernate Commons Annotations {5.1.2.Final}
2023-03-15 16:42:26,152 WARN com.zaxxer.hikari.HikariConfig [restartedMain]  HikariPool-1 - maxLifetime is less than 30000ms, setting to default 1800000ms.
2023-03-15 16:42:26,153 INFO com.zaxxer.hikari.HikariDataSource [restartedMain]  HikariPool-1 - Starting...
2023-03-15 16:42:26,713 INFO com.zaxxer.hikari.HikariDataSource [restartedMain]  HikariPool-1 - Start completed.
2023-03-15 16:42:26,722 INFO org.hibernate.dialect.Dialect [restartedMain]  HHH000400: Using dialect: org.hibernate.dialect.MySQL8Dialect
2023-03-15 16:42:27,808 INFO org.hibernate.engine.transaction.jta.platform.internal.JtaPlatformInitiator [restartedMain]  HHH000490: Using JtaPlatform implementation: [org.hibernate.engine.transaction.jta.platform.internal.NoJtaPlatform]
2023-03-15 16:42:27,815 INFO org.springframework.orm.jpa.AbstractEntityManagerFactoryBean [restartedMain]  Initialized JPA EntityManagerFactory for persistence unit 'default'
2023-03-15 16:42:28,846 WARN org.springframework.boot.autoconfigure.orm.jpa.JpaBaseConfiguration$JpaWebConfiguration [restartedMain]  spring.jpa.open-in-view is enabled by default. Therefore, database queries may be performed during view rendering. Explicitly configure spring.jpa.open-in-view to disable this warning
2023-03-15 16:42:29,110 INFO org.springframework.boot.devtools.autoconfigure.OptionalLiveReloadServer [restartedMain]  LiveReload server is running on port 35729
2023-03-15 16:42:29,123 INFO org.apache.juli.logging.DirectJDKLog [restartedMain]  Starting ProtocolHandler ["http-nio-8080"]
2023-03-15 16:42:29,148 INFO org.springframework.boot.web.embedded.tomcat.TomcatWebServer [restartedMain]  Tomcat started on port(s): 8080 (http) with context path ''
2023-03-15 16:42:29,159 INFO org.springframework.boot.StartupInfoLogger [restartedMain]  Started UtilityServiceApplication in 4.55 seconds (JVM running for 10.061)
2023-03-15 16:43:09,023 INFO org.apache.juli.logging.DirectJDKLog [http-nio-8080-exec-2]  Initializing Spring DispatcherServlet 'dispatcherServlet'
2023-03-15 16:43:09,024 INFO org.springframework.web.servlet.FrameworkServlet [http-nio-8080-exec-2]  Initializing Servlet 'dispatcherServlet'
2023-03-15 16:43:09,025 INFO org.springframework.web.servlet.FrameworkServlet [http-nio-8080-exec-2]  Completed initialization in 1 ms
2023-03-15 16:43:09,033 DEBUG com.reddot.utilityservice.configuration.HttpLoggingFilter [http-nio-8080-exec-2] 97a937dc-e3e6-48ac-934f-fb13ee065c8f REST Request - [HTTP METHOD:POST] [PATH INFO:/api/utility/bill-info] [REQUEST PARAMETERS:{}] [REQUEST BODY:{"featureCode":"WASA_GENERAL-BILL","walletNo":"018331836890","dynamicFields":{"account_no":"0302109157","billno":"201000451348"}}] [REMOTE ADDRESS:0:0:0:0:0:0:0:1]
2023-03-15 16:43:10,021 DEBUG com.reddot.utilityservice.configuration.HttpLoggingFilter [http-nio-8080-exec-2] 97a937dc-e3e6-48ac-934f-fb13ee065c8f  [RESPONSE:{"transaction_id":"MTEwMzE4MzMxODM2ODkwMTY3ODg3Njk4OTEyNA==","due_amount":"100","infoItemArrayList":[{"label":"Bill amount","value":"80"},{"label":"Vat amount","value":"10"},{"label":"Other amount","value":"10"},{"label":"Total amount","value":"100"}]}] [REQUEST TIME:Wed Mar 15 16:43:09 BDT 2023] [ELAPSED TIME:991ms]
2023-03-15 16:45:50,038 INFO org.springframework.orm.jpa.AbstractEntityManagerFactoryBean [SpringApplicationShutdownHook]  Closing JPA EntityManagerFactory for persistence unit 'default'
2023-03-15 16:45:50,041 INFO com.zaxxer.hikari.HikariDataSource [SpringApplicationShutdownHook]  HikariPool-1 - Shutdown initiated...
2023-03-15 16:45:50,050 INFO com.zaxxer.hikari.HikariDataSource [SpringApplicationShutdownHook]  HikariPool-1 - Shutdown completed.
2023-03-15 16:46:33,448 INFO org.springframework.boot.StartupInfoLogger [main]  Starting UtilityserviceApplicationTests using Java 11.0.17 on SHAJ-MAC.local with PID 2162 (started by user in /Users/user/Documents/reddot/backend/utilityservice)
2023-03-15 16:46:33,449 DEBUG org.springframework.boot.StartupInfoLogger [main]  Running with Spring Boot v2.7.7, Spring v5.3.24
2023-03-15 16:46:33,450 INFO org.springframework.boot.SpringApplication [main]  The following 1 profile is active: "stage"
2023-03-15 16:46:34,148 INFO org.springframework.data.repository.config.RepositoryConfigurationDelegate [main]  Multiple Spring Data modules found, entering strict repository configuration mode
2023-03-15 16:46:34,150 INFO org.springframework.data.repository.config.RepositoryConfigurationDelegate [main]  Bootstrapping Spring Data JPA repositories in DEFAULT mode.
2023-03-15 16:46:34,376 INFO org.springframework.data.repository.config.RepositoryConfigurationDelegate [main]  Finished Spring Data repository scanning in 219 ms. Found 2 JPA repository interfaces.
2023-03-15 16:46:34,391 INFO org.springframework.data.repository.config.RepositoryConfigurationDelegate [main]  Multiple Spring Data modules found, entering strict repository configuration mode
2023-03-15 16:46:34,392 INFO org.springframework.data.repository.config.RepositoryConfigurationDelegate [main]  Bootstrapping Spring Data Redis repositories in DEFAULT mode.
2023-03-15 16:46:34,413 INFO org.springframework.data.repository.config.RepositoryConfigurationExtensionSupport [main]  Spring Data Redis - Could not safely identify store assignment for repository candidate interface com.reddot.utilityservice.common.repository.TransactionRepository; If you want this repository to be a Redis repository, consider annotating your entities with one of these annotations: org.springframework.data.redis.core.RedisHash (preferred), or consider extending one of the following types with your repository: org.springframework.data.keyvalue.repository.KeyValueRepository
2023-03-15 16:46:34,413 INFO org.springframework.data.repository.config.RepositoryConfigurationExtensionSupport [main]  Spring Data Redis - Could not safely identify store assignment for repository candidate interface com.reddot.utilityservice.features.desco_postpaid.repository.DescoPostpaidRepository; If you want this repository to be a Redis repository, consider annotating your entities with one of these annotations: org.springframework.data.redis.core.RedisHash (preferred), or consider extending one of the following types with your repository: org.springframework.data.keyvalue.repository.KeyValueRepository
2023-03-15 16:46:34,414 INFO org.springframework.data.repository.config.RepositoryConfigurationDelegate [main]  Finished Spring Data repository scanning in 12 ms. Found 0 Redis repository interfaces.
2023-03-15 16:46:34,983 INFO org.hibernate.jpa.internal.util.LogHelper [main]  HHH000204: Processing PersistenceUnitInfo [name: default]
2023-03-15 16:46:35,033 INFO org.hibernate.Version [main]  HHH000412: Hibernate ORM core version 5.6.14.Final
2023-03-15 16:46:35,219 INFO org.hibernate.annotations.common.reflection.java.JavaReflectionManager [main]  HCANN000001: Hibernate Commons Annotations {5.1.2.Final}
2023-03-15 16:46:35,352 WARN com.zaxxer.hikari.HikariConfig [main]  HikariPool-1 - maxLifetime is less than 30000ms, setting to default 1800000ms.
2023-03-15 16:46:35,354 INFO com.zaxxer.hikari.HikariDataSource [main]  HikariPool-1 - Starting...
2023-03-15 16:46:36,348 INFO com.zaxxer.hikari.HikariDataSource [main]  HikariPool-1 - Start completed.
2023-03-15 16:46:36,367 INFO org.hibernate.dialect.Dialect [main]  HHH000400: Using dialect: org.hibernate.dialect.Oracle12cDialect
2023-03-15 16:47:24,638 INFO org.hibernate.engine.transaction.jta.platform.internal.JtaPlatformInitiator [main]  HHH000490: Using JtaPlatform implementation: [org.hibernate.engine.transaction.jta.platform.internal.NoJtaPlatform]
2023-03-15 16:47:24,646 INFO org.springframework.orm.jpa.AbstractEntityManagerFactoryBean [main]  Initialized JPA EntityManagerFactory for persistence unit 'default'
2023-03-15 16:47:26,096 WARN org.springframework.boot.autoconfigure.orm.jpa.JpaBaseConfiguration$JpaWebConfiguration [main]  spring.jpa.open-in-view is enabled by default. Therefore, database queries may be performed during view rendering. Explicitly configure spring.jpa.open-in-view to disable this warning
2023-03-15 16:47:26,582 INFO org.springframework.boot.StartupInfoLogger [main]  Started UtilityserviceApplicationTests in 58.465 seconds (JVM running for 59.252)
2023-03-15 16:47:26,720 INFO org.springframework.orm.jpa.AbstractEntityManagerFactoryBean [SpringApplicationShutdownHook]  Closing JPA EntityManagerFactory for persistence unit 'default'
2023-03-15 16:47:26,722 INFO com.zaxxer.hikari.HikariDataSource [SpringApplicationShutdownHook]  HikariPool-1 - Shutdown initiated...
2023-03-15 16:47:27,253 INFO com.zaxxer.hikari.HikariDataSource [SpringApplicationShutdownHook]  HikariPool-1 - Shutdown completed.
2023-03-15 16:47:38,236 INFO org.springframework.boot.StartupInfoLogger [main]  Starting UtilityserviceApplicationTests using Java 11.0.17 on SHAJ-MAC.local with PID 2240 (started by user in /Users/user/Documents/reddot/backend/utilityservice)
2023-03-15 16:47:38,237 DEBUG org.springframework.boot.StartupInfoLogger [main]  Running with Spring Boot v2.7.7, Spring v5.3.24
2023-03-15 16:47:38,238 INFO org.springframework.boot.SpringApplication [main]  The following 1 profile is active: "stage"
2023-03-15 16:47:38,783 INFO org.springframework.data.repository.config.RepositoryConfigurationDelegate [main]  Multiple Spring Data modules found, entering strict repository configuration mode
2023-03-15 16:47:38,785 INFO org.springframework.data.repository.config.RepositoryConfigurationDelegate [main]  Bootstrapping Spring Data JPA repositories in DEFAULT mode.
2023-03-15 16:47:38,942 INFO org.springframework.data.repository.config.RepositoryConfigurationDelegate [main]  Finished Spring Data repository scanning in 151 ms. Found 2 JPA repository interfaces.
2023-03-15 16:47:38,954 INFO org.springframework.data.repository.config.RepositoryConfigurationDelegate [main]  Multiple Spring Data modules found, entering strict repository configuration mode
2023-03-15 16:47:38,955 INFO org.springframework.data.repository.config.RepositoryConfigurationDelegate [main]  Bootstrapping Spring Data Redis repositories in DEFAULT mode.
2023-03-15 16:47:38,972 INFO org.springframework.data.repository.config.RepositoryConfigurationExtensionSupport [main]  Spring Data Redis - Could not safely identify store assignment for repository candidate interface com.reddot.utilityservice.common.repository.TransactionRepository; If you want this repository to be a Redis repository, consider annotating your entities with one of these annotations: org.springframework.data.redis.core.RedisHash (preferred), or consider extending one of the following types with your repository: org.springframework.data.keyvalue.repository.KeyValueRepository
2023-03-15 16:47:38,973 INFO org.springframework.data.repository.config.RepositoryConfigurationExtensionSupport [main]  Spring Data Redis - Could not safely identify store assignment for repository candidate interface com.reddot.utilityservice.features.desco_postpaid.repository.DescoPostpaidRepository; If you want this repository to be a Redis repository, consider annotating your entities with one of these annotations: org.springframework.data.redis.core.RedisHash (preferred), or consider extending one of the following types with your repository: org.springframework.data.keyvalue.repository.KeyValueRepository
2023-03-15 16:47:38,974 INFO org.springframework.data.repository.config.RepositoryConfigurationDelegate [main]  Finished Spring Data repository scanning in 11 ms. Found 0 Redis repository interfaces.
2023-03-15 16:47:39,526 INFO org.hibernate.jpa.internal.util.LogHelper [main]  HHH000204: Processing PersistenceUnitInfo [name: default]
2023-03-15 16:47:39,568 INFO org.hibernate.Version [main]  HHH000412: Hibernate ORM core version 5.6.14.Final
2023-03-15 16:47:39,706 INFO org.hibernate.annotations.common.reflection.java.JavaReflectionManager [main]  HCANN000001: Hibernate Commons Annotations {5.1.2.Final}
2023-03-15 16:47:39,794 WARN com.zaxxer.hikari.HikariConfig [main]  HikariPool-1 - maxLifetime is less than 30000ms, setting to default 1800000ms.
2023-03-15 16:47:39,796 INFO com.zaxxer.hikari.HikariDataSource [main]  HikariPool-1 - Starting...
2023-03-15 16:47:40,552 INFO com.zaxxer.hikari.HikariDataSource [main]  HikariPool-1 - Start completed.
2023-03-15 16:47:40,565 INFO org.hibernate.dialect.Dialect [main]  HHH000400: Using dialect: org.hibernate.dialect.Oracle12cDialect
2023-03-15 16:48:45,979 INFO org.hibernate.engine.transaction.jta.platform.internal.JtaPlatformInitiator [main]  HHH000490: Using JtaPlatform implementation: [org.hibernate.engine.transaction.jta.platform.internal.NoJtaPlatform]
2023-03-15 16:48:45,986 INFO org.springframework.orm.jpa.AbstractEntityManagerFactoryBean [main]  Initialized JPA EntityManagerFactory for persistence unit 'default'
2023-03-15 16:48:47,732 WARN org.springframework.boot.autoconfigure.orm.jpa.JpaBaseConfiguration$JpaWebConfiguration [main]  spring.jpa.open-in-view is enabled by default. Therefore, database queries may be performed during view rendering. Explicitly configure spring.jpa.open-in-view to disable this warning
2023-03-15 16:48:48,224 INFO org.springframework.boot.StartupInfoLogger [main]  Started UtilityserviceApplicationTests in 75.353 seconds (JVM running for 76.182)
2023-03-15 16:48:48,246 INFO org.springframework.orm.jpa.AbstractEntityManagerFactoryBean [SpringApplicationShutdownHook]  Closing JPA EntityManagerFactory for persistence unit 'default'
2023-03-15 16:48:48,249 INFO com.zaxxer.hikari.HikariDataSource [SpringApplicationShutdownHook]  HikariPool-1 - Shutdown initiated...
2023-03-15 16:48:48,892 INFO com.zaxxer.hikari.HikariDataSource [SpringApplicationShutdownHook]  HikariPool-1 - Shutdown completed.
