2023-05-02 00:47:30,444 INFO org.springframework.boot.StartupInfoLogger [restartedMain]  Starting UtilityServiceApplication using Java 11.0.17 on SHAJ-MAC.local with PID 3775 (/Users/user/Documents/reddot/backend/utilityservice/target/classes started by user in /Users/user/Documents/reddot/backend/utilityservice)
2023-05-02 00:47:30,446 DEBUG org.springframework.boot.StartupInfoLogger [restartedMain]  Running with Spring Boot v2.7.7, Spring v5.3.24
2023-05-02 00:47:30,446 INFO org.springframework.boot.SpringApplication [restartedMain]  The following 1 profile is active: "prod"
2023-05-02 00:47:30,480 INFO org.springframework.boot.logging.DeferredLog [restartedMain]  The Class-Path manifest attribute in /Users/user/.m2/repository/com/oracle/database/jdbc/ojdbc8/21.4.0.0/ojdbc8-21.4.0.0.jar referenced one or more files that do not exist: file:/Users/user/.m2/repository/com/oracle/database/jdbc/ojdbc8/21.4.0.0/oraclepki.jar
2023-05-02 00:47:30,481 INFO org.springframework.boot.logging.DeferredLog [restartedMain]  Devtools property defaults active! Set 'spring.devtools.add-properties' to 'false' to disable
2023-05-02 00:47:30,481 INFO org.springframework.boot.logging.DeferredLog [restartedMain]  For additional web related logging consider setting the 'logging.level.web' property to 'DEBUG'
2023-05-02 00:47:31,121 INFO org.springframework.data.repository.config.RepositoryConfigurationDelegate [restartedMain]  Multiple Spring Data modules found, entering strict repository configuration mode
2023-05-02 00:47:31,121 INFO org.springframework.data.repository.config.RepositoryConfigurationDelegate [restartedMain]  Bootstrapping Spring Data JPA repositories in DEFAULT mode.
2023-05-02 00:47:31,188 INFO org.springframework.data.repository.config.RepositoryConfigurationDelegate [restartedMain]  Finished Spring Data repository scanning in 61 ms. Found 5 JPA repository interfaces.
2023-05-02 00:47:31,203 INFO org.springframework.data.repository.config.RepositoryConfigurationDelegate [restartedMain]  Multiple Spring Data modules found, entering strict repository configuration mode
2023-05-02 00:47:31,204 INFO org.springframework.data.repository.config.RepositoryConfigurationDelegate [restartedMain]  Bootstrapping Spring Data Redis repositories in DEFAULT mode.
2023-05-02 00:47:31,223 INFO org.springframework.data.repository.config.RepositoryConfigurationExtensionSupport [restartedMain]  Spring Data Redis - Could not safely identify store assignment for repository candidate interface com.reddot.utilityservice.agentlocator.repository.AgentLocatorRepository; If you want this repository to be a Redis repository, consider annotating your entities with one of these annotations: org.springframework.data.redis.core.RedisHash (preferred), or consider extending one of the following types with your repository: org.springframework.data.keyvalue.repository.KeyValueRepository
2023-05-02 00:47:31,223 INFO org.springframework.data.repository.config.RepositoryConfigurationExtensionSupport [restartedMain]  Spring Data Redis - Could not safely identify store assignment for repository candidate interface com.reddot.utilityservice.agentlocator.repository.ConfigurationRepository; If you want this repository to be a Redis repository, consider annotating your entities with one of these annotations: org.springframework.data.redis.core.RedisHash (preferred), or consider extending one of the following types with your repository: org.springframework.data.keyvalue.repository.KeyValueRepository
2023-05-02 00:47:31,224 INFO org.springframework.data.repository.config.RepositoryConfigurationExtensionSupport [restartedMain]  Spring Data Redis - Could not safely identify store assignment for repository candidate interface com.reddot.utilityservice.common.repository.TransactionRepository; If you want this repository to be a Redis repository, consider annotating your entities with one of these annotations: org.springframework.data.redis.core.RedisHash (preferred), or consider extending one of the following types with your repository: org.springframework.data.keyvalue.repository.KeyValueRepository
2023-05-02 00:47:31,225 INFO org.springframework.data.repository.config.RepositoryConfigurationExtensionSupport [restartedMain]  Spring Data Redis - Could not safely identify store assignment for repository candidate interface com.reddot.utilityservice.features.desco.postpaid.repository.DescoPostpaidRepository; If you want this repository to be a Redis repository, consider annotating your entities with one of these annotations: org.springframework.data.redis.core.RedisHash (preferred), or consider extending one of the following types with your repository: org.springframework.data.keyvalue.repository.KeyValueRepository
2023-05-02 00:47:31,226 INFO org.springframework.data.repository.config.RepositoryConfigurationExtensionSupport [restartedMain]  Spring Data Redis - Could not safely identify store assignment for repository candidate interface com.reddot.utilityservice.requestmoney.repository.RequestMoneyRepository; If you want this repository to be a Redis repository, consider annotating your entities with one of these annotations: org.springframework.data.redis.core.RedisHash (preferred), or consider extending one of the following types with your repository: org.springframework.data.keyvalue.repository.KeyValueRepository
2023-05-02 00:47:31,226 INFO org.springframework.data.repository.config.RepositoryConfigurationDelegate [restartedMain]  Finished Spring Data repository scanning in 13 ms. Found 0 Redis repository interfaces.
2023-05-02 00:47:31,699 INFO org.springframework.boot.web.embedded.tomcat.TomcatWebServer [restartedMain]  Tomcat initialized with port(s): 8080 (http)
2023-05-02 00:47:31,708 INFO org.apache.juli.logging.DirectJDKLog [restartedMain]  Initializing ProtocolHandler ["http-nio-8080"]
2023-05-02 00:47:31,708 INFO org.apache.juli.logging.DirectJDKLog [restartedMain]  Starting service [Tomcat]
2023-05-02 00:47:31,708 INFO org.apache.juli.logging.DirectJDKLog [restartedMain]  Starting Servlet engine: [Apache Tomcat/9.0.70]
2023-05-02 00:47:31,765 INFO org.apache.juli.logging.DirectJDKLog [restartedMain]  Initializing Spring embedded WebApplicationContext
2023-05-02 00:47:31,766 INFO org.springframework.boot.web.servlet.context.ServletWebServerApplicationContext [restartedMain]  Root WebApplicationContext: initialization completed in 1285 ms
2023-05-02 00:47:31,953 INFO org.hibernate.jpa.internal.util.LogHelper [restartedMain]  HHH000204: Processing PersistenceUnitInfo [name: default]
2023-05-02 00:47:31,997 INFO org.hibernate.Version [restartedMain]  HHH000412: Hibernate ORM core version 5.6.14.Final
2023-05-02 00:47:32,113 INFO org.hibernate.annotations.common.reflection.java.JavaReflectionManager [restartedMain]  HCANN000001: Hibernate Commons Annotations {5.1.2.Final}
2023-05-02 00:47:32,184 WARN com.zaxxer.hikari.HikariConfig [restartedMain]  HikariPool-1 - maxLifetime is less than 30000ms, setting to default 1800000ms.
2023-05-02 00:47:32,185 INFO com.zaxxer.hikari.HikariDataSource [restartedMain]  HikariPool-1 - Starting...
2023-05-02 00:48:03,285 ERROR com.zaxxer.hikari.pool.HikariPool [restartedMain]  HikariPool-1 - Exception during pool initialization.
java.sql.SQLRecoverableException: IO Error: The Network Adapter could not establish the connection (CONNECTION_ID=CUCjAkUNTUWNd7rU+UpjWg==)
	at oracle.jdbc.driver.T4CConnection.handleLogonNetException(T4CConnection.java:872)
	at oracle.jdbc.driver.T4CConnection.logon(T4CConnection.java:677)
	at oracle.jdbc.driver.PhysicalConnection.connect(PhysicalConnection.java:1039)
	at oracle.jdbc.driver.T4CDriverExtension.getConnection(T4CDriverExtension.java:90)
	at oracle.jdbc.driver.OracleDriver.connect(OracleDriver.java:728)
	at oracle.jdbc.driver.OracleDriver.connect(OracleDriver.java:649)
	at com.zaxxer.hikari.util.DriverDataSource.getConnection(DriverDataSource.java:138)
	at com.zaxxer.hikari.pool.PoolBase.newConnection(PoolBase.java:364)
	at com.zaxxer.hikari.pool.PoolBase.newPoolEntry(PoolBase.java:206)
	at com.zaxxer.hikari.pool.HikariPool.createPoolEntry(HikariPool.java:476)
	at com.zaxxer.hikari.pool.HikariPool.checkFailFast(HikariPool.java:561)
	at com.zaxxer.hikari.pool.HikariPool.<init>(HikariPool.java:115)
	at com.zaxxer.hikari.HikariDataSource.getConnection(HikariDataSource.java:112)
	at org.hibernate.engine.jdbc.connections.internal.DatasourceConnectionProviderImpl.getConnection(DatasourceConnectionProviderImpl.java:122)
	at org.hibernate.engine.jdbc.env.internal.JdbcEnvironmentInitiator$ConnectionProviderJdbcConnectionAccess.obtainConnection(JdbcEnvironmentInitiator.java:181)
	at org.hibernate.engine.jdbc.env.internal.JdbcEnvironmentInitiator.initiateService(JdbcEnvironmentInitiator.java:68)
	at org.hibernate.engine.jdbc.env.internal.JdbcEnvironmentInitiator.initiateService(JdbcEnvironmentInitiator.java:35)
	at org.hibernate.boot.registry.internal.StandardServiceRegistryImpl.initiateService(StandardServiceRegistryImpl.java:101)
	at org.hibernate.service.internal.AbstractServiceRegistryImpl.createService(AbstractServiceRegistryImpl.java:263)
	at org.hibernate.service.internal.AbstractServiceRegistryImpl.initializeService(AbstractServiceRegistryImpl.java:237)
	at org.hibernate.service.internal.AbstractServiceRegistryImpl.getService(AbstractServiceRegistryImpl.java:214)
	at org.hibernate.id.factory.internal.DefaultIdentifierGeneratorFactory.injectServices(DefaultIdentifierGeneratorFactory.java:175)
	at org.hibernate.service.internal.AbstractServiceRegistryImpl.injectDependencies(AbstractServiceRegistryImpl.java:286)
	at org.hibernate.service.internal.AbstractServiceRegistryImpl.initializeService(AbstractServiceRegistryImpl.java:243)
	at org.hibernate.service.internal.AbstractServiceRegistryImpl.getService(AbstractServiceRegistryImpl.java:214)
	at org.hibernate.boot.internal.InFlightMetadataCollectorImpl.<init>(InFlightMetadataCollectorImpl.java:173)
	at org.hibernate.boot.model.process.spi.MetadataBuildingProcess.complete(MetadataBuildingProcess.java:127)
	at org.hibernate.jpa.boot.internal.EntityManagerFactoryBuilderImpl.metadata(EntityManagerFactoryBuilderImpl.java:1460)
	at org.hibernate.jpa.boot.internal.EntityManagerFactoryBuilderImpl.build(EntityManagerFactoryBuilderImpl.java:1494)
	at org.springframework.orm.jpa.vendor.SpringHibernateJpaPersistenceProvider.createContainerEntityManagerFactory(SpringHibernateJpaPersistenceProvider.java:58)
	at org.springframework.orm.jpa.LocalContainerEntityManagerFactoryBean.createNativeEntityManagerFactory(LocalContainerEntityManagerFactoryBean.java:365)
	at org.springframework.orm.jpa.AbstractEntityManagerFactoryBean.buildNativeEntityManagerFactory(AbstractEntityManagerFactoryBean.java:409)
	at org.springframework.orm.jpa.AbstractEntityManagerFactoryBean.afterPropertiesSet(AbstractEntityManagerFactoryBean.java:396)
	at org.springframework.orm.jpa.LocalContainerEntityManagerFactoryBean.afterPropertiesSet(LocalContainerEntityManagerFactoryBean.java:341)
	at org.springframework.beans.factory.support.AbstractAutowireCapableBeanFactory.invokeInitMethods(AbstractAutowireCapableBeanFactory.java:1863)
	at org.springframework.beans.factory.support.AbstractAutowireCapableBeanFactory.initializeBean(AbstractAutowireCapableBeanFactory.java:1800)
	at org.springframework.beans.factory.support.AbstractAutowireCapableBeanFactory.doCreateBean(AbstractAutowireCapableBeanFactory.java:620)
	at org.springframework.beans.factory.support.AbstractAutowireCapableBeanFactory.createBean(AbstractAutowireCapableBeanFactory.java:542)
	at org.springframework.beans.factory.support.AbstractBeanFactory.lambda$doGetBean$0(AbstractBeanFactory.java:335)
	at org.springframework.beans.factory.support.DefaultSingletonBeanRegistry.getSingleton(DefaultSingletonBeanRegistry.java:234)
	at org.springframework.beans.factory.support.AbstractBeanFactory.doGetBean(AbstractBeanFactory.java:333)
	at org.springframework.beans.factory.support.AbstractBeanFactory.getBean(AbstractBeanFactory.java:208)
	at org.springframework.context.support.AbstractApplicationContext.getBean(AbstractApplicationContext.java:1154)
	at org.springframework.context.support.AbstractApplicationContext.finishBeanFactoryInitialization(AbstractApplicationContext.java:908)
	at org.springframework.context.support.AbstractApplicationContext.refresh(AbstractApplicationContext.java:583)
	at org.springframework.boot.web.servlet.context.ServletWebServerApplicationContext.refresh(ServletWebServerApplicationContext.java:147)
	at org.springframework.boot.SpringApplication.refresh(SpringApplication.java:731)
	at org.springframework.boot.SpringApplication.refreshContext(SpringApplication.java:408)
	at org.springframework.boot.SpringApplication.run(SpringApplication.java:307)
	at org.springframework.boot.SpringApplication.run(SpringApplication.java:1303)
	at org.springframework.boot.SpringApplication.run(SpringApplication.java:1292)
	at com.reddot.utilityservice.UtilityServiceApplication.main(UtilityServiceApplication.java:11)
	at java.base/jdk.internal.reflect.NativeMethodAccessorImpl.invoke0(Native Method)
	at java.base/jdk.internal.reflect.NativeMethodAccessorImpl.invoke(NativeMethodAccessorImpl.java:62)
	at java.base/jdk.internal.reflect.DelegatingMethodAccessorImpl.invoke(DelegatingMethodAccessorImpl.java:43)
	at java.base/java.lang.reflect.Method.invoke(Method.java:566)
	at org.springframework.boot.devtools.restart.RestartLauncher.run(RestartLauncher.java:49)
Caused by: oracle.net.ns.NetException: The Network Adapter could not establish the connection (CONNECTION_ID=CUCjAkUNTUWNd7rU+UpjWg==)
	at oracle.net.nt.ConnStrategy.execute(ConnStrategy.java:677)
	at oracle.net.resolver.AddrResolution.resolveAndExecute(AddrResolution.java:568)
	at oracle.net.ns.NSProtocol.establishConnection(NSProtocol.java:933)
	at oracle.net.ns.NSProtocol.connect(NSProtocol.java:346)
	at oracle.jdbc.driver.T4CConnection.connect(T4CConnection.java:1969)
	at oracle.jdbc.driver.T4CConnection.logon(T4CConnection.java:642)
	... 55 common frames omitted
Caused by: java.io.IOException: Socket read timed out, socket connect lapse 30010 ms. 10.20.46.10 1536  30000 (1/1) true
	at oracle.net.nt.TcpNTAdapter.establishSocket(TcpNTAdapter.java:399)
	at oracle.net.nt.TcpNTAdapter.doLocalDNSLookupConnect(TcpNTAdapter.java:303)
	at oracle.net.nt.TcpNTAdapter.connect(TcpNTAdapter.java:265)
	at oracle.net.nt.ConnOption.connect(ConnOption.java:238)
	at oracle.net.nt.ConnStrategy.executeConnOption(ConnStrategy.java:902)
	at oracle.net.nt.ConnStrategy.execute(ConnStrategy.java:638)
	... 60 common frames omitted
Caused by: oracle.net.nt.TimeoutInterruptHandler$IOReadTimeoutException: Socket read timed out
	at oracle.net.nt.TimeoutSocketChannel.handleInterrupt(TimeoutSocketChannel.java:544)
	at oracle.net.nt.TimeoutSocketChannel.connect(TimeoutSocketChannel.java:197)
	at oracle.net.nt.TimeoutSocketChannel.<init>(TimeoutSocketChannel.java:158)
	at oracle.net.nt.TcpNTAdapter.establishSocket(TcpNTAdapter.java:380)
	... 65 common frames omitted
2023-05-02 00:48:03,286 WARN org.hibernate.engine.jdbc.env.internal.JdbcEnvironmentInitiator [restartedMain]  HHH000342: Could not obtain connection to query metadata
java.sql.SQLRecoverableException: IO Error: The Network Adapter could not establish the connection (CONNECTION_ID=CUCjAkUNTUWNd7rU+UpjWg==)
	at oracle.jdbc.driver.T4CConnection.handleLogonNetException(T4CConnection.java:872)
	at oracle.jdbc.driver.T4CConnection.logon(T4CConnection.java:677)
	at oracle.jdbc.driver.PhysicalConnection.connect(PhysicalConnection.java:1039)
	at oracle.jdbc.driver.T4CDriverExtension.getConnection(T4CDriverExtension.java:90)
	at oracle.jdbc.driver.OracleDriver.connect(OracleDriver.java:728)
	at oracle.jdbc.driver.OracleDriver.connect(OracleDriver.java:649)
	at com.zaxxer.hikari.util.DriverDataSource.getConnection(DriverDataSource.java:138)
	at com.zaxxer.hikari.pool.PoolBase.newConnection(PoolBase.java:364)
	at com.zaxxer.hikari.pool.PoolBase.newPoolEntry(PoolBase.java:206)
	at com.zaxxer.hikari.pool.HikariPool.createPoolEntry(HikariPool.java:476)
	at com.zaxxer.hikari.pool.HikariPool.checkFailFast(HikariPool.java:561)
	at com.zaxxer.hikari.pool.HikariPool.<init>(HikariPool.java:115)
	at com.zaxxer.hikari.HikariDataSource.getConnection(HikariDataSource.java:112)
	at org.hibernate.engine.jdbc.connections.internal.DatasourceConnectionProviderImpl.getConnection(DatasourceConnectionProviderImpl.java:122)
	at org.hibernate.engine.jdbc.env.internal.JdbcEnvironmentInitiator$ConnectionProviderJdbcConnectionAccess.obtainConnection(JdbcEnvironmentInitiator.java:181)
	at org.hibernate.engine.jdbc.env.internal.JdbcEnvironmentInitiator.initiateService(JdbcEnvironmentInitiator.java:68)
	at org.hibernate.engine.jdbc.env.internal.JdbcEnvironmentInitiator.initiateService(JdbcEnvironmentInitiator.java:35)
	at org.hibernate.boot.registry.internal.StandardServiceRegistryImpl.initiateService(StandardServiceRegistryImpl.java:101)
	at org.hibernate.service.internal.AbstractServiceRegistryImpl.createService(AbstractServiceRegistryImpl.java:263)
	at org.hibernate.service.internal.AbstractServiceRegistryImpl.initializeService(AbstractServiceRegistryImpl.java:237)
	at org.hibernate.service.internal.AbstractServiceRegistryImpl.getService(AbstractServiceRegistryImpl.java:214)
	at org.hibernate.id.factory.internal.DefaultIdentifierGeneratorFactory.injectServices(DefaultIdentifierGeneratorFactory.java:175)
	at org.hibernate.service.internal.AbstractServiceRegistryImpl.injectDependencies(AbstractServiceRegistryImpl.java:286)
	at org.hibernate.service.internal.AbstractServiceRegistryImpl.initializeService(AbstractServiceRegistryImpl.java:243)
	at org.hibernate.service.internal.AbstractServiceRegistryImpl.getService(AbstractServiceRegistryImpl.java:214)
	at org.hibernate.boot.internal.InFlightMetadataCollectorImpl.<init>(InFlightMetadataCollectorImpl.java:173)
	at org.hibernate.boot.model.process.spi.MetadataBuildingProcess.complete(MetadataBuildingProcess.java:127)
	at org.hibernate.jpa.boot.internal.EntityManagerFactoryBuilderImpl.metadata(EntityManagerFactoryBuilderImpl.java:1460)
	at org.hibernate.jpa.boot.internal.EntityManagerFactoryBuilderImpl.build(EntityManagerFactoryBuilderImpl.java:1494)
	at org.springframework.orm.jpa.vendor.SpringHibernateJpaPersistenceProvider.createContainerEntityManagerFactory(SpringHibernateJpaPersistenceProvider.java:58)
	at org.springframework.orm.jpa.LocalContainerEntityManagerFactoryBean.createNativeEntityManagerFactory(LocalContainerEntityManagerFactoryBean.java:365)
	at org.springframework.orm.jpa.AbstractEntityManagerFactoryBean.buildNativeEntityManagerFactory(AbstractEntityManagerFactoryBean.java:409)
	at org.springframework.orm.jpa.AbstractEntityManagerFactoryBean.afterPropertiesSet(AbstractEntityManagerFactoryBean.java:396)
	at org.springframework.orm.jpa.LocalContainerEntityManagerFactoryBean.afterPropertiesSet(LocalContainerEntityManagerFactoryBean.java:341)
	at org.springframework.beans.factory.support.AbstractAutowireCapableBeanFactory.invokeInitMethods(AbstractAutowireCapableBeanFactory.java:1863)
	at org.springframework.beans.factory.support.AbstractAutowireCapableBeanFactory.initializeBean(AbstractAutowireCapableBeanFactory.java:1800)
	at org.springframework.beans.factory.support.AbstractAutowireCapableBeanFactory.doCreateBean(AbstractAutowireCapableBeanFactory.java:620)
	at org.springframework.beans.factory.support.AbstractAutowireCapableBeanFactory.createBean(AbstractAutowireCapableBeanFactory.java:542)
	at org.springframework.beans.factory.support.AbstractBeanFactory.lambda$doGetBean$0(AbstractBeanFactory.java:335)
	at org.springframework.beans.factory.support.DefaultSingletonBeanRegistry.getSingleton(DefaultSingletonBeanRegistry.java:234)
	at org.springframework.beans.factory.support.AbstractBeanFactory.doGetBean(AbstractBeanFactory.java:333)
	at org.springframework.beans.factory.support.AbstractBeanFactory.getBean(AbstractBeanFactory.java:208)
	at org.springframework.context.support.AbstractApplicationContext.getBean(AbstractApplicationContext.java:1154)
	at org.springframework.context.support.AbstractApplicationContext.finishBeanFactoryInitialization(AbstractApplicationContext.java:908)
	at org.springframework.context.support.AbstractApplicationContext.refresh(AbstractApplicationContext.java:583)
	at org.springframework.boot.web.servlet.context.ServletWebServerApplicationContext.refresh(ServletWebServerApplicationContext.java:147)
	at org.springframework.boot.SpringApplication.refresh(SpringApplication.java:731)
	at org.springframework.boot.SpringApplication.refreshContext(SpringApplication.java:408)
	at org.springframework.boot.SpringApplication.run(SpringApplication.java:307)
	at org.springframework.boot.SpringApplication.run(SpringApplication.java:1303)
	at org.springframework.boot.SpringApplication.run(SpringApplication.java:1292)
	at com.reddot.utilityservice.UtilityServiceApplication.main(UtilityServiceApplication.java:11)
	at java.base/jdk.internal.reflect.NativeMethodAccessorImpl.invoke0(Native Method)
	at java.base/jdk.internal.reflect.NativeMethodAccessorImpl.invoke(NativeMethodAccessorImpl.java:62)
	at java.base/jdk.internal.reflect.DelegatingMethodAccessorImpl.invoke(DelegatingMethodAccessorImpl.java:43)
	at java.base/java.lang.reflect.Method.invoke(Method.java:566)
	at org.springframework.boot.devtools.restart.RestartLauncher.run(RestartLauncher.java:49)
Caused by: oracle.net.ns.NetException: The Network Adapter could not establish the connection (CONNECTION_ID=CUCjAkUNTUWNd7rU+UpjWg==)
	at oracle.net.nt.ConnStrategy.execute(ConnStrategy.java:677)
	at oracle.net.resolver.AddrResolution.resolveAndExecute(AddrResolution.java:568)
	at oracle.net.ns.NSProtocol.establishConnection(NSProtocol.java:933)
	at oracle.net.ns.NSProtocol.connect(NSProtocol.java:346)
	at oracle.jdbc.driver.T4CConnection.connect(T4CConnection.java:1969)
	at oracle.jdbc.driver.T4CConnection.logon(T4CConnection.java:642)
	... 55 common frames omitted
Caused by: java.io.IOException: Socket read timed out, socket connect lapse 30010 ms. 10.20.46.10 1536  30000 (1/1) true
	at oracle.net.nt.TcpNTAdapter.establishSocket(TcpNTAdapter.java:399)
	at oracle.net.nt.TcpNTAdapter.doLocalDNSLookupConnect(TcpNTAdapter.java:303)
	at oracle.net.nt.TcpNTAdapter.connect(TcpNTAdapter.java:265)
	at oracle.net.nt.ConnOption.connect(ConnOption.java:238)
	at oracle.net.nt.ConnStrategy.executeConnOption(ConnStrategy.java:902)
	at oracle.net.nt.ConnStrategy.execute(ConnStrategy.java:638)
	... 60 common frames omitted
Caused by: oracle.net.nt.TimeoutInterruptHandler$IOReadTimeoutException: Socket read timed out
	at oracle.net.nt.TimeoutSocketChannel.handleInterrupt(TimeoutSocketChannel.java:544)
	at oracle.net.nt.TimeoutSocketChannel.connect(TimeoutSocketChannel.java:197)
	at oracle.net.nt.TimeoutSocketChannel.<init>(TimeoutSocketChannel.java:158)
	at oracle.net.nt.TcpNTAdapter.establishSocket(TcpNTAdapter.java:380)
	... 65 common frames omitted
2023-05-02 00:48:03,299 INFO org.hibernate.dialect.Dialect [restartedMain]  HHH000400: Using dialect: org.hibernate.dialect.Oracle12cDialect
2023-05-02 00:48:03,782 INFO com.zaxxer.hikari.HikariDataSource [restartedMain]  HikariPool-1 - Starting...
2023-05-02 00:48:34,793 ERROR com.zaxxer.hikari.pool.HikariPool [restartedMain]  HikariPool-1 - Exception during pool initialization.
java.sql.SQLRecoverableException: IO Error: The Network Adapter could not establish the connection (CONNECTION_ID=eei4XXkvS0eqkL5PLbsOTg==)
	at oracle.jdbc.driver.T4CConnection.handleLogonNetException(T4CConnection.java:872)
	at oracle.jdbc.driver.T4CConnection.logon(T4CConnection.java:677)
	at oracle.jdbc.driver.PhysicalConnection.connect(PhysicalConnection.java:1039)
	at oracle.jdbc.driver.T4CDriverExtension.getConnection(T4CDriverExtension.java:90)
	at oracle.jdbc.driver.OracleDriver.connect(OracleDriver.java:728)
	at oracle.jdbc.driver.OracleDriver.connect(OracleDriver.java:649)
	at com.zaxxer.hikari.util.DriverDataSource.getConnection(DriverDataSource.java:138)
	at com.zaxxer.hikari.pool.PoolBase.newConnection(PoolBase.java:364)
	at com.zaxxer.hikari.pool.PoolBase.newPoolEntry(PoolBase.java:206)
	at com.zaxxer.hikari.pool.HikariPool.createPoolEntry(HikariPool.java:476)
	at com.zaxxer.hikari.pool.HikariPool.checkFailFast(HikariPool.java:561)
	at com.zaxxer.hikari.pool.HikariPool.<init>(HikariPool.java:115)
	at com.zaxxer.hikari.HikariDataSource.getConnection(HikariDataSource.java:112)
	at org.hibernate.engine.jdbc.connections.internal.DatasourceConnectionProviderImpl.getConnection(DatasourceConnectionProviderImpl.java:122)
	at org.hibernate.engine.jdbc.env.internal.JdbcEnvironmentInitiator$ConnectionProviderJdbcConnectionAccess.obtainConnection(JdbcEnvironmentInitiator.java:181)
	at org.hibernate.resource.transaction.backend.jdbc.internal.DdlTransactionIsolatorNonJtaImpl.getIsolatedConnection(DdlTransactionIsolatorNonJtaImpl.java:44)
	at org.hibernate.tool.schema.internal.exec.ImprovedExtractionContextImpl.getJdbcConnection(ImprovedExtractionContextImpl.java:63)
	at org.hibernate.tool.schema.extract.spi.ExtractionContext.getQueryResults(ExtractionContext.java:43)
	at org.hibernate.tool.schema.extract.internal.SequenceInformationExtractorLegacyImpl.extractMetadata(SequenceInformationExtractorLegacyImpl.java:39)
	at org.hibernate.tool.schema.extract.internal.DatabaseInformationImpl.initializeSequences(DatabaseInformationImpl.java:66)
	at org.hibernate.tool.schema.extract.internal.DatabaseInformationImpl.<init>(DatabaseInformationImpl.java:60)
	at org.hibernate.tool.schema.internal.Helper.buildDatabaseInformation(Helper.java:183)
	at org.hibernate.tool.schema.internal.AbstractSchemaMigrator.doMigration(AbstractSchemaMigrator.java:104)
	at org.hibernate.tool.schema.spi.SchemaManagementToolCoordinator.performDatabaseAction(SchemaManagementToolCoordinator.java:196)
	at org.hibernate.tool.schema.spi.SchemaManagementToolCoordinator.process(SchemaManagementToolCoordinator.java:85)
	at org.hibernate.internal.SessionFactoryImpl.<init>(SessionFactoryImpl.java:335)
	at org.hibernate.boot.internal.SessionFactoryBuilderImpl.build(SessionFactoryBuilderImpl.java:471)
	at org.hibernate.jpa.boot.internal.EntityManagerFactoryBuilderImpl.build(EntityManagerFactoryBuilderImpl.java:1498)
	at org.springframework.orm.jpa.vendor.SpringHibernateJpaPersistenceProvider.createContainerEntityManagerFactory(SpringHibernateJpaPersistenceProvider.java:58)
	at org.springframework.orm.jpa.LocalContainerEntityManagerFactoryBean.createNativeEntityManagerFactory(LocalContainerEntityManagerFactoryBean.java:365)
	at org.springframework.orm.jpa.AbstractEntityManagerFactoryBean.buildNativeEntityManagerFactory(AbstractEntityManagerFactoryBean.java:409)
	at org.springframework.orm.jpa.AbstractEntityManagerFactoryBean.afterPropertiesSet(AbstractEntityManagerFactoryBean.java:396)
	at org.springframework.orm.jpa.LocalContainerEntityManagerFactoryBean.afterPropertiesSet(LocalContainerEntityManagerFactoryBean.java:341)
	at org.springframework.beans.factory.support.AbstractAutowireCapableBeanFactory.invokeInitMethods(AbstractAutowireCapableBeanFactory.java:1863)
	at org.springframework.beans.factory.support.AbstractAutowireCapableBeanFactory.initializeBean(AbstractAutowireCapableBeanFactory.java:1800)
	at org.springframework.beans.factory.support.AbstractAutowireCapableBeanFactory.doCreateBean(AbstractAutowireCapableBeanFactory.java:620)
	at org.springframework.beans.factory.support.AbstractAutowireCapableBeanFactory.createBean(AbstractAutowireCapableBeanFactory.java:542)
	at org.springframework.beans.factory.support.AbstractBeanFactory.lambda$doGetBean$0(AbstractBeanFactory.java:335)
	at org.springframework.beans.factory.support.DefaultSingletonBeanRegistry.getSingleton(DefaultSingletonBeanRegistry.java:234)
	at org.springframework.beans.factory.support.AbstractBeanFactory.doGetBean(AbstractBeanFactory.java:333)
	at org.springframework.beans.factory.support.AbstractBeanFactory.getBean(AbstractBeanFactory.java:208)
	at org.springframework.context.support.AbstractApplicationContext.getBean(AbstractApplicationContext.java:1154)
	at org.springframework.context.support.AbstractApplicationContext.finishBeanFactoryInitialization(AbstractApplicationContext.java:908)
	at org.springframework.context.support.AbstractApplicationContext.refresh(AbstractApplicationContext.java:583)
	at org.springframework.boot.web.servlet.context.ServletWebServerApplicationContext.refresh(ServletWebServerApplicationContext.java:147)
	at org.springframework.boot.SpringApplication.refresh(SpringApplication.java:731)
	at org.springframework.boot.SpringApplication.refreshContext(SpringApplication.java:408)
	at org.springframework.boot.SpringApplication.run(SpringApplication.java:307)
	at org.springframework.boot.SpringApplication.run(SpringApplication.java:1303)
	at org.springframework.boot.SpringApplication.run(SpringApplication.java:1292)
	at com.reddot.utilityservice.UtilityServiceApplication.main(UtilityServiceApplication.java:11)
	at java.base/jdk.internal.reflect.NativeMethodAccessorImpl.invoke0(Native Method)
	at java.base/jdk.internal.reflect.NativeMethodAccessorImpl.invoke(NativeMethodAccessorImpl.java:62)
	at java.base/jdk.internal.reflect.DelegatingMethodAccessorImpl.invoke(DelegatingMethodAccessorImpl.java:43)
	at java.base/java.lang.reflect.Method.invoke(Method.java:566)
	at org.springframework.boot.devtools.restart.RestartLauncher.run(RestartLauncher.java:49)
Caused by: oracle.net.ns.NetException: The Network Adapter could not establish the connection (CONNECTION_ID=eei4XXkvS0eqkL5PLbsOTg==)
	at oracle.net.nt.ConnStrategy.execute(ConnStrategy.java:677)
	at oracle.net.resolver.AddrResolution.resolveAndExecute(AddrResolution.java:568)
	at oracle.net.ns.NSProtocol.establishConnection(NSProtocol.java:933)
	at oracle.net.ns.NSProtocol.connect(NSProtocol.java:346)
	at oracle.jdbc.driver.T4CConnection.connect(T4CConnection.java:1969)
	at oracle.jdbc.driver.T4CConnection.logon(T4CConnection.java:642)
	... 54 common frames omitted
Caused by: java.io.IOException: Socket read timed out, socket connect lapse 30005 ms. 10.20.46.10 1536  30000 (1/1) true
	at oracle.net.nt.TcpNTAdapter.establishSocket(TcpNTAdapter.java:399)
	at oracle.net.nt.TcpNTAdapter.doLocalDNSLookupConnect(TcpNTAdapter.java:303)
	at oracle.net.nt.TcpNTAdapter.connect(TcpNTAdapter.java:265)
	at oracle.net.nt.ConnOption.connect(ConnOption.java:238)
	at oracle.net.nt.ConnStrategy.executeConnOption(ConnStrategy.java:902)
	at oracle.net.nt.ConnStrategy.execute(ConnStrategy.java:638)
	... 59 common frames omitted
Caused by: oracle.net.nt.TimeoutInterruptHandler$IOReadTimeoutException: Socket read timed out
	at oracle.net.nt.TimeoutSocketChannel.handleInterrupt(TimeoutSocketChannel.java:544)
	at oracle.net.nt.TimeoutSocketChannel.connect(TimeoutSocketChannel.java:197)
	at oracle.net.nt.TimeoutSocketChannel.<init>(TimeoutSocketChannel.java:158)
	at oracle.net.nt.TcpNTAdapter.establishSocket(TcpNTAdapter.java:380)
	... 64 common frames omitted
2023-05-02 00:48:34,795 WARN org.hibernate.engine.jdbc.spi.SqlExceptionHelper [restartedMain]  SQL Error: 17002, SQLState: 08006
2023-05-02 00:48:34,795 ERROR org.hibernate.engine.jdbc.spi.SqlExceptionHelper [restartedMain]  IO Error: The Network Adapter could not establish the connection (CONNECTION_ID=eei4XXkvS0eqkL5PLbsOTg==)
2023-05-02 00:48:34,801 ERROR org.springframework.orm.jpa.AbstractEntityManagerFactoryBean [restartedMain]  Failed to initialize JPA EntityManagerFactory: [PersistenceUnit: default] Unable to build Hibernate SessionFactory; nested exception is org.hibernate.exception.JDBCConnectionException: Unable to open JDBC Connection for DDL execution
2023-05-02 00:48:34,802 WARN org.springframework.context.support.AbstractApplicationContext [restartedMain]  Exception encountered during context initialization - cancelling refresh attempt: org.springframework.beans.factory.BeanCreationException: Error creating bean with name 'entityManagerFactory' defined in class path resource [org/springframework/boot/autoconfigure/orm/jpa/HibernateJpaConfiguration.class]: Invocation of init method failed; nested exception is javax.persistence.PersistenceException: [PersistenceUnit: default] Unable to build Hibernate SessionFactory; nested exception is org.hibernate.exception.JDBCConnectionException: Unable to open JDBC Connection for DDL execution
2023-05-02 00:48:34,804 INFO org.apache.juli.logging.DirectJDKLog [restartedMain]  Stopping service [Tomcat]
2023-05-02 00:48:34,814 INFO org.springframework.boot.autoconfigure.logging.ConditionEvaluationReportLoggingListener [restartedMain]  

Error starting ApplicationContext. To display the conditions report re-run your application with 'debug' enabled.
2023-05-02 00:48:34,831 ERROR org.springframework.boot.SpringApplication [restartedMain]  Application run failed
org.springframework.beans.factory.BeanCreationException: Error creating bean with name 'entityManagerFactory' defined in class path resource [org/springframework/boot/autoconfigure/orm/jpa/HibernateJpaConfiguration.class]: Invocation of init method failed; nested exception is javax.persistence.PersistenceException: [PersistenceUnit: default] Unable to build Hibernate SessionFactory; nested exception is org.hibernate.exception.JDBCConnectionException: Unable to open JDBC Connection for DDL execution
	at org.springframework.beans.factory.support.AbstractAutowireCapableBeanFactory.initializeBean(AbstractAutowireCapableBeanFactory.java:1804)
	at org.springframework.beans.factory.support.AbstractAutowireCapableBeanFactory.doCreateBean(AbstractAutowireCapableBeanFactory.java:620)
	at org.springframework.beans.factory.support.AbstractAutowireCapableBeanFactory.createBean(AbstractAutowireCapableBeanFactory.java:542)
	at org.springframework.beans.factory.support.AbstractBeanFactory.lambda$doGetBean$0(AbstractBeanFactory.java:335)
	at org.springframework.beans.factory.support.DefaultSingletonBeanRegistry.getSingleton(DefaultSingletonBeanRegistry.java:234)
	at org.springframework.beans.factory.support.AbstractBeanFactory.doGetBean(AbstractBeanFactory.java:333)
	at org.springframework.beans.factory.support.AbstractBeanFactory.getBean(AbstractBeanFactory.java:208)
	at org.springframework.context.support.AbstractApplicationContext.getBean(AbstractApplicationContext.java:1154)
	at org.springframework.context.support.AbstractApplicationContext.finishBeanFactoryInitialization(AbstractApplicationContext.java:908)
	at org.springframework.context.support.AbstractApplicationContext.refresh(AbstractApplicationContext.java:583)
	at org.springframework.boot.web.servlet.context.ServletWebServerApplicationContext.refresh(ServletWebServerApplicationContext.java:147)
	at org.springframework.boot.SpringApplication.refresh(SpringApplication.java:731)
	at org.springframework.boot.SpringApplication.refreshContext(SpringApplication.java:408)
	at org.springframework.boot.SpringApplication.run(SpringApplication.java:307)
	at org.springframework.boot.SpringApplication.run(SpringApplication.java:1303)
	at org.springframework.boot.SpringApplication.run(SpringApplication.java:1292)
	at com.reddot.utilityservice.UtilityServiceApplication.main(UtilityServiceApplication.java:11)
	at java.base/jdk.internal.reflect.NativeMethodAccessorImpl.invoke0(Native Method)
	at java.base/jdk.internal.reflect.NativeMethodAccessorImpl.invoke(NativeMethodAccessorImpl.java:62)
	at java.base/jdk.internal.reflect.DelegatingMethodAccessorImpl.invoke(DelegatingMethodAccessorImpl.java:43)
	at java.base/java.lang.reflect.Method.invoke(Method.java:566)
	at org.springframework.boot.devtools.restart.RestartLauncher.run(RestartLauncher.java:49)
Caused by: javax.persistence.PersistenceException: [PersistenceUnit: default] Unable to build Hibernate SessionFactory; nested exception is org.hibernate.exception.JDBCConnectionException: Unable to open JDBC Connection for DDL execution
	at org.springframework.orm.jpa.AbstractEntityManagerFactoryBean.buildNativeEntityManagerFactory(AbstractEntityManagerFactoryBean.java:421)
	at org.springframework.orm.jpa.AbstractEntityManagerFactoryBean.afterPropertiesSet(AbstractEntityManagerFactoryBean.java:396)
	at org.springframework.orm.jpa.LocalContainerEntityManagerFactoryBean.afterPropertiesSet(LocalContainerEntityManagerFactoryBean.java:341)
	at org.springframework.beans.factory.support.AbstractAutowireCapableBeanFactory.invokeInitMethods(AbstractAutowireCapableBeanFactory.java:1863)
	at org.springframework.beans.factory.support.AbstractAutowireCapableBeanFactory.initializeBean(AbstractAutowireCapableBeanFactory.java:1800)
	... 21 common frames omitted
Caused by: org.hibernate.exception.JDBCConnectionException: Unable to open JDBC Connection for DDL execution
	at org.hibernate.exception.internal.SQLStateConversionDelegate.convert(SQLStateConversionDelegate.java:112)
	at org.hibernate.exception.internal.StandardSQLExceptionConverter.convert(StandardSQLExceptionConverter.java:37)
	at org.hibernate.engine.jdbc.spi.SqlExceptionHelper.convert(SqlExceptionHelper.java:113)
	at org.hibernate.engine.jdbc.spi.SqlExceptionHelper.convert(SqlExceptionHelper.java:99)
	at org.hibernate.resource.transaction.backend.jdbc.internal.DdlTransactionIsolatorNonJtaImpl.getIsolatedConnection(DdlTransactionIsolatorNonJtaImpl.java:71)
	at org.hibernate.tool.schema.internal.exec.ImprovedExtractionContextImpl.getJdbcConnection(ImprovedExtractionContextImpl.java:63)
	at org.hibernate.tool.schema.extract.spi.ExtractionContext.getQueryResults(ExtractionContext.java:43)
	at org.hibernate.tool.schema.extract.internal.SequenceInformationExtractorLegacyImpl.extractMetadata(SequenceInformationExtractorLegacyImpl.java:39)
	at org.hibernate.tool.schema.extract.internal.DatabaseInformationImpl.initializeSequences(DatabaseInformationImpl.java:66)
	at org.hibernate.tool.schema.extract.internal.DatabaseInformationImpl.<init>(DatabaseInformationImpl.java:60)
	at org.hibernate.tool.schema.internal.Helper.buildDatabaseInformation(Helper.java:183)
	at org.hibernate.tool.schema.internal.AbstractSchemaMigrator.doMigration(AbstractSchemaMigrator.java:104)
	at org.hibernate.tool.schema.spi.SchemaManagementToolCoordinator.performDatabaseAction(SchemaManagementToolCoordinator.java:196)
	at org.hibernate.tool.schema.spi.SchemaManagementToolCoordinator.process(SchemaManagementToolCoordinator.java:85)
	at org.hibernate.internal.SessionFactoryImpl.<init>(SessionFactoryImpl.java:335)
	at org.hibernate.boot.internal.SessionFactoryBuilderImpl.build(SessionFactoryBuilderImpl.java:471)
	at org.hibernate.jpa.boot.internal.EntityManagerFactoryBuilderImpl.build(EntityManagerFactoryBuilderImpl.java:1498)
	at org.springframework.orm.jpa.vendor.SpringHibernateJpaPersistenceProvider.createContainerEntityManagerFactory(SpringHibernateJpaPersistenceProvider.java:58)
	at org.springframework.orm.jpa.LocalContainerEntityManagerFactoryBean.createNativeEntityManagerFactory(LocalContainerEntityManagerFactoryBean.java:365)
	at org.springframework.orm.jpa.AbstractEntityManagerFactoryBean.buildNativeEntityManagerFactory(AbstractEntityManagerFactoryBean.java:409)
	... 25 common frames omitted
Caused by: java.sql.SQLRecoverableException: IO Error: The Network Adapter could not establish the connection (CONNECTION_ID=eei4XXkvS0eqkL5PLbsOTg==)
	at oracle.jdbc.driver.T4CConnection.handleLogonNetException(T4CConnection.java:872)
	at oracle.jdbc.driver.T4CConnection.logon(T4CConnection.java:677)
	at oracle.jdbc.driver.PhysicalConnection.connect(PhysicalConnection.java:1039)
	at oracle.jdbc.driver.T4CDriverExtension.getConnection(T4CDriverExtension.java:90)
	at oracle.jdbc.driver.OracleDriver.connect(OracleDriver.java:728)
	at oracle.jdbc.driver.OracleDriver.connect(OracleDriver.java:649)
	at com.zaxxer.hikari.util.DriverDataSource.getConnection(DriverDataSource.java:138)
	at com.zaxxer.hikari.pool.PoolBase.newConnection(PoolBase.java:364)
	at com.zaxxer.hikari.pool.PoolBase.newPoolEntry(PoolBase.java:206)
	at com.zaxxer.hikari.pool.HikariPool.createPoolEntry(HikariPool.java:476)
	at com.zaxxer.hikari.pool.HikariPool.checkFailFast(HikariPool.java:561)
	at com.zaxxer.hikari.pool.HikariPool.<init>(HikariPool.java:115)
	at com.zaxxer.hikari.HikariDataSource.getConnection(HikariDataSource.java:112)
	at org.hibernate.engine.jdbc.connections.internal.DatasourceConnectionProviderImpl.getConnection(DatasourceConnectionProviderImpl.java:122)
	at org.hibernate.engine.jdbc.env.internal.JdbcEnvironmentInitiator$ConnectionProviderJdbcConnectionAccess.obtainConnection(JdbcEnvironmentInitiator.java:181)
	at org.hibernate.resource.transaction.backend.jdbc.internal.DdlTransactionIsolatorNonJtaImpl.getIsolatedConnection(DdlTransactionIsolatorNonJtaImpl.java:44)
	... 40 common frames omitted
Caused by: oracle.net.ns.NetException: The Network Adapter could not establish the connection (CONNECTION_ID=eei4XXkvS0eqkL5PLbsOTg==)
	at oracle.net.nt.ConnStrategy.execute(ConnStrategy.java:677)
	at oracle.net.resolver.AddrResolution.resolveAndExecute(AddrResolution.java:568)
	at oracle.net.ns.NSProtocol.establishConnection(NSProtocol.java:933)
	at oracle.net.ns.NSProtocol.connect(NSProtocol.java:346)
	at oracle.jdbc.driver.T4CConnection.connect(T4CConnection.java:1969)
	at oracle.jdbc.driver.T4CConnection.logon(T4CConnection.java:642)
	... 54 common frames omitted
Caused by: java.io.IOException: Socket read timed out, socket connect lapse 30005 ms. 10.20.46.10 1536  30000 (1/1) true
	at oracle.net.nt.TcpNTAdapter.establishSocket(TcpNTAdapter.java:399)
	at oracle.net.nt.TcpNTAdapter.doLocalDNSLookupConnect(TcpNTAdapter.java:303)
	at oracle.net.nt.TcpNTAdapter.connect(TcpNTAdapter.java:265)
	at oracle.net.nt.ConnOption.connect(ConnOption.java:238)
	at oracle.net.nt.ConnStrategy.executeConnOption(ConnStrategy.java:902)
	at oracle.net.nt.ConnStrategy.execute(ConnStrategy.java:638)
	... 59 common frames omitted
Caused by: oracle.net.nt.TimeoutInterruptHandler$IOReadTimeoutException: Socket read timed out
	at oracle.net.nt.TimeoutSocketChannel.handleInterrupt(TimeoutSocketChannel.java:544)
	at oracle.net.nt.TimeoutSocketChannel.connect(TimeoutSocketChannel.java:197)
	at oracle.net.nt.TimeoutSocketChannel.<init>(TimeoutSocketChannel.java:158)
	at oracle.net.nt.TcpNTAdapter.establishSocket(TcpNTAdapter.java:380)
	... 64 common frames omitted
2023-05-02 13:33:19,825 INFO org.springframework.boot.StartupInfoLogger [restartedMain]  Starting UtilityServiceApplication using Java 11.0.17 on SHAJ-MAC.local with PID 3298 (/Users/user/Documents/reddot/backend/utilityservice/target/classes started by user in /Users/user/Documents/reddot/backend/utilityservice)
2023-05-02 13:33:19,841 DEBUG org.springframework.boot.StartupInfoLogger [restartedMain]  Running with Spring Boot v2.7.7, Spring v5.3.24
2023-05-02 13:33:19,842 INFO org.springframework.boot.SpringApplication [restartedMain]  The following 1 profile is active: "prod"
2023-05-02 13:33:20,374 INFO org.springframework.boot.logging.DeferredLog [restartedMain]  The Class-Path manifest attribute in /Users/user/.m2/repository/com/oracle/database/jdbc/ojdbc8/21.4.0.0/ojdbc8-21.4.0.0.jar referenced one or more files that do not exist: file:/Users/user/.m2/repository/com/oracle/database/jdbc/ojdbc8/21.4.0.0/oraclepki.jar
2023-05-02 13:33:20,377 INFO org.springframework.boot.logging.DeferredLog [restartedMain]  Devtools property defaults active! Set 'spring.devtools.add-properties' to 'false' to disable
2023-05-02 13:33:20,378 INFO org.springframework.boot.logging.DeferredLog [restartedMain]  For additional web related logging consider setting the 'logging.level.web' property to 'DEBUG'
2023-05-02 13:33:28,324 INFO org.springframework.data.repository.config.RepositoryConfigurationDelegate [restartedMain]  Multiple Spring Data modules found, entering strict repository configuration mode
2023-05-02 13:33:28,326 INFO org.springframework.data.repository.config.RepositoryConfigurationDelegate [restartedMain]  Bootstrapping Spring Data JPA repositories in DEFAULT mode.
2023-05-02 13:33:29,228 INFO org.springframework.data.repository.config.RepositoryConfigurationDelegate [restartedMain]  Finished Spring Data repository scanning in 836 ms. Found 5 JPA repository interfaces.
2023-05-02 13:33:29,363 INFO org.springframework.data.repository.config.RepositoryConfigurationDelegate [restartedMain]  Multiple Spring Data modules found, entering strict repository configuration mode
2023-05-02 13:33:29,378 INFO org.springframework.data.repository.config.RepositoryConfigurationDelegate [restartedMain]  Bootstrapping Spring Data Redis repositories in DEFAULT mode.
2023-05-02 13:33:29,646 INFO org.springframework.data.repository.config.RepositoryConfigurationExtensionSupport [restartedMain]  Spring Data Redis - Could not safely identify store assignment for repository candidate interface com.reddot.utilityservice.agentlocator.repository.AgentLocatorRepository; If you want this repository to be a Redis repository, consider annotating your entities with one of these annotations: org.springframework.data.redis.core.RedisHash (preferred), or consider extending one of the following types with your repository: org.springframework.data.keyvalue.repository.KeyValueRepository
2023-05-02 13:33:29,659 INFO org.springframework.data.repository.config.RepositoryConfigurationExtensionSupport [restartedMain]  Spring Data Redis - Could not safely identify store assignment for repository candidate interface com.reddot.utilityservice.agentlocator.repository.ConfigurationRepository; If you want this repository to be a Redis repository, consider annotating your entities with one of these annotations: org.springframework.data.redis.core.RedisHash (preferred), or consider extending one of the following types with your repository: org.springframework.data.keyvalue.repository.KeyValueRepository
2023-05-02 13:33:29,662 INFO org.springframework.data.repository.config.RepositoryConfigurationExtensionSupport [restartedMain]  Spring Data Redis - Could not safely identify store assignment for repository candidate interface com.reddot.utilityservice.common.repository.TransactionRepository; If you want this repository to be a Redis repository, consider annotating your entities with one of these annotations: org.springframework.data.redis.core.RedisHash (preferred), or consider extending one of the following types with your repository: org.springframework.data.keyvalue.repository.KeyValueRepository
2023-05-02 13:33:29,675 INFO org.springframework.data.repository.config.RepositoryConfigurationExtensionSupport [restartedMain]  Spring Data Redis - Could not safely identify store assignment for repository candidate interface com.reddot.utilityservice.features.desco.postpaid.repository.DescoPostpaidRepository; If you want this repository to be a Redis repository, consider annotating your entities with one of these annotations: org.springframework.data.redis.core.RedisHash (preferred), or consider extending one of the following types with your repository: org.springframework.data.keyvalue.repository.KeyValueRepository
2023-05-02 13:33:29,678 INFO org.springframework.data.repository.config.RepositoryConfigurationExtensionSupport [restartedMain]  Spring Data Redis - Could not safely identify store assignment for repository candidate interface com.reddot.utilityservice.requestmoney.repository.RequestMoneyRepository; If you want this repository to be a Redis repository, consider annotating your entities with one of these annotations: org.springframework.data.redis.core.RedisHash (preferred), or consider extending one of the following types with your repository: org.springframework.data.keyvalue.repository.KeyValueRepository
2023-05-02 13:33:29,680 INFO org.springframework.data.repository.config.RepositoryConfigurationDelegate [restartedMain]  Finished Spring Data repository scanning in 203 ms. Found 0 Redis repository interfaces.
2023-05-02 13:33:36,143 INFO org.springframework.boot.web.embedded.tomcat.TomcatWebServer [restartedMain]  Tomcat initialized with port(s): 8080 (http)
2023-05-02 13:33:36,241 INFO org.apache.juli.logging.DirectJDKLog [restartedMain]  Initializing ProtocolHandler ["http-nio-8080"]
2023-05-02 13:33:36,243 INFO org.apache.juli.logging.DirectJDKLog [restartedMain]  Starting service [Tomcat]
2023-05-02 13:33:36,256 INFO org.apache.juli.logging.DirectJDKLog [restartedMain]  Starting Servlet engine: [Apache Tomcat/9.0.70]
2023-05-02 13:33:36,960 INFO org.apache.juli.logging.DirectJDKLog [restartedMain]  Initializing Spring embedded WebApplicationContext
2023-05-02 13:33:36,962 INFO org.springframework.boot.web.servlet.context.ServletWebServerApplicationContext [restartedMain]  Root WebApplicationContext: initialization completed in 16568 ms
2023-05-02 13:33:39,015 INFO org.hibernate.jpa.internal.util.LogHelper [restartedMain]  HHH000204: Processing PersistenceUnitInfo [name: default]
2023-05-02 13:33:39,479 INFO org.hibernate.Version [restartedMain]  HHH000412: Hibernate ORM core version 5.6.14.Final
2023-05-02 13:33:40,782 INFO org.hibernate.annotations.common.reflection.java.JavaReflectionManager [restartedMain]  HCANN000001: Hibernate Commons Annotations {5.1.2.Final}
2023-05-02 13:33:41,704 WARN com.zaxxer.hikari.HikariConfig [restartedMain]  HikariPool-1 - maxLifetime is less than 30000ms, setting to default 1800000ms.
2023-05-02 13:33:41,719 INFO com.zaxxer.hikari.HikariDataSource [restartedMain]  HikariPool-1 - Starting...
2023-05-02 13:33:44,711 INFO com.zaxxer.hikari.HikariDataSource [restartedMain]  HikariPool-1 - Start completed.
2023-05-02 13:33:44,877 INFO org.hibernate.dialect.Dialect [restartedMain]  HHH000400: Using dialect: org.hibernate.dialect.Oracle12cDialect
2023-05-02 13:36:22,044 INFO org.springframework.boot.StartupInfoLogger [main]  Starting UtilityserviceApplicationTests using Java 11.0.17 on SHAJ-MAC.local with PID 3332 (started by user in /Users/user/Documents/reddot/backend/utilityservice)
2023-05-02 13:36:22,060 DEBUG org.springframework.boot.StartupInfoLogger [main]  Running with Spring Boot v2.7.7, Spring v5.3.24
2023-05-02 13:36:22,073 INFO org.springframework.boot.SpringApplication [main]  The following 1 profile is active: "prod"
2023-05-02 13:36:31,493 INFO org.springframework.data.repository.config.RepositoryConfigurationDelegate [main]  Multiple Spring Data modules found, entering strict repository configuration mode
2023-05-02 13:36:31,513 INFO org.springframework.data.repository.config.RepositoryConfigurationDelegate [main]  Bootstrapping Spring Data JPA repositories in DEFAULT mode.
2023-05-02 13:36:34,402 INFO org.springframework.data.repository.config.RepositoryConfigurationDelegate [main]  Finished Spring Data repository scanning in 2804 ms. Found 5 JPA repository interfaces.
2023-05-02 13:36:34,581 INFO org.springframework.data.repository.config.RepositoryConfigurationDelegate [main]  Multiple Spring Data modules found, entering strict repository configuration mode
2023-05-02 13:36:34,587 INFO org.springframework.data.repository.config.RepositoryConfigurationDelegate [main]  Bootstrapping Spring Data Redis repositories in DEFAULT mode.
2023-05-02 13:36:34,916 INFO org.springframework.data.repository.config.RepositoryConfigurationExtensionSupport [main]  Spring Data Redis - Could not safely identify store assignment for repository candidate interface com.reddot.utilityservice.agentlocator.repository.AgentLocatorRepository; If you want this repository to be a Redis repository, consider annotating your entities with one of these annotations: org.springframework.data.redis.core.RedisHash (preferred), or consider extending one of the following types with your repository: org.springframework.data.keyvalue.repository.KeyValueRepository
2023-05-02 13:36:34,919 INFO org.springframework.data.repository.config.RepositoryConfigurationExtensionSupport [main]  Spring Data Redis - Could not safely identify store assignment for repository candidate interface com.reddot.utilityservice.agentlocator.repository.ConfigurationRepository; If you want this repository to be a Redis repository, consider annotating your entities with one of these annotations: org.springframework.data.redis.core.RedisHash (preferred), or consider extending one of the following types with your repository: org.springframework.data.keyvalue.repository.KeyValueRepository
2023-05-02 13:36:34,933 INFO org.springframework.data.repository.config.RepositoryConfigurationExtensionSupport [main]  Spring Data Redis - Could not safely identify store assignment for repository candidate interface com.reddot.utilityservice.common.repository.TransactionRepository; If you want this repository to be a Redis repository, consider annotating your entities with one of these annotations: org.springframework.data.redis.core.RedisHash (preferred), or consider extending one of the following types with your repository: org.springframework.data.keyvalue.repository.KeyValueRepository
2023-05-02 13:36:34,937 INFO org.springframework.data.repository.config.RepositoryConfigurationExtensionSupport [main]  Spring Data Redis - Could not safely identify store assignment for repository candidate interface com.reddot.utilityservice.features.desco.postpaid.repository.DescoPostpaidRepository; If you want this repository to be a Redis repository, consider annotating your entities with one of these annotations: org.springframework.data.redis.core.RedisHash (preferred), or consider extending one of the following types with your repository: org.springframework.data.keyvalue.repository.KeyValueRepository
2023-05-02 13:36:34,951 INFO org.springframework.data.repository.config.RepositoryConfigurationExtensionSupport [main]  Spring Data Redis - Could not safely identify store assignment for repository candidate interface com.reddot.utilityservice.requestmoney.repository.RequestMoneyRepository; If you want this repository to be a Redis repository, consider annotating your entities with one of these annotations: org.springframework.data.redis.core.RedisHash (preferred), or consider extending one of the following types with your repository: org.springframework.data.keyvalue.repository.KeyValueRepository
2023-05-02 13:36:34,953 INFO org.springframework.data.repository.config.RepositoryConfigurationDelegate [main]  Finished Spring Data repository scanning in 250 ms. Found 0 Redis repository interfaces.
2023-05-02 13:36:43,903 INFO org.hibernate.jpa.internal.util.LogHelper [main]  HHH000204: Processing PersistenceUnitInfo [name: default]
2023-05-02 13:36:44,603 INFO org.hibernate.Version [main]  HHH000412: Hibernate ORM core version 5.6.14.Final
2023-05-02 13:36:46,828 INFO org.hibernate.annotations.common.reflection.java.JavaReflectionManager [main]  HCANN000001: Hibernate Commons Annotations {5.1.2.Final}
2023-05-02 13:36:48,265 WARN com.zaxxer.hikari.HikariConfig [main]  HikariPool-1 - maxLifetime is less than 30000ms, setting to default 1800000ms.
2023-05-02 13:36:48,282 INFO com.zaxxer.hikari.HikariDataSource [main]  HikariPool-1 - Starting...
2023-05-02 13:36:53,492 INFO com.zaxxer.hikari.HikariDataSource [main]  HikariPool-1 - Start completed.
2023-05-02 13:36:53,761 INFO org.hibernate.dialect.Dialect [main]  HHH000400: Using dialect: org.hibernate.dialect.Oracle12cDialect
2023-05-02 13:37:57,620 INFO org.hibernate.engine.transaction.jta.platform.internal.JtaPlatformInitiator [main]  HHH000490: Using JtaPlatform implementation: [org.hibernate.engine.transaction.jta.platform.internal.NoJtaPlatform]
2023-05-02 13:37:57,753 INFO org.springframework.orm.jpa.AbstractEntityManagerFactoryBean [main]  Initialized JPA EntityManagerFactory for persistence unit 'default'
2023-05-02 13:38:16,107 WARN org.springframework.boot.autoconfigure.orm.jpa.JpaBaseConfiguration$JpaWebConfiguration [main]  spring.jpa.open-in-view is enabled by default. Therefore, database queries may be performed during view rendering. Explicitly configure spring.jpa.open-in-view to disable this warning
2023-05-02 13:38:23,120 INFO org.springframework.boot.StartupInfoLogger [main]  Started UtilityserviceApplicationTests in 126.568 seconds (JVM running for 139.108)
2023-05-02 13:38:25,826 INFO org.springframework.orm.jpa.AbstractEntityManagerFactoryBean [SpringApplicationShutdownHook]  Closing JPA EntityManagerFactory for persistence unit 'default'
2023-05-02 13:38:25,860 INFO com.zaxxer.hikari.HikariDataSource [SpringApplicationShutdownHook]  HikariPool-1 - Shutdown initiated...
2023-05-02 13:38:26,560 INFO com.zaxxer.hikari.HikariDataSource [SpringApplicationShutdownHook]  HikariPool-1 - Shutdown completed.
2023-05-02 14:41:26,573 INFO org.springframework.boot.StartupInfoLogger [restartedMain]  Starting UtilityServiceApplication using Java 11.0.17 on SHAJ-MAC.local with PID 3710 (/Users/user/Documents/reddot/backend/utilityservice/target/classes started by user in /Users/user/Documents/reddot/backend/utilityservice)
2023-05-02 14:41:26,574 DEBUG org.springframework.boot.StartupInfoLogger [restartedMain]  Running with Spring Boot v2.7.7, Spring v5.3.24
2023-05-02 14:41:26,574 INFO org.springframework.boot.SpringApplication [restartedMain]  The following 1 profile is active: "prod"
2023-05-02 14:41:26,607 INFO org.springframework.boot.logging.DeferredLog [restartedMain]  The Class-Path manifest attribute in /Users/user/.m2/repository/com/oracle/database/jdbc/ojdbc8/21.4.0.0/ojdbc8-21.4.0.0.jar referenced one or more files that do not exist: file:/Users/user/.m2/repository/com/oracle/database/jdbc/ojdbc8/21.4.0.0/oraclepki.jar
2023-05-02 14:41:26,607 INFO org.springframework.boot.logging.DeferredLog [restartedMain]  Devtools property defaults active! Set 'spring.devtools.add-properties' to 'false' to disable
2023-05-02 14:41:26,608 INFO org.springframework.boot.logging.DeferredLog [restartedMain]  For additional web related logging consider setting the 'logging.level.web' property to 'DEBUG'
2023-05-02 14:41:27,239 INFO org.springframework.data.repository.config.RepositoryConfigurationDelegate [restartedMain]  Multiple Spring Data modules found, entering strict repository configuration mode
2023-05-02 14:41:27,240 INFO org.springframework.data.repository.config.RepositoryConfigurationDelegate [restartedMain]  Bootstrapping Spring Data JPA repositories in DEFAULT mode.
2023-05-02 14:41:27,307 INFO org.springframework.data.repository.config.RepositoryConfigurationDelegate [restartedMain]  Finished Spring Data repository scanning in 61 ms. Found 5 JPA repository interfaces.
2023-05-02 14:41:27,323 INFO org.springframework.data.repository.config.RepositoryConfigurationDelegate [restartedMain]  Multiple Spring Data modules found, entering strict repository configuration mode
2023-05-02 14:41:27,324 INFO org.springframework.data.repository.config.RepositoryConfigurationDelegate [restartedMain]  Bootstrapping Spring Data Redis repositories in DEFAULT mode.
2023-05-02 14:41:27,342 INFO org.springframework.data.repository.config.RepositoryConfigurationExtensionSupport [restartedMain]  Spring Data Redis - Could not safely identify store assignment for repository candidate interface com.reddot.utilityservice.agentlocator.repository.AgentLocatorRepository; If you want this repository to be a Redis repository, consider annotating your entities with one of these annotations: org.springframework.data.redis.core.RedisHash (preferred), or consider extending one of the following types with your repository: org.springframework.data.keyvalue.repository.KeyValueRepository
2023-05-02 14:41:27,343 INFO org.springframework.data.repository.config.RepositoryConfigurationExtensionSupport [restartedMain]  Spring Data Redis - Could not safely identify store assignment for repository candidate interface com.reddot.utilityservice.agentlocator.repository.ConfigurationRepository; If you want this repository to be a Redis repository, consider annotating your entities with one of these annotations: org.springframework.data.redis.core.RedisHash (preferred), or consider extending one of the following types with your repository: org.springframework.data.keyvalue.repository.KeyValueRepository
2023-05-02 14:41:27,343 INFO org.springframework.data.repository.config.RepositoryConfigurationExtensionSupport [restartedMain]  Spring Data Redis - Could not safely identify store assignment for repository candidate interface com.reddot.utilityservice.common.repository.TransactionRepository; If you want this repository to be a Redis repository, consider annotating your entities with one of these annotations: org.springframework.data.redis.core.RedisHash (preferred), or consider extending one of the following types with your repository: org.springframework.data.keyvalue.repository.KeyValueRepository
2023-05-02 14:41:27,344 INFO org.springframework.data.repository.config.RepositoryConfigurationExtensionSupport [restartedMain]  Spring Data Redis - Could not safely identify store assignment for repository candidate interface com.reddot.utilityservice.features.desco.postpaid.repository.DescoPostpaidRepository; If you want this repository to be a Redis repository, consider annotating your entities with one of these annotations: org.springframework.data.redis.core.RedisHash (preferred), or consider extending one of the following types with your repository: org.springframework.data.keyvalue.repository.KeyValueRepository
2023-05-02 14:41:27,344 INFO org.springframework.data.repository.config.RepositoryConfigurationExtensionSupport [restartedMain]  Spring Data Redis - Could not safely identify store assignment for repository candidate interface com.reddot.utilityservice.requestmoney.repository.RequestMoneyRepository; If you want this repository to be a Redis repository, consider annotating your entities with one of these annotations: org.springframework.data.redis.core.RedisHash (preferred), or consider extending one of the following types with your repository: org.springframework.data.keyvalue.repository.KeyValueRepository
2023-05-02 14:41:27,345 INFO org.springframework.data.repository.config.RepositoryConfigurationDelegate [restartedMain]  Finished Spring Data repository scanning in 13 ms. Found 0 Redis repository interfaces.
2023-05-02 14:41:27,816 INFO org.springframework.boot.web.embedded.tomcat.TomcatWebServer [restartedMain]  Tomcat initialized with port(s): 8080 (http)
2023-05-02 14:41:27,824 INFO org.apache.juli.logging.DirectJDKLog [restartedMain]  Initializing ProtocolHandler ["http-nio-8080"]
2023-05-02 14:41:27,825 INFO org.apache.juli.logging.DirectJDKLog [restartedMain]  Starting service [Tomcat]
2023-05-02 14:41:27,825 INFO org.apache.juli.logging.DirectJDKLog [restartedMain]  Starting Servlet engine: [Apache Tomcat/9.0.70]
2023-05-02 14:41:27,878 INFO org.apache.juli.logging.DirectJDKLog [restartedMain]  Initializing Spring embedded WebApplicationContext
2023-05-02 14:41:27,878 INFO org.springframework.boot.web.servlet.context.ServletWebServerApplicationContext [restartedMain]  Root WebApplicationContext: initialization completed in 1270 ms
2023-05-02 14:41:28,050 INFO org.hibernate.jpa.internal.util.LogHelper [restartedMain]  HHH000204: Processing PersistenceUnitInfo [name: default]
2023-05-02 14:41:28,095 INFO org.hibernate.Version [restartedMain]  HHH000412: Hibernate ORM core version 5.6.14.Final
2023-05-02 14:41:28,212 INFO org.hibernate.annotations.common.reflection.java.JavaReflectionManager [restartedMain]  HCANN000001: Hibernate Commons Annotations {5.1.2.Final}
2023-05-02 14:41:28,302 WARN com.zaxxer.hikari.HikariConfig [restartedMain]  HikariPool-1 - maxLifetime is less than 30000ms, setting to default 1800000ms.
2023-05-02 14:41:28,303 INFO com.zaxxer.hikari.HikariDataSource [restartedMain]  HikariPool-1 - Starting...
2023-05-02 14:41:28,634 INFO com.zaxxer.hikari.HikariDataSource [restartedMain]  HikariPool-1 - Start completed.
2023-05-02 14:41:28,646 INFO org.hibernate.dialect.Dialect [restartedMain]  HHH000400: Using dialect: org.hibernate.dialect.Oracle12cDialect
2023-05-02 14:42:16,377 INFO org.hibernate.engine.transaction.jta.platform.internal.JtaPlatformInitiator [restartedMain]  HHH000490: Using JtaPlatform implementation: [org.hibernate.engine.transaction.jta.platform.internal.NoJtaPlatform]
2023-05-02 14:42:16,395 INFO org.springframework.orm.jpa.AbstractEntityManagerFactoryBean [restartedMain]  Initialized JPA EntityManagerFactory for persistence unit 'default'
2023-05-02 14:42:17,898 WARN org.springframework.boot.autoconfigure.orm.jpa.JpaBaseConfiguration$JpaWebConfiguration [restartedMain]  spring.jpa.open-in-view is enabled by default. Therefore, database queries may be performed during view rendering. Explicitly configure spring.jpa.open-in-view to disable this warning
2023-05-02 14:42:18,187 INFO org.springframework.boot.devtools.autoconfigure.OptionalLiveReloadServer [restartedMain]  LiveReload server is running on port 35729
2023-05-02 14:42:18,200 INFO org.apache.juli.logging.DirectJDKLog [restartedMain]  Starting ProtocolHandler ["http-nio-8080"]
2023-05-02 14:42:18,204 WARN org.springframework.context.support.AbstractApplicationContext [restartedMain]  Exception encountered during context initialization - cancelling refresh attempt: org.springframework.context.ApplicationContextException: Failed to start bean 'webServerStartStop'; nested exception is org.springframework.boot.web.server.PortInUseException: Port 8080 is already in use
2023-05-02 14:42:18,225 INFO org.springframework.orm.jpa.AbstractEntityManagerFactoryBean [restartedMain]  Closing JPA EntityManagerFactory for persistence unit 'default'
2023-05-02 14:42:18,227 INFO com.zaxxer.hikari.HikariDataSource [restartedMain]  HikariPool-1 - Shutdown initiated...
2023-05-02 14:42:18,496 INFO com.zaxxer.hikari.HikariDataSource [restartedMain]  HikariPool-1 - Shutdown completed.
2023-05-02 14:42:18,498 INFO org.apache.juli.logging.DirectJDKLog [restartedMain]  Pausing ProtocolHandler ["http-nio-8080"]
2023-05-02 14:42:18,499 INFO org.apache.juli.logging.DirectJDKLog [restartedMain]  Stopping service [Tomcat]
2023-05-02 14:42:18,504 INFO org.apache.juli.logging.DirectJDKLog [restartedMain]  Stopping ProtocolHandler ["http-nio-8080"]
2023-05-02 14:42:18,505 INFO org.apache.juli.logging.DirectJDKLog [restartedMain]  Destroying ProtocolHandler ["http-nio-8080"]
2023-05-02 14:42:18,514 INFO org.springframework.boot.autoconfigure.logging.ConditionEvaluationReportLoggingListener [restartedMain]  

Error starting ApplicationContext. To display the conditions report re-run your application with 'debug' enabled.
2023-05-02 14:42:18,544 ERROR org.springframework.boot.diagnostics.LoggingFailureAnalysisReporter [restartedMain]  

***************************
APPLICATION FAILED TO START
***************************

Description:

Web server failed to start. Port 8080 was already in use.

Action:

Identify and stop the process that's listening on port 8080 or configure this application to listen on another port.

2023-05-02 14:42:46,049 INFO org.springframework.boot.StartupInfoLogger [restartedMain]  Starting UtilityServiceApplication using Java 11.0.17 on SHAJ-MAC.local with PID 3735 (/Users/user/Documents/reddot/backend/utilityservice/target/classes started by user in /Users/user/Documents/reddot/backend/utilityservice)
2023-05-02 14:42:46,050 DEBUG org.springframework.boot.StartupInfoLogger [restartedMain]  Running with Spring Boot v2.7.7, Spring v5.3.24
2023-05-02 14:42:46,050 INFO org.springframework.boot.SpringApplication [restartedMain]  The following 1 profile is active: "prod"
2023-05-02 14:42:46,087 INFO org.springframework.boot.logging.DeferredLog [restartedMain]  The Class-Path manifest attribute in /Users/user/.m2/repository/com/oracle/database/jdbc/ojdbc8/21.4.0.0/ojdbc8-21.4.0.0.jar referenced one or more files that do not exist: file:/Users/user/.m2/repository/com/oracle/database/jdbc/ojdbc8/21.4.0.0/oraclepki.jar
2023-05-02 14:42:46,088 INFO org.springframework.boot.logging.DeferredLog [restartedMain]  Devtools property defaults active! Set 'spring.devtools.add-properties' to 'false' to disable
2023-05-02 14:42:46,088 INFO org.springframework.boot.logging.DeferredLog [restartedMain]  For additional web related logging consider setting the 'logging.level.web' property to 'DEBUG'
2023-05-02 14:42:46,666 INFO org.springframework.data.repository.config.RepositoryConfigurationDelegate [restartedMain]  Multiple Spring Data modules found, entering strict repository configuration mode
2023-05-02 14:42:46,666 INFO org.springframework.data.repository.config.RepositoryConfigurationDelegate [restartedMain]  Bootstrapping Spring Data JPA repositories in DEFAULT mode.
2023-05-02 14:42:46,729 INFO org.springframework.data.repository.config.RepositoryConfigurationDelegate [restartedMain]  Finished Spring Data repository scanning in 58 ms. Found 5 JPA repository interfaces.
2023-05-02 14:42:46,741 INFO org.springframework.data.repository.config.RepositoryConfigurationDelegate [restartedMain]  Multiple Spring Data modules found, entering strict repository configuration mode
2023-05-02 14:42:46,742 INFO org.springframework.data.repository.config.RepositoryConfigurationDelegate [restartedMain]  Bootstrapping Spring Data Redis repositories in DEFAULT mode.
2023-05-02 14:42:46,761 INFO org.springframework.data.repository.config.RepositoryConfigurationExtensionSupport [restartedMain]  Spring Data Redis - Could not safely identify store assignment for repository candidate interface com.reddot.utilityservice.agentlocator.repository.AgentLocatorRepository; If you want this repository to be a Redis repository, consider annotating your entities with one of these annotations: org.springframework.data.redis.core.RedisHash (preferred), or consider extending one of the following types with your repository: org.springframework.data.keyvalue.repository.KeyValueRepository
2023-05-02 14:42:46,762 INFO org.springframework.data.repository.config.RepositoryConfigurationExtensionSupport [restartedMain]  Spring Data Redis - Could not safely identify store assignment for repository candidate interface com.reddot.utilityservice.agentlocator.repository.ConfigurationRepository; If you want this repository to be a Redis repository, consider annotating your entities with one of these annotations: org.springframework.data.redis.core.RedisHash (preferred), or consider extending one of the following types with your repository: org.springframework.data.keyvalue.repository.KeyValueRepository
2023-05-02 14:42:46,762 INFO org.springframework.data.repository.config.RepositoryConfigurationExtensionSupport [restartedMain]  Spring Data Redis - Could not safely identify store assignment for repository candidate interface com.reddot.utilityservice.common.repository.TransactionRepository; If you want this repository to be a Redis repository, consider annotating your entities with one of these annotations: org.springframework.data.redis.core.RedisHash (preferred), or consider extending one of the following types with your repository: org.springframework.data.keyvalue.repository.KeyValueRepository
2023-05-02 14:42:46,763 INFO org.springframework.data.repository.config.RepositoryConfigurationExtensionSupport [restartedMain]  Spring Data Redis - Could not safely identify store assignment for repository candidate interface com.reddot.utilityservice.features.desco.postpaid.repository.DescoPostpaidRepository; If you want this repository to be a Redis repository, consider annotating your entities with one of these annotations: org.springframework.data.redis.core.RedisHash (preferred), or consider extending one of the following types with your repository: org.springframework.data.keyvalue.repository.KeyValueRepository
2023-05-02 14:42:46,763 INFO org.springframework.data.repository.config.RepositoryConfigurationExtensionSupport [restartedMain]  Spring Data Redis - Could not safely identify store assignment for repository candidate interface com.reddot.utilityservice.requestmoney.repository.RequestMoneyRepository; If you want this repository to be a Redis repository, consider annotating your entities with one of these annotations: org.springframework.data.redis.core.RedisHash (preferred), or consider extending one of the following types with your repository: org.springframework.data.keyvalue.repository.KeyValueRepository
2023-05-02 14:42:46,764 INFO org.springframework.data.repository.config.RepositoryConfigurationDelegate [restartedMain]  Finished Spring Data repository scanning in 14 ms. Found 0 Redis repository interfaces.
2023-05-02 14:42:47,234 INFO org.springframework.boot.web.embedded.tomcat.TomcatWebServer [restartedMain]  Tomcat initialized with port(s): 8080 (http)
2023-05-02 14:42:47,241 INFO org.apache.juli.logging.DirectJDKLog [restartedMain]  Initializing ProtocolHandler ["http-nio-8080"]
2023-05-02 14:42:47,241 INFO org.apache.juli.logging.DirectJDKLog [restartedMain]  Starting service [Tomcat]
2023-05-02 14:42:47,241 INFO org.apache.juli.logging.DirectJDKLog [restartedMain]  Starting Servlet engine: [Apache Tomcat/9.0.70]
2023-05-02 14:42:47,293 INFO org.apache.juli.logging.DirectJDKLog [restartedMain]  Initializing Spring embedded WebApplicationContext
2023-05-02 14:42:47,293 INFO org.springframework.boot.web.servlet.context.ServletWebServerApplicationContext [restartedMain]  Root WebApplicationContext: initialization completed in 1204 ms
2023-05-02 14:42:47,453 INFO org.hibernate.jpa.internal.util.LogHelper [restartedMain]  HHH000204: Processing PersistenceUnitInfo [name: default]
2023-05-02 14:42:47,493 INFO org.hibernate.Version [restartedMain]  HHH000412: Hibernate ORM core version 5.6.14.Final
2023-05-02 14:42:47,595 INFO org.hibernate.annotations.common.reflection.java.JavaReflectionManager [restartedMain]  HCANN000001: Hibernate Commons Annotations {5.1.2.Final}
2023-05-02 14:42:47,664 WARN com.zaxxer.hikari.HikariConfig [restartedMain]  HikariPool-1 - maxLifetime is less than 30000ms, setting to default 1800000ms.
2023-05-02 14:42:47,665 INFO com.zaxxer.hikari.HikariDataSource [restartedMain]  HikariPool-1 - Starting...
2023-05-02 14:42:48,082 INFO com.zaxxer.hikari.HikariDataSource [restartedMain]  HikariPool-1 - Start completed.
2023-05-02 14:42:48,096 INFO org.hibernate.dialect.Dialect [restartedMain]  HHH000400: Using dialect: org.hibernate.dialect.Oracle12cDialect
2023-05-02 14:43:37,879 INFO org.hibernate.engine.transaction.jta.platform.internal.JtaPlatformInitiator [restartedMain]  HHH000490: Using JtaPlatform implementation: [org.hibernate.engine.transaction.jta.platform.internal.NoJtaPlatform]
2023-05-02 14:43:37,893 INFO org.springframework.orm.jpa.AbstractEntityManagerFactoryBean [restartedMain]  Initialized JPA EntityManagerFactory for persistence unit 'default'
2023-05-02 14:43:39,422 WARN org.springframework.boot.autoconfigure.orm.jpa.JpaBaseConfiguration$JpaWebConfiguration [restartedMain]  spring.jpa.open-in-view is enabled by default. Therefore, database queries may be performed during view rendering. Explicitly configure spring.jpa.open-in-view to disable this warning
2023-05-02 14:43:39,805 INFO org.springframework.boot.devtools.autoconfigure.OptionalLiveReloadServer [restartedMain]  LiveReload server is running on port 35729
2023-05-02 14:43:39,821 INFO org.apache.juli.logging.DirectJDKLog [restartedMain]  Starting ProtocolHandler ["http-nio-8080"]
2023-05-02 14:43:39,825 WARN org.springframework.context.support.AbstractApplicationContext [restartedMain]  Exception encountered during context initialization - cancelling refresh attempt: org.springframework.context.ApplicationContextException: Failed to start bean 'webServerStartStop'; nested exception is org.springframework.boot.web.server.PortInUseException: Port 8080 is already in use
2023-05-02 14:43:39,847 INFO org.springframework.orm.jpa.AbstractEntityManagerFactoryBean [restartedMain]  Closing JPA EntityManagerFactory for persistence unit 'default'
2023-05-02 14:43:39,849 INFO com.zaxxer.hikari.HikariDataSource [restartedMain]  HikariPool-1 - Shutdown initiated...
2023-05-02 14:43:39,948 INFO com.zaxxer.hikari.HikariDataSource [restartedMain]  HikariPool-1 - Shutdown completed.
2023-05-02 14:43:39,950 INFO org.apache.juli.logging.DirectJDKLog [restartedMain]  Pausing ProtocolHandler ["http-nio-8080"]
2023-05-02 14:43:39,951 INFO org.apache.juli.logging.DirectJDKLog [restartedMain]  Stopping service [Tomcat]
2023-05-02 14:43:39,958 INFO org.apache.juli.logging.DirectJDKLog [restartedMain]  Stopping ProtocolHandler ["http-nio-8080"]
2023-05-02 14:43:39,959 INFO org.apache.juli.logging.DirectJDKLog [restartedMain]  Destroying ProtocolHandler ["http-nio-8080"]
2023-05-02 14:43:39,969 INFO org.springframework.boot.autoconfigure.logging.ConditionEvaluationReportLoggingListener [restartedMain]  

Error starting ApplicationContext. To display the conditions report re-run your application with 'debug' enabled.
2023-05-02 14:43:39,988 ERROR org.springframework.boot.diagnostics.LoggingFailureAnalysisReporter [restartedMain]  

***************************
APPLICATION FAILED TO START
***************************

Description:

Web server failed to start. Port 8080 was already in use.

Action:

Identify and stop the process that's listening on port 8080 or configure this application to listen on another port.

