2023-04-04 10:07:29,660 INFO org.springframework.boot.StartupInfoLogger [restartedMain]  Starting UtilityServiceApplication using Java 11.0.17 on R50000273B with PID 36652 (D:\RedDot Projects\utility-service\target\classes started by fahim.akber in D:\RedDot Projects\utility-service)
2023-04-04 10:07:29,660 DEBUG org.springframework.boot.StartupInfoLogger [restartedMain]  Running with Spring Boot v2.7.7, Spring v5.3.24
2023-04-04 10:07:29,660 INFO org.springframework.boot.SpringApplication [restartedMain]  The following 1 profile is active: "dev"
2023-04-04 10:07:29,724 INFO org.springframework.boot.logging.DeferredLog [restartedMain]  The Class-Path manifest attribute in C:\Users\fahim.akber\.m2\repository\com\oracle\database\jdbc\ojdbc8\21.4.0.0\ojdbc8-21.4.0.0.jar referenced one or more files that do not exist: file:/C:/Users/fahim.akber/.m2/repository/com/oracle/database/jdbc/ojdbc8/21.4.0.0/oraclepki.jar
2023-04-04 10:07:29,732 INFO org.springframework.boot.logging.DeferredLog [restartedMain]  Devtools property defaults active! Set 'spring.devtools.add-properties' to 'false' to disable
2023-04-04 10:07:29,733 INFO org.springframework.boot.logging.DeferredLog [restartedMain]  For additional web related logging consider setting the 'logging.level.web' property to 'DEBUG'
2023-04-04 10:07:30,924 INFO org.springframework.data.repository.config.RepositoryConfigurationDelegate [restartedMain]  Multiple Spring Data modules found, entering strict repository configuration mode
2023-04-04 10:07:30,939 INFO org.springframework.data.repository.config.RepositoryConfigurationDelegate [restartedMain]  Bootstrapping Spring Data JPA repositories in DEFAULT mode.
2023-04-04 10:07:31,381 INFO org.springframework.data.repository.config.RepositoryConfigurationDelegate [restartedMain]  Finished Spring Data repository scanning in 433 ms. Found 3 JPA repository interfaces.
2023-04-04 10:07:31,413 INFO org.springframework.data.repository.config.RepositoryConfigurationDelegate [restartedMain]  Multiple Spring Data modules found, entering strict repository configuration mode
2023-04-04 10:07:31,413 INFO org.springframework.data.repository.config.RepositoryConfigurationDelegate [restartedMain]  Bootstrapping Spring Data Redis repositories in DEFAULT mode.
2023-04-04 10:07:31,492 INFO org.springframework.data.repository.config.RepositoryConfigurationExtensionSupport [restartedMain]  Spring Data Redis - Could not safely identify store assignment for repository candidate interface com.reddot.utilityservice.common.repository.TransactionRepository; If you want this repository to be a Redis repository, consider annotating your entities with one of these annotations: org.springframework.data.redis.core.RedisHash (preferred), or consider extending one of the following types with your repository: org.springframework.data.keyvalue.repository.KeyValueRepository
2023-04-04 10:07:31,492 INFO org.springframework.data.repository.config.RepositoryConfigurationExtensionSupport [restartedMain]  Spring Data Redis - Could not safely identify store assignment for repository candidate interface com.reddot.utilityservice.features.desco.postpaid.repository.DescoPostpaidRepository; If you want this repository to be a Redis repository, consider annotating your entities with one of these annotations: org.springframework.data.redis.core.RedisHash (preferred), or consider extending one of the following types with your repository: org.springframework.data.keyvalue.repository.KeyValueRepository
2023-04-04 10:07:31,492 INFO org.springframework.data.repository.config.RepositoryConfigurationExtensionSupport [restartedMain]  Spring Data Redis - Could not safely identify store assignment for repository candidate interface com.reddot.utilityservice.requestmoney.repository.RequestMoneyRepository; If you want this repository to be a Redis repository, consider annotating your entities with one of these annotations: org.springframework.data.redis.core.RedisHash (preferred), or consider extending one of the following types with your repository: org.springframework.data.keyvalue.repository.KeyValueRepository
2023-04-04 10:07:31,492 INFO org.springframework.data.repository.config.RepositoryConfigurationDelegate [restartedMain]  Finished Spring Data repository scanning in 48 ms. Found 0 Redis repository interfaces.
2023-04-04 10:07:32,533 INFO org.springframework.boot.web.embedded.tomcat.TomcatWebServer [restartedMain]  Tomcat initialized with port(s): 8080 (http)
2023-04-04 10:07:32,549 INFO org.apache.juli.logging.DirectJDKLog [restartedMain]  Initializing ProtocolHandler ["http-nio-8080"]
2023-04-04 10:07:32,549 INFO org.apache.juli.logging.DirectJDKLog [restartedMain]  Starting service [Tomcat]
2023-04-04 10:07:32,549 INFO org.apache.juli.logging.DirectJDKLog [restartedMain]  Starting Servlet engine: [Apache Tomcat/9.0.70]
2023-04-04 10:07:32,659 INFO org.apache.juli.logging.DirectJDKLog [restartedMain]  Initializing Spring embedded WebApplicationContext
2023-04-04 10:07:32,659 INFO org.springframework.boot.web.servlet.context.ServletWebServerApplicationContext [restartedMain]  Root WebApplicationContext: initialization completed in 2925 ms
2023-04-04 10:07:32,865 INFO org.hibernate.jpa.internal.util.LogHelper [restartedMain]  HHH000204: Processing PersistenceUnitInfo [name: default]
2023-04-04 10:07:32,945 INFO org.hibernate.Version [restartedMain]  HHH000412: Hibernate ORM core version 5.6.14.Final
2023-04-04 10:07:33,149 INFO org.hibernate.annotations.common.reflection.java.JavaReflectionManager [restartedMain]  HCANN000001: Hibernate Commons Annotations {5.1.2.Final}
2023-04-04 10:07:33,325 WARN com.zaxxer.hikari.HikariConfig [restartedMain]  HikariPool-1 - maxLifetime is less than 30000ms, setting to default 1800000ms.
2023-04-04 10:07:33,328 INFO com.zaxxer.hikari.HikariDataSource [restartedMain]  HikariPool-1 - Starting...
2023-04-04 10:07:33,834 INFO com.zaxxer.hikari.HikariDataSource [restartedMain]  HikariPool-1 - Start completed.
2023-04-04 10:07:33,846 INFO org.hibernate.dialect.Dialect [restartedMain]  HHH000400: Using dialect: org.hibernate.dialect.MySQL8Dialect
2023-04-04 10:07:34,619 INFO org.hibernate.engine.transaction.jta.platform.internal.JtaPlatformInitiator [restartedMain]  HHH000490: Using JtaPlatform implementation: [org.hibernate.engine.transaction.jta.platform.internal.NoJtaPlatform]
2023-04-04 10:07:34,641 INFO org.springframework.orm.jpa.AbstractEntityManagerFactoryBean [restartedMain]  Initialized JPA EntityManagerFactory for persistence unit 'default'
2023-04-04 10:07:35,942 WARN org.springframework.boot.autoconfigure.orm.jpa.JpaBaseConfiguration$JpaWebConfiguration [restartedMain]  spring.jpa.open-in-view is enabled by default. Therefore, database queries may be performed during view rendering. Explicitly configure spring.jpa.open-in-view to disable this warning
2023-04-04 10:07:36,424 INFO org.springframework.boot.devtools.autoconfigure.OptionalLiveReloadServer [restartedMain]  LiveReload server is running on port 35729
2023-04-04 10:07:36,478 INFO org.apache.juli.logging.DirectJDKLog [restartedMain]  Starting ProtocolHandler ["http-nio-8080"]
2023-04-04 10:07:36,496 INFO org.springframework.boot.web.embedded.tomcat.TomcatWebServer [restartedMain]  Tomcat started on port(s): 8080 (http) with context path ''
2023-04-04 10:07:36,526 INFO org.springframework.boot.StartupInfoLogger [restartedMain]  Started UtilityServiceApplication in 7.397 seconds (JVM running for 12.73)
2023-04-04 10:07:57,339 INFO org.apache.juli.logging.DirectJDKLog [http-nio-8080-exec-1]  Initializing Spring DispatcherServlet 'dispatcherServlet'
2023-04-04 10:07:57,342 INFO org.springframework.web.servlet.FrameworkServlet [http-nio-8080-exec-1]  Initializing Servlet 'dispatcherServlet'
2023-04-04 10:07:57,345 INFO org.springframework.web.servlet.FrameworkServlet [http-nio-8080-exec-1]  Completed initialization in 2 ms
2023-04-04 10:07:57,378 DEBUG com.reddot.utilityservice.configuration.HttpLoggingFilter [http-nio-8080-exec-1] 38e8fe5c-98f5-43fc-b799-348d492c1a6b REST Request - [HTTP METHOD:POST] [PATH INFO:/api/request-money/request] [REQUEST PARAMETERS:{}] [REQUEST BODY:{"requestFrom": "018331836890","requestTo": "018331838180","requestedAmount": 100,"pin": "2233"}] [REMOTE ADDRESS:0:0:0:0:0:0:0:1]
2023-04-04 10:07:57,700 WARN org.springframework.web.servlet.handler.AbstractHandlerExceptionResolver [http-nio-8080-exec-1] 38e8fe5c-98f5-43fc-b799-348d492c1a6b Resolved [com.reddot.utilityservice.custom_exceptions.ApplicationException]
2023-04-04 10:07:57,707 DEBUG com.reddot.utilityservice.configuration.HttpLoggingFilter [http-nio-8080-exec-1] 38e8fe5c-98f5-43fc-b799-348d492c1a6b  [RESPONSE:{"statusCode":"401","message":"Invalid secret key."}] [REQUEST TIME:Tue Apr 04 10:07:57 BDT 2023] [ELAPSED TIME:343ms]
2023-04-04 10:08:02,283 DEBUG com.reddot.utilityservice.configuration.HttpLoggingFilter [http-nio-8080-exec-9] d9c985ee-b260-450f-b797-209fe8e59133 REST Request - [HTTP METHOD:POST] [PATH INFO:/api/request-money/request] [REQUEST PARAMETERS:{}] [REQUEST BODY:{"requestFrom": "018331836890","requestTo": "018331838180","requestedAmount": 100,"pin": "2233"}] [REMOTE ADDRESS:0:0:0:0:0:0:0:1]
2023-04-04 10:08:02,286 WARN org.springframework.web.servlet.handler.AbstractHandlerExceptionResolver [http-nio-8080-exec-9] d9c985ee-b260-450f-b797-209fe8e59133 Resolved [com.reddot.utilityservice.custom_exceptions.ApplicationException]
2023-04-04 10:08:02,288 DEBUG com.reddot.utilityservice.configuration.HttpLoggingFilter [http-nio-8080-exec-9] d9c985ee-b260-450f-b797-209fe8e59133  [RESPONSE:{"statusCode":"401","message":"Invalid secret key."}] [REQUEST TIME:Tue Apr 04 10:08:02 BDT 2023] [ELAPSED TIME:5ms]
2023-04-04 10:08:03,679 DEBUG com.reddot.utilityservice.configuration.HttpLoggingFilter [http-nio-8080-exec-10] ee294b97-f5a7-471e-9f72-a162a0a73105 REST Request - [HTTP METHOD:POST] [PATH INFO:/api/request-money/request] [REQUEST PARAMETERS:{}] [REQUEST BODY:{"requestFrom": "018331836890","requestTo": "018331838180","requestedAmount": 100,"pin": "2233"}] [REMOTE ADDRESS:0:0:0:0:0:0:0:1]
2023-04-04 10:08:03,684 WARN org.springframework.web.servlet.handler.AbstractHandlerExceptionResolver [http-nio-8080-exec-10] ee294b97-f5a7-471e-9f72-a162a0a73105 Resolved [com.reddot.utilityservice.custom_exceptions.ApplicationException]
2023-04-04 10:08:03,686 DEBUG com.reddot.utilityservice.configuration.HttpLoggingFilter [http-nio-8080-exec-10] ee294b97-f5a7-471e-9f72-a162a0a73105  [RESPONSE:{"statusCode":"401","message":"Invalid secret key."}] [REQUEST TIME:Tue Apr 04 10:08:03 BDT 2023] [ELAPSED TIME:7ms]
2023-04-04 10:08:21,428 DEBUG com.reddot.utilityservice.configuration.HttpLoggingFilter [http-nio-8080-exec-7] 208389a4-ae7b-464c-93ba-87d5d5ad6524 REST Request - [HTTP METHOD:POST] [PATH INFO:/api/request-money/request] [REQUEST PARAMETERS:{}] [REQUEST BODY:{"requestFrom": "018331836890","requestTo": "018331838180","requestedAmount": 100,"pin": "2233"}] [REMOTE ADDRESS:0:0:0:0:0:0:0:1]
2023-04-04 10:08:21,433 WARN org.springframework.web.servlet.handler.AbstractHandlerExceptionResolver [http-nio-8080-exec-7] 208389a4-ae7b-464c-93ba-87d5d5ad6524 Resolved [com.reddot.utilityservice.custom_exceptions.ApplicationException]
2023-04-04 10:08:21,435 DEBUG com.reddot.utilityservice.configuration.HttpLoggingFilter [http-nio-8080-exec-7] 208389a4-ae7b-464c-93ba-87d5d5ad6524  [RESPONSE:{"statusCode":"401","message":"Invalid secret key."}] [REQUEST TIME:Tue Apr 04 10:08:21 BDT 2023] [ELAPSED TIME:7ms]
2023-04-04 10:08:22,585 DEBUG com.reddot.utilityservice.configuration.HttpLoggingFilter [http-nio-8080-exec-4] 443031f3-67ba-46e3-a06c-bafc0c6008fe REST Request - [HTTP METHOD:POST] [PATH INFO:/api/request-money/request] [REQUEST PARAMETERS:{}] [REQUEST BODY:{"requestFrom": "018331836890","requestTo": "018331838180","requestedAmount": 100,"pin": "2233"}] [REMOTE ADDRESS:0:0:0:0:0:0:0:1]
2023-04-04 10:08:22,591 WARN org.springframework.web.servlet.handler.AbstractHandlerExceptionResolver [http-nio-8080-exec-4] 443031f3-67ba-46e3-a06c-bafc0c6008fe Resolved [com.reddot.utilityservice.custom_exceptions.ApplicationException]
2023-04-04 10:08:22,592 DEBUG com.reddot.utilityservice.configuration.HttpLoggingFilter [http-nio-8080-exec-4] 443031f3-67ba-46e3-a06c-bafc0c6008fe  [RESPONSE:{"statusCode":"401","message":"Invalid secret key."}] [REQUEST TIME:Tue Apr 04 10:08:22 BDT 2023] [ELAPSED TIME:7ms]
2023-04-04 10:08:30,857 DEBUG com.reddot.utilityservice.configuration.HttpLoggingFilter [http-nio-8080-exec-1] 9465e832-04bb-4a51-a6c8-f9913746f64d REST Request - [HTTP METHOD:POST] [PATH INFO:/api/request-money/request] [REQUEST PARAMETERS:{}] [REQUEST BODY:{"requestFrom": "018331836890","requestTo": "018331838180","requestedAmount": 100,"pin": "2233"}] [REMOTE ADDRESS:0:0:0:0:0:0:0:1]
2023-04-04 10:08:30,861 WARN org.springframework.web.servlet.handler.AbstractHandlerExceptionResolver [http-nio-8080-exec-1] 9465e832-04bb-4a51-a6c8-f9913746f64d Resolved [com.reddot.utilityservice.custom_exceptions.ApplicationException]
2023-04-04 10:08:30,862 DEBUG com.reddot.utilityservice.configuration.HttpLoggingFilter [http-nio-8080-exec-1] 9465e832-04bb-4a51-a6c8-f9913746f64d  [RESPONSE:{"statusCode":"401","message":"Invalid secret key."}] [REQUEST TIME:Tue Apr 04 10:08:30 BDT 2023] [ELAPSED TIME:5ms]
2023-04-04 10:08:46,171 DEBUG com.reddot.utilityservice.configuration.HttpLoggingFilter [http-nio-8080-exec-9] e0dbf24f-d913-448e-8145-629e6a6acce8 REST Request - [HTTP METHOD:POST] [PATH INFO:/api/request-money/request] [REQUEST PARAMETERS:{}] [REQUEST BODY:{"requestFrom": "018331836890","requestTo": "018331838180","requestedAmount": 100,"pin": "2233"}] [REMOTE ADDRESS:0:0:0:0:0:0:0:1]
2023-04-04 10:08:46,532 DEBUG com.reddot.utilityservice.configuration.HttpLoggingFilter [http-nio-8080-exec-9] e0dbf24f-d913-448e-8145-629e6a6acce8  [RESPONSE:{"requestId":"MTkwNTE4MzMxODM2ODkxODMzMTgzODE4MTY4MDU4MTMyNjI0MA==","requestFrom":null,"requestTo":null,"requestedAmount":null,"transactionStatus":null}] [REQUEST TIME:Tue Apr 04 10:08:46 BDT 2023] [ELAPSED TIME:361ms]
2023-04-04 10:40:10,923 DEBUG com.reddot.utilityservice.configuration.HttpLoggingFilter [http-nio-8080-exec-10] fcd4c09f-1fd4-42cc-b55d-cb7bc6f86f82 REST Request - [HTTP METHOD:GET] [PATH INFO:/api/request-money/get-requests/018331838180] [REQUEST PARAMETERS:{}] [REQUEST BODY:] [REMOTE ADDRESS:0:0:0:0:0:0:0:1]
2023-04-04 10:40:11,113 DEBUG com.reddot.utilityservice.configuration.HttpLoggingFilter [http-nio-8080-exec-10] fcd4c09f-1fd4-42cc-b55d-cb7bc6f86f82  [RESPONSE:{"outgoingRequest":[{"requestId":"ODE1OTE4MzMxODM4MTgxODMzMTgzNjg5MTY4MDQ5NTg3MDcwMg==","requestFrom":"018331838180","requestTo":"018331836890","requestedAmount":1500.00,"transactionStatus":"Declined"},{"requestId":"NzI2NTE4MzMxODM4MTgxODMzMTgzNjg5MTY4MDQ5NTg2MzIwMw==","requestFrom":"018331838180","requestTo":"018331836890","requestedAmount":500.00,"transactionStatus":"Processed"},{"requestId":"MzYyNzE4MzMxODM4MTgxODMzMTgzNjg5MTY4MDQ5NTg3NjI5NQ==","requestFrom":"018331838180","requestTo":"018331836890","requestedAmount":100.00,"transactionStatus":"Processed"}],"incomingRequest":[{"requestId":"MTkwNTE4MzMxODM2ODkxODMzMTgzODE4MTY4MDU4MTMyNjI0MA==","requestFrom":"018331836890","requestTo":"018331838180","requestedAmount":100.00,"transactionStatus":"Pending"},{"requestId":"NTg4NjE4MzMxODM2ODkxODMzMTgzODE4MTY4MDUwMzY1NzkxMQ==","requestFrom":"018331836890","requestTo":"018331838180","requestedAmount":100.00,"transactionStatus":"Pending"}]}] [REQUEST TIME:Tue Apr 04 10:40:10 BDT 2023] [ELAPSED TIME:190ms]
2023-04-04 10:40:45,034 DEBUG com.reddot.utilityservice.configuration.HttpLoggingFilter [http-nio-8080-exec-7] 17fee63a-3b3e-4cae-9968-416054464b74 REST Request - [HTTP METHOD:GET] [PATH INFO:/api/request-money/get-requests/018331838180] [REQUEST PARAMETERS:{}] [REQUEST BODY:] [REMOTE ADDRESS:0:0:0:0:0:0:0:1]
2023-04-04 10:40:45,046 DEBUG com.reddot.utilityservice.configuration.HttpLoggingFilter [http-nio-8080-exec-7] 17fee63a-3b3e-4cae-9968-416054464b74  [RESPONSE:{"outgoingRequest":[{"requestId":"ODE1OTE4MzMxODM4MTgxODMzMTgzNjg5MTY4MDQ5NTg3MDcwMg==","requestFrom":"018331838180","requestTo":"018331836890","requestedAmount":1500.00,"transactionStatus":"Declined"},{"requestId":"NzI2NTE4MzMxODM4MTgxODMzMTgzNjg5MTY4MDQ5NTg2MzIwMw==","requestFrom":"018331838180","requestTo":"018331836890","requestedAmount":500.00,"transactionStatus":"Processed"},{"requestId":"MzYyNzE4MzMxODM4MTgxODMzMTgzNjg5MTY4MDQ5NTg3NjI5NQ==","requestFrom":"018331838180","requestTo":"018331836890","requestedAmount":100.00,"transactionStatus":"Processed"}],"incomingRequest":[{"requestId":"MTkwNTE4MzMxODM2ODkxODMzMTgzODE4MTY4MDU4MTMyNjI0MA==","requestFrom":"018331836890","requestTo":"018331838180","requestedAmount":100.00,"transactionStatus":"Pending"},{"requestId":"NTg4NjE4MzMxODM2ODkxODMzMTgzODE4MTY4MDUwMzY1NzkxMQ==","requestFrom":"018331836890","requestTo":"018331838180","requestedAmount":100.00,"transactionStatus":"Pending"}]}] [REQUEST TIME:Tue Apr 04 10:40:45 BDT 2023] [ELAPSED TIME:12ms]
2023-04-04 10:40:54,065 DEBUG com.reddot.utilityservice.configuration.HttpLoggingFilter [http-nio-8080-exec-8] a1d410a8-6556-4808-bfdb-1506cbc255ed REST Request - [HTTP METHOD:GET] [PATH INFO:/api/request-money/get-requests/018331838180] [REQUEST PARAMETERS:{}] [REQUEST BODY:] [REMOTE ADDRESS:0:0:0:0:0:0:0:1]
2023-04-04 10:40:54,076 DEBUG com.reddot.utilityservice.configuration.HttpLoggingFilter [http-nio-8080-exec-8] a1d410a8-6556-4808-bfdb-1506cbc255ed  [RESPONSE:{"outgoingRequest":[{"requestId":"ODE1OTE4MzMxODM4MTgxODMzMTgzNjg5MTY4MDQ5NTg3MDcwMg==","requestFrom":"018331838180","requestTo":"018331836890","requestedAmount":1500.00,"transactionStatus":"Declined"},{"requestId":"NzI2NTE4MzMxODM4MTgxODMzMTgzNjg5MTY4MDQ5NTg2MzIwMw==","requestFrom":"018331838180","requestTo":"018331836890","requestedAmount":500.00,"transactionStatus":"Processed"},{"requestId":"MzYyNzE4MzMxODM4MTgxODMzMTgzNjg5MTY4MDQ5NTg3NjI5NQ==","requestFrom":"018331838180","requestTo":"018331836890","requestedAmount":100.00,"transactionStatus":"Processed"}],"incomingRequest":[{"requestId":"MTkwNTE4MzMxODM2ODkxODMzMTgzODE4MTY4MDU4MTMyNjI0MA==","requestFrom":"018331836890","requestTo":"018331838180","requestedAmount":100.00,"transactionStatus":"Pending"},{"requestId":"NTg4NjE4MzMxODM2ODkxODMzMTgzODE4MTY4MDUwMzY1NzkxMQ==","requestFrom":"018331836890","requestTo":"018331838180","requestedAmount":100.00,"transactionStatus":"Pending"}]}] [REQUEST TIME:Tue Apr 04 10:40:54 BDT 2023] [ELAPSED TIME:11ms]
2023-04-04 10:41:06,452 DEBUG com.reddot.utilityservice.configuration.HttpLoggingFilter [http-nio-8080-exec-4] 87346e10-b6e2-4668-bfd3-e7c708323874 REST Request - [HTTP METHOD:GET] [PATH INFO:/api/request-money/get-requests/018331838180] [REQUEST PARAMETERS:{}] [REQUEST BODY:] [REMOTE ADDRESS:0:0:0:0:0:0:0:1]
2023-04-04 10:43:23,906 WARN com.zaxxer.hikari.pool.HikariPool$HouseKeeper [HikariPool-1 housekeeper]  HikariPool-1 - Thread starvation or clock leap detected (housekeeper delta=2m19s379ms774µs600ns).
2023-04-04 10:43:23,908 DEBUG com.reddot.utilityservice.configuration.HttpLoggingFilter [http-nio-8080-exec-1] 0c2e5246-5d8f-4b17-b7fc-c3bbbfdb2d03 REST Request - [HTTP METHOD:GET] [PATH INFO:/api/request-money/get-outgoing-requests/018331838180] [REQUEST PARAMETERS:{}] [REQUEST BODY:] [REMOTE ADDRESS:0:0:0:0:0:0:0:1]
2023-04-04 10:43:23,918 DEBUG com.reddot.utilityservice.configuration.HttpLoggingFilter [http-nio-8080-exec-4] 87346e10-b6e2-4668-bfd3-e7c708323874  [RESPONSE:{"outgoingRequest":[{"requestId":"ODE1OTE4MzMxODM4MTgxODMzMTgzNjg5MTY4MDQ5NTg3MDcwMg==","requestFrom":"018331838180","requestTo":"018331836890","requestedAmount":1500.00,"transactionStatus":"Declined"},{"requestId":"NzI2NTE4MzMxODM4MTgxODMzMTgzNjg5MTY4MDQ5NTg2MzIwMw==","requestFrom":"018331838180","requestTo":"018331836890","requestedAmount":500.00,"transactionStatus":"Processed"},{"requestId":"MzYyNzE4MzMxODM4MTgxODMzMTgzNjg5MTY4MDQ5NTg3NjI5NQ==","requestFrom":"018331838180","requestTo":"018331836890","requestedAmount":100.00,"transactionStatus":"Processed"}],"incomingRequest":[{"requestId":"MTkwNTE4MzMxODM2ODkxODMzMTgzODE4MTY4MDU4MTMyNjI0MA==","requestFrom":"018331836890","requestTo":"018331838180","requestedAmount":100.00,"transactionStatus":"Pending"},{"requestId":"NTg4NjE4MzMxODM2ODkxODMzMTgzODE4MTY4MDUwMzY1NzkxMQ==","requestFrom":"018331836890","requestTo":"018331838180","requestedAmount":100.00,"transactionStatus":"Pending"}]}] [REQUEST TIME:Tue Apr 04 10:41:06 BDT 2023] [ELAPSED TIME:137466ms]
2023-04-04 10:43:23,919 DEBUG com.reddot.utilityservice.configuration.HttpLoggingFilter [http-nio-8080-exec-1] 0c2e5246-5d8f-4b17-b7fc-c3bbbfdb2d03  [RESPONSE:[{"requestId":"ODE1OTE4MzMxODM4MTgxODMzMTgzNjg5MTY4MDQ5NTg3MDcwMg==","requestFrom":"018331838180","requestTo":"018331836890","requestedAmount":1500.00,"transactionStatus":"Declined"},{"requestId":"NzI2NTE4MzMxODM4MTgxODMzMTgzNjg5MTY4MDQ5NTg2MzIwMw==","requestFrom":"018331838180","requestTo":"018331836890","requestedAmount":500.00,"transactionStatus":"Processed"},{"requestId":"MzYyNzE4MzMxODM4MTgxODMzMTgzNjg5MTY4MDQ5NTg3NjI5NQ==","requestFrom":"018331838180","requestTo":"018331836890","requestedAmount":100.00,"transactionStatus":"Processed"}]] [REQUEST TIME:Tue Apr 04 10:43:23 BDT 2023] [ELAPSED TIME:11ms]
2023-04-04 10:43:40,879 INFO org.springframework.orm.jpa.AbstractEntityManagerFactoryBean [SpringApplicationShutdownHook]  Closing JPA EntityManagerFactory for persistence unit 'default'
2023-04-04 10:43:40,889 INFO com.zaxxer.hikari.HikariDataSource [SpringApplicationShutdownHook]  HikariPool-1 - Shutdown initiated...
2023-04-04 10:43:40,908 INFO com.zaxxer.hikari.HikariDataSource [SpringApplicationShutdownHook]  HikariPool-1 - Shutdown completed.
2023-04-04 10:43:48,550 INFO org.springframework.boot.StartupInfoLogger [restartedMain]  Starting UtilityServiceApplication using Java 11.0.17 on R50000273B with PID 24236 (D:\RedDot Projects\utility-service\target\classes started by fahim.akber in D:\RedDot Projects\utility-service)
2023-04-04 10:43:48,552 DEBUG org.springframework.boot.StartupInfoLogger [restartedMain]  Running with Spring Boot v2.7.7, Spring v5.3.24
2023-04-04 10:43:48,552 INFO org.springframework.boot.SpringApplication [restartedMain]  The following 1 profile is active: "dev"
2023-04-04 10:43:48,589 INFO org.springframework.boot.logging.DeferredLog [restartedMain]  The Class-Path manifest attribute in C:\Users\fahim.akber\.m2\repository\com\oracle\database\jdbc\ojdbc8\21.4.0.0\ojdbc8-21.4.0.0.jar referenced one or more files that do not exist: file:/C:/Users/fahim.akber/.m2/repository/com/oracle/database/jdbc/ojdbc8/21.4.0.0/oraclepki.jar
2023-04-04 10:43:48,590 INFO org.springframework.boot.logging.DeferredLog [restartedMain]  Devtools property defaults active! Set 'spring.devtools.add-properties' to 'false' to disable
2023-04-04 10:43:48,590 INFO org.springframework.boot.logging.DeferredLog [restartedMain]  For additional web related logging consider setting the 'logging.level.web' property to 'DEBUG'
2023-04-04 10:43:49,249 INFO org.springframework.data.repository.config.RepositoryConfigurationDelegate [restartedMain]  Multiple Spring Data modules found, entering strict repository configuration mode
2023-04-04 10:43:49,249 INFO org.springframework.data.repository.config.RepositoryConfigurationDelegate [restartedMain]  Bootstrapping Spring Data JPA repositories in DEFAULT mode.
2023-04-04 10:43:49,345 INFO org.springframework.data.repository.config.RepositoryConfigurationDelegate [restartedMain]  Finished Spring Data repository scanning in 90 ms. Found 3 JPA repository interfaces.
2023-04-04 10:43:49,356 INFO org.springframework.data.repository.config.RepositoryConfigurationDelegate [restartedMain]  Multiple Spring Data modules found, entering strict repository configuration mode
2023-04-04 10:43:49,357 INFO org.springframework.data.repository.config.RepositoryConfigurationDelegate [restartedMain]  Bootstrapping Spring Data Redis repositories in DEFAULT mode.
2023-04-04 10:43:49,382 INFO org.springframework.data.repository.config.RepositoryConfigurationExtensionSupport [restartedMain]  Spring Data Redis - Could not safely identify store assignment for repository candidate interface com.reddot.utilityservice.common.repository.TransactionRepository; If you want this repository to be a Redis repository, consider annotating your entities with one of these annotations: org.springframework.data.redis.core.RedisHash (preferred), or consider extending one of the following types with your repository: org.springframework.data.keyvalue.repository.KeyValueRepository
2023-04-04 10:43:49,383 INFO org.springframework.data.repository.config.RepositoryConfigurationExtensionSupport [restartedMain]  Spring Data Redis - Could not safely identify store assignment for repository candidate interface com.reddot.utilityservice.features.desco.postpaid.repository.DescoPostpaidRepository; If you want this repository to be a Redis repository, consider annotating your entities with one of these annotations: org.springframework.data.redis.core.RedisHash (preferred), or consider extending one of the following types with your repository: org.springframework.data.keyvalue.repository.KeyValueRepository
2023-04-04 10:43:49,383 INFO org.springframework.data.repository.config.RepositoryConfigurationExtensionSupport [restartedMain]  Spring Data Redis - Could not safely identify store assignment for repository candidate interface com.reddot.utilityservice.requestmoney.repository.RequestMoneyRepository; If you want this repository to be a Redis repository, consider annotating your entities with one of these annotations: org.springframework.data.redis.core.RedisHash (preferred), or consider extending one of the following types with your repository: org.springframework.data.keyvalue.repository.KeyValueRepository
2023-04-04 10:43:49,383 INFO org.springframework.data.repository.config.RepositoryConfigurationDelegate [restartedMain]  Finished Spring Data repository scanning in 19 ms. Found 0 Redis repository interfaces.
2023-04-04 10:43:50,033 INFO org.springframework.boot.web.embedded.tomcat.TomcatWebServer [restartedMain]  Tomcat initialized with port(s): 8080 (http)
2023-04-04 10:43:50,043 INFO org.apache.juli.logging.DirectJDKLog [restartedMain]  Initializing ProtocolHandler ["http-nio-8080"]
2023-04-04 10:43:50,044 INFO org.apache.juli.logging.DirectJDKLog [restartedMain]  Starting service [Tomcat]
2023-04-04 10:43:50,044 INFO org.apache.juli.logging.DirectJDKLog [restartedMain]  Starting Servlet engine: [Apache Tomcat/9.0.70]
2023-04-04 10:43:50,154 INFO org.apache.juli.logging.DirectJDKLog [restartedMain]  Initializing Spring embedded WebApplicationContext
2023-04-04 10:43:50,154 INFO org.springframework.boot.web.servlet.context.ServletWebServerApplicationContext [restartedMain]  Root WebApplicationContext: initialization completed in 1564 ms
2023-04-04 10:43:50,347 INFO org.hibernate.jpa.internal.util.LogHelper [restartedMain]  HHH000204: Processing PersistenceUnitInfo [name: default]
2023-04-04 10:43:50,434 INFO org.hibernate.Version [restartedMain]  HHH000412: Hibernate ORM core version 5.6.14.Final
2023-04-04 10:43:50,608 INFO org.hibernate.annotations.common.reflection.java.JavaReflectionManager [restartedMain]  HCANN000001: Hibernate Commons Annotations {5.1.2.Final}
2023-04-04 10:43:50,728 WARN com.zaxxer.hikari.HikariConfig [restartedMain]  HikariPool-1 - maxLifetime is less than 30000ms, setting to default 1800000ms.
2023-04-04 10:43:50,730 INFO com.zaxxer.hikari.HikariDataSource [restartedMain]  HikariPool-1 - Starting...
2023-04-04 10:43:51,164 INFO com.zaxxer.hikari.HikariDataSource [restartedMain]  HikariPool-1 - Start completed.
2023-04-04 10:43:51,181 INFO org.hibernate.dialect.Dialect [restartedMain]  HHH000400: Using dialect: org.hibernate.dialect.MySQL8Dialect
2023-04-04 10:43:51,869 INFO org.hibernate.engine.transaction.jta.platform.internal.JtaPlatformInitiator [restartedMain]  HHH000490: Using JtaPlatform implementation: [org.hibernate.engine.transaction.jta.platform.internal.NoJtaPlatform]
2023-04-04 10:43:51,881 INFO org.springframework.orm.jpa.AbstractEntityManagerFactoryBean [restartedMain]  Initialized JPA EntityManagerFactory for persistence unit 'default'
2023-04-04 10:43:53,100 WARN org.springframework.boot.autoconfigure.orm.jpa.JpaBaseConfiguration$JpaWebConfiguration [restartedMain]  spring.jpa.open-in-view is enabled by default. Therefore, database queries may be performed during view rendering. Explicitly configure spring.jpa.open-in-view to disable this warning
2023-04-04 10:43:53,497 INFO org.springframework.boot.devtools.autoconfigure.OptionalLiveReloadServer [restartedMain]  LiveReload server is running on port 35729
2023-04-04 10:43:53,514 INFO org.apache.juli.logging.DirectJDKLog [restartedMain]  Starting ProtocolHandler ["http-nio-8080"]
2023-04-04 10:43:53,525 INFO org.springframework.boot.web.embedded.tomcat.TomcatWebServer [restartedMain]  Tomcat started on port(s): 8080 (http) with context path ''
2023-04-04 10:43:53,540 INFO org.springframework.boot.StartupInfoLogger [restartedMain]  Started UtilityServiceApplication in 5.354 seconds (JVM running for 7.992)
2023-04-04 10:45:04,938 INFO org.springframework.orm.jpa.AbstractEntityManagerFactoryBean [SpringApplicationShutdownHook]  Closing JPA EntityManagerFactory for persistence unit 'default'
2023-04-04 10:45:04,946 INFO com.zaxxer.hikari.HikariDataSource [SpringApplicationShutdownHook]  HikariPool-1 - Shutdown initiated...
2023-04-04 10:45:04,964 INFO com.zaxxer.hikari.HikariDataSource [SpringApplicationShutdownHook]  HikariPool-1 - Shutdown completed.
2023-04-04 10:45:08,590 INFO org.springframework.boot.StartupInfoLogger [restartedMain]  Starting UtilityServiceApplication using Java 11.0.17 on R50000273B with PID 30544 (D:\RedDot Projects\utility-service\target\classes started by fahim.akber in D:\RedDot Projects\utility-service)
2023-04-04 10:45:08,592 DEBUG org.springframework.boot.StartupInfoLogger [restartedMain]  Running with Spring Boot v2.7.7, Spring v5.3.24
2023-04-04 10:45:08,593 INFO org.springframework.boot.SpringApplication [restartedMain]  The following 1 profile is active: "dev"
2023-04-04 10:45:08,643 INFO org.springframework.boot.logging.DeferredLog [restartedMain]  The Class-Path manifest attribute in C:\Users\fahim.akber\.m2\repository\com\oracle\database\jdbc\ojdbc8\21.4.0.0\ojdbc8-21.4.0.0.jar referenced one or more files that do not exist: file:/C:/Users/fahim.akber/.m2/repository/com/oracle/database/jdbc/ojdbc8/21.4.0.0/oraclepki.jar
2023-04-04 10:45:08,644 INFO org.springframework.boot.logging.DeferredLog [restartedMain]  Devtools property defaults active! Set 'spring.devtools.add-properties' to 'false' to disable
2023-04-04 10:45:08,644 INFO org.springframework.boot.logging.DeferredLog [restartedMain]  For additional web related logging consider setting the 'logging.level.web' property to 'DEBUG'
2023-04-04 10:45:09,282 INFO org.springframework.data.repository.config.RepositoryConfigurationDelegate [restartedMain]  Multiple Spring Data modules found, entering strict repository configuration mode
2023-04-04 10:45:09,282 INFO org.springframework.data.repository.config.RepositoryConfigurationDelegate [restartedMain]  Bootstrapping Spring Data JPA repositories in DEFAULT mode.
2023-04-04 10:45:09,363 INFO org.springframework.data.repository.config.RepositoryConfigurationDelegate [restartedMain]  Finished Spring Data repository scanning in 76 ms. Found 3 JPA repository interfaces.
2023-04-04 10:45:09,375 INFO org.springframework.data.repository.config.RepositoryConfigurationDelegate [restartedMain]  Multiple Spring Data modules found, entering strict repository configuration mode
2023-04-04 10:45:09,376 INFO org.springframework.data.repository.config.RepositoryConfigurationDelegate [restartedMain]  Bootstrapping Spring Data Redis repositories in DEFAULT mode.
2023-04-04 10:45:09,400 INFO org.springframework.data.repository.config.RepositoryConfigurationExtensionSupport [restartedMain]  Spring Data Redis - Could not safely identify store assignment for repository candidate interface com.reddot.utilityservice.common.repository.TransactionRepository; If you want this repository to be a Redis repository, consider annotating your entities with one of these annotations: org.springframework.data.redis.core.RedisHash (preferred), or consider extending one of the following types with your repository: org.springframework.data.keyvalue.repository.KeyValueRepository
2023-04-04 10:45:09,401 INFO org.springframework.data.repository.config.RepositoryConfigurationExtensionSupport [restartedMain]  Spring Data Redis - Could not safely identify store assignment for repository candidate interface com.reddot.utilityservice.features.desco.postpaid.repository.DescoPostpaidRepository; If you want this repository to be a Redis repository, consider annotating your entities with one of these annotations: org.springframework.data.redis.core.RedisHash (preferred), or consider extending one of the following types with your repository: org.springframework.data.keyvalue.repository.KeyValueRepository
2023-04-04 10:45:09,402 INFO org.springframework.data.repository.config.RepositoryConfigurationExtensionSupport [restartedMain]  Spring Data Redis - Could not safely identify store assignment for repository candidate interface com.reddot.utilityservice.requestmoney.repository.RequestMoneyRepository; If you want this repository to be a Redis repository, consider annotating your entities with one of these annotations: org.springframework.data.redis.core.RedisHash (preferred), or consider extending one of the following types with your repository: org.springframework.data.keyvalue.repository.KeyValueRepository
2023-04-04 10:45:09,403 INFO org.springframework.data.repository.config.RepositoryConfigurationDelegate [restartedMain]  Finished Spring Data repository scanning in 20 ms. Found 0 Redis repository interfaces.
2023-04-04 10:45:09,929 INFO org.springframework.boot.web.embedded.tomcat.TomcatWebServer [restartedMain]  Tomcat initialized with port(s): 8080 (http)
2023-04-04 10:45:09,937 INFO org.apache.juli.logging.DirectJDKLog [restartedMain]  Initializing ProtocolHandler ["http-nio-8080"]
2023-04-04 10:45:09,937 INFO org.apache.juli.logging.DirectJDKLog [restartedMain]  Starting service [Tomcat]
2023-04-04 10:45:09,937 INFO org.apache.juli.logging.DirectJDKLog [restartedMain]  Starting Servlet engine: [Apache Tomcat/9.0.70]
2023-04-04 10:45:10,020 INFO org.apache.juli.logging.DirectJDKLog [restartedMain]  Initializing Spring embedded WebApplicationContext
2023-04-04 10:45:10,020 INFO org.springframework.boot.web.servlet.context.ServletWebServerApplicationContext [restartedMain]  Root WebApplicationContext: initialization completed in 1375 ms
2023-04-04 10:45:10,164 INFO org.hibernate.jpa.internal.util.LogHelper [restartedMain]  HHH000204: Processing PersistenceUnitInfo [name: default]
2023-04-04 10:45:10,204 INFO org.hibernate.Version [restartedMain]  HHH000412: Hibernate ORM core version 5.6.14.Final
2023-04-04 10:45:10,305 INFO org.hibernate.annotations.common.reflection.java.JavaReflectionManager [restartedMain]  HCANN000001: Hibernate Commons Annotations {5.1.2.Final}
2023-04-04 10:45:10,370 WARN com.zaxxer.hikari.HikariConfig [restartedMain]  HikariPool-1 - maxLifetime is less than 30000ms, setting to default 1800000ms.
2023-04-04 10:45:10,372 INFO com.zaxxer.hikari.HikariDataSource [restartedMain]  HikariPool-1 - Starting...
2023-04-04 10:45:10,644 INFO com.zaxxer.hikari.HikariDataSource [restartedMain]  HikariPool-1 - Start completed.
2023-04-04 10:45:10,655 INFO org.hibernate.dialect.Dialect [restartedMain]  HHH000400: Using dialect: org.hibernate.dialect.MySQL8Dialect
2023-04-04 10:45:11,167 INFO org.hibernate.engine.transaction.jta.platform.internal.JtaPlatformInitiator [restartedMain]  HHH000490: Using JtaPlatform implementation: [org.hibernate.engine.transaction.jta.platform.internal.NoJtaPlatform]
2023-04-04 10:45:11,175 INFO org.springframework.orm.jpa.AbstractEntityManagerFactoryBean [restartedMain]  Initialized JPA EntityManagerFactory for persistence unit 'default'
2023-04-04 10:45:12,122 WARN org.springframework.boot.autoconfigure.orm.jpa.JpaBaseConfiguration$JpaWebConfiguration [restartedMain]  spring.jpa.open-in-view is enabled by default. Therefore, database queries may be performed during view rendering. Explicitly configure spring.jpa.open-in-view to disable this warning
2023-04-04 10:45:12,475 INFO org.springframework.boot.devtools.autoconfigure.OptionalLiveReloadServer [restartedMain]  LiveReload server is running on port 35729
2023-04-04 10:45:12,491 INFO org.apache.juli.logging.DirectJDKLog [restartedMain]  Starting ProtocolHandler ["http-nio-8080"]
2023-04-04 10:45:12,501 INFO org.springframework.boot.web.embedded.tomcat.TomcatWebServer [restartedMain]  Tomcat started on port(s): 8080 (http) with context path ''
2023-04-04 10:45:12,515 INFO org.springframework.boot.StartupInfoLogger [restartedMain]  Started UtilityServiceApplication in 4.423 seconds (JVM running for 5.407)
2023-04-04 10:45:23,850 INFO org.apache.juli.logging.DirectJDKLog [http-nio-8080-exec-1]  Initializing Spring DispatcherServlet 'dispatcherServlet'
2023-04-04 10:45:23,852 INFO org.springframework.web.servlet.FrameworkServlet [http-nio-8080-exec-1]  Initializing Servlet 'dispatcherServlet'
2023-04-04 10:45:23,853 INFO org.springframework.web.servlet.FrameworkServlet [http-nio-8080-exec-1]  Completed initialization in 0 ms
2023-04-04 10:45:23,866 DEBUG com.reddot.utilityservice.configuration.HttpLoggingFilter [http-nio-8080-exec-1] 105d3167-bf76-4682-be42-ad836b1a8bfd REST Request - [HTTP METHOD:GET] [PATH INFO:/api/request-money/get-requests/018331838180] [REQUEST PARAMETERS:{}] [REQUEST BODY:] [REMOTE ADDRESS:0:0:0:0:0:0:0:1]
2023-04-04 10:45:33,683 WARN org.springframework.web.servlet.handler.AbstractHandlerExceptionResolver [http-nio-8080-exec-1] 105d3167-bf76-4682-be42-ad836b1a8bfd Resolved [com.reddot.utilityservice.custom_exceptions.ApplicationException]
2023-04-04 10:45:33,685 DEBUG com.reddot.utilityservice.configuration.HttpLoggingFilter [http-nio-8080-exec-1] 105d3167-bf76-4682-be42-ad836b1a8bfd  [RESPONSE:{"statusCode":"401","message":"Invalid secret key."}] [REQUEST TIME:Tue Apr 04 10:45:23 BDT 2023] [ELAPSED TIME:9825ms]
2023-04-04 10:45:41,084 DEBUG com.reddot.utilityservice.configuration.HttpLoggingFilter [http-nio-8080-exec-2] 3cf5d20e-2fde-4c56-be96-6a067bc6d521 REST Request - [HTTP METHOD:GET] [PATH INFO:/api/request-money/get-requests/018331838180] [REQUEST PARAMETERS:{}] [REQUEST BODY:] [REMOTE ADDRESS:0:0:0:0:0:0:0:1]
2023-04-04 10:45:41,089 WARN org.springframework.web.servlet.handler.AbstractHandlerExceptionResolver [http-nio-8080-exec-2] 3cf5d20e-2fde-4c56-be96-6a067bc6d521 Resolved [com.reddot.utilityservice.custom_exceptions.ApplicationException]
2023-04-04 10:45:41,090 DEBUG com.reddot.utilityservice.configuration.HttpLoggingFilter [http-nio-8080-exec-2] 3cf5d20e-2fde-4c56-be96-6a067bc6d521  [RESPONSE:{"statusCode":"401","message":"Invalid secret key."}] [REQUEST TIME:Tue Apr 04 10:45:41 BDT 2023] [ELAPSED TIME:6ms]
2023-04-04 10:45:50,968 DEBUG com.reddot.utilityservice.configuration.HttpLoggingFilter [http-nio-8080-exec-6] ece470dd-de4f-4658-b7ba-a2dba2aad1e1 REST Request - [HTTP METHOD:GET] [PATH INFO:/api/request-money/get-requests/018331838180] [REQUEST PARAMETERS:{}] [REQUEST BODY:] [REMOTE ADDRESS:0:0:0:0:0:0:0:1]
2023-04-04 10:45:50,971 WARN org.springframework.web.servlet.handler.AbstractHandlerExceptionResolver [http-nio-8080-exec-6] ece470dd-de4f-4658-b7ba-a2dba2aad1e1 Resolved [com.reddot.utilityservice.custom_exceptions.ApplicationException]
2023-04-04 10:45:50,972 DEBUG com.reddot.utilityservice.configuration.HttpLoggingFilter [http-nio-8080-exec-6] ece470dd-de4f-4658-b7ba-a2dba2aad1e1  [RESPONSE:{"statusCode":"401","message":"Invalid secret key."}] [REQUEST TIME:Tue Apr 04 10:45:50 BDT 2023] [ELAPSED TIME:4ms]
2023-04-04 10:46:01,690 DEBUG com.reddot.utilityservice.configuration.HttpLoggingFilter [http-nio-8080-exec-8] 743f65c6-b20e-46df-9d71-b8ed696f3bb3 REST Request - [HTTP METHOD:GET] [PATH INFO:/api/request-money/get-requests/018331838180] [REQUEST PARAMETERS:{}] [REQUEST BODY:] [REMOTE ADDRESS:0:0:0:0:0:0:0:1]
2023-04-04 10:46:01,692 WARN org.springframework.web.servlet.handler.AbstractHandlerExceptionResolver [http-nio-8080-exec-8] 743f65c6-b20e-46df-9d71-b8ed696f3bb3 Resolved [com.reddot.utilityservice.custom_exceptions.ApplicationException]
2023-04-04 10:46:01,693 DEBUG com.reddot.utilityservice.configuration.HttpLoggingFilter [http-nio-8080-exec-8] 743f65c6-b20e-46df-9d71-b8ed696f3bb3  [RESPONSE:{"statusCode":"401","message":"Invalid secret key."}] [REQUEST TIME:Tue Apr 04 10:46:01 BDT 2023] [ELAPSED TIME:3ms]
2023-04-04 10:46:11,607 DEBUG com.reddot.utilityservice.configuration.HttpLoggingFilter [http-nio-8080-exec-10] 0b5e94c2-39b7-452a-8af9-9b921a7dd791 REST Request - [HTTP METHOD:GET] [PATH INFO:/api/request-money/get-requests/018331838180] [REQUEST PARAMETERS:{}] [REQUEST BODY:] [REMOTE ADDRESS:0:0:0:0:0:0:0:1]
2023-04-04 10:46:11,610 WARN org.springframework.web.servlet.handler.AbstractHandlerExceptionResolver [http-nio-8080-exec-10] 0b5e94c2-39b7-452a-8af9-9b921a7dd791 Resolved [com.reddot.utilityservice.custom_exceptions.ApplicationException]
2023-04-04 10:46:11,612 DEBUG com.reddot.utilityservice.configuration.HttpLoggingFilter [http-nio-8080-exec-10] 0b5e94c2-39b7-452a-8af9-9b921a7dd791  [RESPONSE:{"statusCode":"401","message":"Invalid secret key."}] [REQUEST TIME:Tue Apr 04 10:46:11 BDT 2023] [ELAPSED TIME:5ms]
2023-04-04 10:46:15,952 DEBUG com.reddot.utilityservice.configuration.HttpLoggingFilter [http-nio-8080-exec-1] 5b927dfb-9a6c-45f4-937a-47b9fefa5f89 REST Request - [HTTP METHOD:GET] [PATH INFO:/api/request-money/get-requests/018331838180] [REQUEST PARAMETERS:{}] [REQUEST BODY:] [REMOTE ADDRESS:0:0:0:0:0:0:0:1]
2023-04-04 10:46:23,951 DEBUG com.reddot.utilityservice.configuration.HttpLoggingFilter [http-nio-8080-exec-1] 5b927dfb-9a6c-45f4-937a-47b9fefa5f89  [RESPONSE:{"outgoingRequest":[{"requestId":"ODE1OTE4MzMxODM4MTgxODMzMTgzNjg5MTY4MDQ5NTg3MDcwMg==","requestFrom":"018331838180","requestTo":"018331836890","requestedAmount":1500.00,"transactionStatus":"Declined"},{"requestId":"NzI2NTE4MzMxODM4MTgxODMzMTgzNjg5MTY4MDQ5NTg2MzIwMw==","requestFrom":"018331838180","requestTo":"018331836890","requestedAmount":500.00,"transactionStatus":"Processed"},{"requestId":"MzYyNzE4MzMxODM4MTgxODMzMTgzNjg5MTY4MDQ5NTg3NjI5NQ==","requestFrom":"018331838180","requestTo":"018331836890","requestedAmount":100.00,"transactionStatus":"Processed"}],"incomingRequest":[{"requestId":"MTkwNTE4MzMxODM2ODkxODMzMTgzODE4MTY4MDU4MTMyNjI0MA==","requestFrom":"018331836890","requestTo":"018331838180","requestedAmount":100.00,"transactionStatus":"Pending"},{"requestId":"NTg4NjE4MzMxODM2ODkxODMzMTgzODE4MTY4MDUwMzY1NzkxMQ==","requestFrom":"018331836890","requestTo":"018331838180","requestedAmount":100.00,"transactionStatus":"Pending"}]}] [REQUEST TIME:Tue Apr 04 10:46:15 BDT 2023] [ELAPSED TIME:7999ms]
2023-04-04 10:46:48,109 DEBUG com.reddot.utilityservice.configuration.HttpLoggingFilter [http-nio-8080-exec-3] db26f470-0b0b-443e-afb4-abc4ec2ada7c REST Request - [HTTP METHOD:GET] [PATH INFO:/api/request-money/get-outgoing-requests/018331838180] [REQUEST PARAMETERS:{}] [REQUEST BODY:] [REMOTE ADDRESS:0:0:0:0:0:0:0:1]
2023-04-04 10:46:48,114 WARN org.springframework.web.servlet.handler.AbstractHandlerExceptionResolver [http-nio-8080-exec-3] db26f470-0b0b-443e-afb4-abc4ec2ada7c Resolved [com.reddot.utilityservice.custom_exceptions.ApplicationException]
2023-04-04 10:46:48,115 DEBUG com.reddot.utilityservice.configuration.HttpLoggingFilter [http-nio-8080-exec-3] db26f470-0b0b-443e-afb4-abc4ec2ada7c  [RESPONSE:{"statusCode":"401","message":"Invalid secret key."}] [REQUEST TIME:Tue Apr 04 10:46:48 BDT 2023] [ELAPSED TIME:6ms]
2023-04-04 10:47:14,710 DEBUG com.reddot.utilityservice.configuration.HttpLoggingFilter [http-nio-8080-exec-2] e66c172c-8fdd-4164-a6a3-449da51a8fdf REST Request - [HTTP METHOD:GET] [PATH INFO:/api/request-money/get-outgoing-requests/018331838180] [REQUEST PARAMETERS:{}] [REQUEST BODY:] [REMOTE ADDRESS:0:0:0:0:0:0:0:1]
2023-04-04 10:47:14,715 WARN org.springframework.web.servlet.handler.AbstractHandlerExceptionResolver [http-nio-8080-exec-2] e66c172c-8fdd-4164-a6a3-449da51a8fdf Resolved [com.reddot.utilityservice.custom_exceptions.ApplicationException]
2023-04-04 10:47:14,715 DEBUG com.reddot.utilityservice.configuration.HttpLoggingFilter [http-nio-8080-exec-2] e66c172c-8fdd-4164-a6a3-449da51a8fdf  [RESPONSE:{"statusCode":"401","message":"Invalid secret key."}] [REQUEST TIME:Tue Apr 04 10:47:14 BDT 2023] [ELAPSED TIME:5ms]
2023-04-04 10:47:22,924 DEBUG com.reddot.utilityservice.configuration.HttpLoggingFilter [http-nio-8080-exec-7] 7a37ff5c-1dd3-4021-a01f-a9ee7cf67eed REST Request - [HTTP METHOD:GET] [PATH INFO:/api/request-money/get-outgoing-requests/018331838180] [REQUEST PARAMETERS:{SECRET_KEY=}] [REQUEST BODY:] [REMOTE ADDRESS:0:0:0:0:0:0:0:1]
2023-04-04 10:47:22,926 WARN org.springframework.web.servlet.handler.AbstractHandlerExceptionResolver [http-nio-8080-exec-7] 7a37ff5c-1dd3-4021-a01f-a9ee7cf67eed Resolved [com.reddot.utilityservice.custom_exceptions.ApplicationException]
2023-04-04 10:47:22,927 DEBUG com.reddot.utilityservice.configuration.HttpLoggingFilter [http-nio-8080-exec-7] 7a37ff5c-1dd3-4021-a01f-a9ee7cf67eed  [RESPONSE:{"statusCode":"401","message":"Invalid secret key."}] [REQUEST TIME:Tue Apr 04 10:47:22 BDT 2023] [ELAPSED TIME:4ms]
2023-04-04 10:48:05,092 DEBUG com.reddot.utilityservice.configuration.HttpLoggingFilter [http-nio-8080-exec-9] af44f9c9-d35f-4134-b6ce-a2dc25bd5bde REST Request - [HTTP METHOD:GET] [PATH INFO:/api/request-money/get-outgoing-requests/018331838180] [REQUEST PARAMETERS:{SECRET_KEY=validation_secret_key}] [REQUEST BODY:] [REMOTE ADDRESS:0:0:0:0:0:0:0:1]
2023-04-04 10:48:05,094 WARN org.springframework.web.servlet.handler.AbstractHandlerExceptionResolver [http-nio-8080-exec-9] af44f9c9-d35f-4134-b6ce-a2dc25bd5bde Resolved [com.reddot.utilityservice.custom_exceptions.ApplicationException]
2023-04-04 10:48:05,095 DEBUG com.reddot.utilityservice.configuration.HttpLoggingFilter [http-nio-8080-exec-9] af44f9c9-d35f-4134-b6ce-a2dc25bd5bde  [RESPONSE:{"statusCode":"401","message":"Invalid secret key."}] [REQUEST TIME:Tue Apr 04 10:48:05 BDT 2023] [ELAPSED TIME:3ms]
2023-04-04 10:48:34,976 DEBUG com.reddot.utilityservice.configuration.HttpLoggingFilter [http-nio-8080-exec-4] e8491203-9087-44af-8c19-2a3496de909c REST Request - [HTTP METHOD:GET] [PATH INFO:/api/request-money/get-outgoing-requests/018331838180] [REQUEST PARAMETERS:{}] [REQUEST BODY:] [REMOTE ADDRESS:0:0:0:0:0:0:0:1]
2023-04-04 10:48:34,984 DEBUG com.reddot.utilityservice.configuration.HttpLoggingFilter [http-nio-8080-exec-4] e8491203-9087-44af-8c19-2a3496de909c  [RESPONSE:[{"requestId":"ODE1OTE4MzMxODM4MTgxODMzMTgzNjg5MTY4MDQ5NTg3MDcwMg==","requestFrom":"018331838180","requestTo":"018331836890","requestedAmount":1500.00,"transactionStatus":"Declined"},{"requestId":"NzI2NTE4MzMxODM4MTgxODMzMTgzNjg5MTY4MDQ5NTg2MzIwMw==","requestFrom":"018331838180","requestTo":"018331836890","requestedAmount":500.00,"transactionStatus":"Processed"},{"requestId":"MzYyNzE4MzMxODM4MTgxODMzMTgzNjg5MTY4MDQ5NTg3NjI5NQ==","requestFrom":"018331838180","requestTo":"018331836890","requestedAmount":100.00,"transactionStatus":"Processed"}]] [REQUEST TIME:Tue Apr 04 10:48:34 BDT 2023] [ELAPSED TIME:8ms]
2023-04-04 10:48:39,772 DEBUG com.reddot.utilityservice.configuration.HttpLoggingFilter [http-nio-8080-exec-1] a71429cd-1cb9-4fa1-9fb2-53f54f3f08f1 REST Request - [HTTP METHOD:GET] [PATH INFO:/api/request-money/get-incoming-requests/018331836890/Processed] [REQUEST PARAMETERS:{}] [REQUEST BODY:] [REMOTE ADDRESS:0:0:0:0:0:0:0:1]
2023-04-04 10:48:39,776 WARN org.springframework.web.servlet.handler.AbstractHandlerExceptionResolver [http-nio-8080-exec-1] a71429cd-1cb9-4fa1-9fb2-53f54f3f08f1 Resolved [org.springframework.web.method.annotation.MethodArgumentTypeMismatchException: Failed to convert value of type 'java.lang.String' to required type 'java.lang.Integer'; nested exception is java.lang.NumberFormatException: For input string: "Processed"]
2023-04-04 10:48:39,776 ERROR com.reddot.utilityservice.configuration.HttpLoggingFilter [http-nio-8080-exec-1] a71429cd-1cb9-4fa1-9fb2-53f54f3f08f1 null
2023-04-04 10:48:44,238 DEBUG com.reddot.utilityservice.configuration.HttpLoggingFilter [http-nio-8080-exec-5] 0909477e-4dee-463a-9279-24075be8dc9e REST Request - [HTTP METHOD:GET] [PATH INFO:/api/request-money/get-incoming-requests/018331836890] [REQUEST PARAMETERS:{}] [REQUEST BODY:] [REMOTE ADDRESS:0:0:0:0:0:0:0:1]
2023-04-04 10:48:44,241 WARN org.springframework.web.servlet.handler.AbstractHandlerExceptionResolver [http-nio-8080-exec-5] 0909477e-4dee-463a-9279-24075be8dc9e Resolved [com.reddot.utilityservice.custom_exceptions.ApplicationException]
2023-04-04 10:48:44,242 DEBUG com.reddot.utilityservice.configuration.HttpLoggingFilter [http-nio-8080-exec-5] 0909477e-4dee-463a-9279-24075be8dc9e  [RESPONSE:{"statusCode":"401","message":"Invalid secret key."}] [REQUEST TIME:Tue Apr 04 10:48:44 BDT 2023] [ELAPSED TIME:3ms]
2023-04-04 10:49:00,129 DEBUG com.reddot.utilityservice.configuration.HttpLoggingFilter [http-nio-8080-exec-2] ecce5dca-f4fb-4e0d-be12-87e8b40a020a REST Request - [HTTP METHOD:GET] [PATH INFO:/api/request-money/get-incoming-requests/018331836890] [REQUEST PARAMETERS:{}] [REQUEST BODY:] [REMOTE ADDRESS:0:0:0:0:0:0:0:1]
2023-04-04 10:49:00,136 DEBUG com.reddot.utilityservice.configuration.HttpLoggingFilter [http-nio-8080-exec-2] ecce5dca-f4fb-4e0d-be12-87e8b40a020a  [RESPONSE:[{"requestId":"ODE1OTE4MzMxODM4MTgxODMzMTgzNjg5MTY4MDQ5NTg3MDcwMg==","requestFrom":"018331838180","requestTo":"018331836890","requestedAmount":1500.00,"transactionStatus":"Declined"},{"requestId":"NzI2NTE4MzMxODM4MTgxODMzMTgzNjg5MTY4MDQ5NTg2MzIwMw==","requestFrom":"018331838180","requestTo":"018331836890","requestedAmount":500.00,"transactionStatus":"Processed"},{"requestId":"MzYyNzE4MzMxODM4MTgxODMzMTgzNjg5MTY4MDQ5NTg3NjI5NQ==","requestFrom":"018331838180","requestTo":"018331836890","requestedAmount":100.00,"transactionStatus":"Processed"}]] [REQUEST TIME:Tue Apr 04 10:49:00 BDT 2023] [ELAPSED TIME:8ms]
2023-04-04 10:49:04,754 DEBUG com.reddot.utilityservice.configuration.HttpLoggingFilter [http-nio-8080-exec-7] 71afb599-5832-4928-b0fb-2d0a6e52819f REST Request - [HTTP METHOD:POST] [PATH INFO:/api/request-money/pay] [REQUEST PARAMETERS:{}] [REQUEST BODY:{"pin": "2233","requestId": "NzI2NTE4MzMxODM4MTgxODMzMTgzNjg5MTY4MDQ5NTg2MzIwMw==","transactionType": "SEND_MONEY"}] [REMOTE ADDRESS:0:0:0:0:0:0:0:1]
2023-04-04 10:49:04,789 WARN org.springframework.web.servlet.handler.AbstractHandlerExceptionResolver [http-nio-8080-exec-7] 71afb599-5832-4928-b0fb-2d0a6e52819f Resolved [com.reddot.utilityservice.custom_exceptions.ApplicationException]
2023-04-04 10:49:04,789 DEBUG com.reddot.utilityservice.configuration.HttpLoggingFilter [http-nio-8080-exec-7] 71afb599-5832-4928-b0fb-2d0a6e52819f  [RESPONSE:{"statusCode":"401","message":"Invalid secret key."}] [REQUEST TIME:Tue Apr 04 10:49:04 BDT 2023] [ELAPSED TIME:35ms]
2023-04-04 10:49:25,023 DEBUG com.reddot.utilityservice.configuration.HttpLoggingFilter [http-nio-8080-exec-9] f67b8ff8-63b7-4499-8c3c-964bff898524 REST Request - [HTTP METHOD:POST] [PATH INFO:/api/request-money/pay] [REQUEST PARAMETERS:{}] [REQUEST BODY:{"pin": "2233","requestId": "NzI2NTE4MzMxODM4MTgxODMzMTgzNjg5MTY4MDQ5NTg2MzIwMw==","transactionType": "SEND_MONEY"}] [REMOTE ADDRESS:0:0:0:0:0:0:0:1]
2023-04-04 10:49:25,034 WARN org.springframework.web.servlet.handler.AbstractHandlerExceptionResolver [http-nio-8080-exec-9] f67b8ff8-63b7-4499-8c3c-964bff898524 Resolved [com.reddot.utilityservice.custom_exceptions.ApplicationException]
2023-04-04 10:49:25,034 DEBUG com.reddot.utilityservice.configuration.HttpLoggingFilter [http-nio-8080-exec-9] f67b8ff8-63b7-4499-8c3c-964bff898524  [RESPONSE:{"statusCode":"400","message":"This request already processed."}] [REQUEST TIME:Tue Apr 04 10:49:25 BDT 2023] [ELAPSED TIME:11ms]
2023-04-04 10:50:05,068 DEBUG com.reddot.utilityservice.configuration.HttpLoggingFilter [http-nio-8080-exec-4] 9584e566-bb97-48d9-a835-4e8c9818e2a8 REST Request - [HTTP METHOD:POST] [PATH INFO:/api/request-money/decline] [REQUEST PARAMETERS:{}] [REQUEST BODY:ODE1OTE4MzMxODM4MTgxODMzMTgzNjg5MTY4MDQ5NTg3MDcwMg==] [REMOTE ADDRESS:0:0:0:0:0:0:0:1]
2023-04-04 10:50:05,070 WARN org.springframework.web.servlet.handler.AbstractHandlerExceptionResolver [http-nio-8080-exec-4] 9584e566-bb97-48d9-a835-4e8c9818e2a8 Resolved [com.reddot.utilityservice.custom_exceptions.ApplicationException]
2023-04-04 10:50:05,071 DEBUG com.reddot.utilityservice.configuration.HttpLoggingFilter [http-nio-8080-exec-4] 9584e566-bb97-48d9-a835-4e8c9818e2a8  [RESPONSE:{"statusCode":"401","message":"Invalid secret key."}] [REQUEST TIME:Tue Apr 04 10:50:05 BDT 2023] [ELAPSED TIME:3ms]
2023-04-04 10:50:20,656 DEBUG com.reddot.utilityservice.configuration.HttpLoggingFilter [http-nio-8080-exec-3] 5282a955-9f74-4121-86a8-b89567a16dd0 REST Request - [HTTP METHOD:POST] [PATH INFO:/api/request-money/decline] [REQUEST PARAMETERS:{}] [REQUEST BODY:ODE1OTE4MzMxODM4MTgxODMzMTgzNjg5MTY4MDQ5NTg3MDcwMg==] [REMOTE ADDRESS:0:0:0:0:0:0:0:1]
2023-04-04 10:50:20,663 WARN org.springframework.web.servlet.handler.AbstractHandlerExceptionResolver [http-nio-8080-exec-3] 5282a955-9f74-4121-86a8-b89567a16dd0 Resolved [com.reddot.utilityservice.custom_exceptions.ApplicationException]
2023-04-04 10:50:20,665 DEBUG com.reddot.utilityservice.configuration.HttpLoggingFilter [http-nio-8080-exec-3] 5282a955-9f74-4121-86a8-b89567a16dd0  [RESPONSE:{"statusCode":"400","message":"This request already processed."}] [REQUEST TIME:Tue Apr 04 10:50:20 BDT 2023] [ELAPSED TIME:9ms]
2023-04-04 13:37:11,770 WARN com.zaxxer.hikari.pool.HikariPool$HouseKeeper [HikariPool-1 housekeeper]  HikariPool-1 - Thread starvation or clock leap detected (housekeeper delta=11m58s964ms988µs600ns).
2023-04-04 13:57:31,054 INFO org.springframework.orm.jpa.AbstractEntityManagerFactoryBean [SpringApplicationShutdownHook]  Closing JPA EntityManagerFactory for persistence unit 'default'
2023-04-04 13:57:31,073 INFO com.zaxxer.hikari.HikariDataSource [SpringApplicationShutdownHook]  HikariPool-1 - Shutdown initiated...
2023-04-04 13:57:31,088 INFO com.zaxxer.hikari.HikariDataSource [SpringApplicationShutdownHook]  HikariPool-1 - Shutdown completed.
2023-04-04 13:57:39,585 INFO org.springframework.boot.StartupInfoLogger [restartedMain]  Starting UtilityServiceApplication using Java 11.0.17 on R50000273B with PID 3920 (D:\RedDot Projects\utility-service\target\classes started by fahim.akber in D:\RedDot Projects\utility-service)
2023-04-04 13:57:39,585 DEBUG org.springframework.boot.StartupInfoLogger [restartedMain]  Running with Spring Boot v2.7.7, Spring v5.3.24
2023-04-04 13:57:39,585 INFO org.springframework.boot.SpringApplication [restartedMain]  The following 1 profile is active: "dev"
2023-04-04 13:57:39,616 INFO org.springframework.boot.logging.DeferredLog [restartedMain]  The Class-Path manifest attribute in C:\Users\fahim.akber\.m2\repository\com\oracle\database\jdbc\ojdbc8\21.4.0.0\ojdbc8-21.4.0.0.jar referenced one or more files that do not exist: file:/C:/Users/fahim.akber/.m2/repository/com/oracle/database/jdbc/ojdbc8/21.4.0.0/oraclepki.jar
2023-04-04 13:57:39,616 INFO org.springframework.boot.logging.DeferredLog [restartedMain]  Devtools property defaults active! Set 'spring.devtools.add-properties' to 'false' to disable
2023-04-04 13:57:39,616 INFO org.springframework.boot.logging.DeferredLog [restartedMain]  For additional web related logging consider setting the 'logging.level.web' property to 'DEBUG'
2023-04-04 13:57:40,223 INFO org.springframework.data.repository.config.RepositoryConfigurationDelegate [restartedMain]  Multiple Spring Data modules found, entering strict repository configuration mode
2023-04-04 13:57:40,223 INFO org.springframework.data.repository.config.RepositoryConfigurationDelegate [restartedMain]  Bootstrapping Spring Data JPA repositories in DEFAULT mode.
2023-04-04 13:57:40,302 INFO org.springframework.data.repository.config.RepositoryConfigurationDelegate [restartedMain]  Finished Spring Data repository scanning in 77 ms. Found 3 JPA repository interfaces.
2023-04-04 13:57:40,318 INFO org.springframework.data.repository.config.RepositoryConfigurationDelegate [restartedMain]  Multiple Spring Data modules found, entering strict repository configuration mode
2023-04-04 13:57:40,318 INFO org.springframework.data.repository.config.RepositoryConfigurationDelegate [restartedMain]  Bootstrapping Spring Data Redis repositories in DEFAULT mode.
2023-04-04 13:57:40,333 INFO org.springframework.data.repository.config.RepositoryConfigurationExtensionSupport [restartedMain]  Spring Data Redis - Could not safely identify store assignment for repository candidate interface com.reddot.utilityservice.common.repository.TransactionRepository; If you want this repository to be a Redis repository, consider annotating your entities with one of these annotations: org.springframework.data.redis.core.RedisHash (preferred), or consider extending one of the following types with your repository: org.springframework.data.keyvalue.repository.KeyValueRepository
2023-04-04 13:57:40,333 INFO org.springframework.data.repository.config.RepositoryConfigurationExtensionSupport [restartedMain]  Spring Data Redis - Could not safely identify store assignment for repository candidate interface com.reddot.utilityservice.features.desco.postpaid.repository.DescoPostpaidRepository; If you want this repository to be a Redis repository, consider annotating your entities with one of these annotations: org.springframework.data.redis.core.RedisHash (preferred), or consider extending one of the following types with your repository: org.springframework.data.keyvalue.repository.KeyValueRepository
2023-04-04 13:57:40,333 INFO org.springframework.data.repository.config.RepositoryConfigurationExtensionSupport [restartedMain]  Spring Data Redis - Could not safely identify store assignment for repository candidate interface com.reddot.utilityservice.requestmoney.repository.RequestMoneyRepository; If you want this repository to be a Redis repository, consider annotating your entities with one of these annotations: org.springframework.data.redis.core.RedisHash (preferred), or consider extending one of the following types with your repository: org.springframework.data.keyvalue.repository.KeyValueRepository
2023-04-04 13:57:40,333 INFO org.springframework.data.repository.config.RepositoryConfigurationDelegate [restartedMain]  Finished Spring Data repository scanning in 16 ms. Found 0 Redis repository interfaces.
2023-04-04 13:57:40,869 INFO org.springframework.boot.web.embedded.tomcat.TomcatWebServer [restartedMain]  Tomcat initialized with port(s): 8080 (http)
2023-04-04 13:57:40,876 INFO org.apache.juli.logging.DirectJDKLog [restartedMain]  Initializing ProtocolHandler ["http-nio-8080"]
2023-04-04 13:57:40,876 INFO org.apache.juli.logging.DirectJDKLog [restartedMain]  Starting service [Tomcat]
2023-04-04 13:57:40,876 INFO org.apache.juli.logging.DirectJDKLog [restartedMain]  Starting Servlet engine: [Apache Tomcat/9.0.70]
2023-04-04 13:57:40,964 INFO org.apache.juli.logging.DirectJDKLog [restartedMain]  Initializing Spring embedded WebApplicationContext
2023-04-04 13:57:40,964 INFO org.springframework.boot.web.servlet.context.ServletWebServerApplicationContext [restartedMain]  Root WebApplicationContext: initialization completed in 1348 ms
2023-04-04 13:57:41,107 INFO org.hibernate.jpa.internal.util.LogHelper [restartedMain]  HHH000204: Processing PersistenceUnitInfo [name: default]
2023-04-04 13:57:41,186 INFO org.hibernate.Version [restartedMain]  HHH000412: Hibernate ORM core version 5.6.14.Final
2023-04-04 13:57:41,311 INFO org.hibernate.annotations.common.reflection.java.JavaReflectionManager [restartedMain]  HCANN000001: Hibernate Commons Annotations {5.1.2.Final}
2023-04-04 13:57:41,391 WARN com.zaxxer.hikari.HikariConfig [restartedMain]  HikariPool-1 - maxLifetime is less than 30000ms, setting to default 1800000ms.
2023-04-04 13:57:41,406 INFO com.zaxxer.hikari.HikariDataSource [restartedMain]  HikariPool-1 - Starting...
2023-04-04 13:57:41,737 INFO com.zaxxer.hikari.HikariDataSource [restartedMain]  HikariPool-1 - Start completed.
2023-04-04 13:57:41,752 INFO org.hibernate.dialect.Dialect [restartedMain]  HHH000400: Using dialect: org.hibernate.dialect.MySQL8Dialect
2023-04-04 13:57:42,281 INFO org.hibernate.engine.transaction.jta.platform.internal.JtaPlatformInitiator [restartedMain]  HHH000490: Using JtaPlatform implementation: [org.hibernate.engine.transaction.jta.platform.internal.NoJtaPlatform]
2023-04-04 13:57:42,281 INFO org.springframework.orm.jpa.AbstractEntityManagerFactoryBean [restartedMain]  Initialized JPA EntityManagerFactory for persistence unit 'default'
2023-04-04 13:57:43,348 WARN org.springframework.boot.autoconfigure.orm.jpa.JpaBaseConfiguration$JpaWebConfiguration [restartedMain]  spring.jpa.open-in-view is enabled by default. Therefore, database queries may be performed during view rendering. Explicitly configure spring.jpa.open-in-view to disable this warning
2023-04-04 13:57:44,271 INFO org.springframework.boot.devtools.autoconfigure.OptionalLiveReloadServer [restartedMain]  LiveReload server is running on port 35729
2023-04-04 13:57:44,303 INFO org.apache.juli.logging.DirectJDKLog [restartedMain]  Starting ProtocolHandler ["http-nio-8080"]
2023-04-04 13:57:44,334 INFO org.springframework.boot.web.embedded.tomcat.TomcatWebServer [restartedMain]  Tomcat started on port(s): 8080 (http) with context path ''
2023-04-04 13:57:44,371 INFO org.springframework.boot.StartupInfoLogger [restartedMain]  Started UtilityServiceApplication in 5.129 seconds (JVM running for 8.818)
2023-04-04 15:23:06,857 INFO org.springframework.orm.jpa.AbstractEntityManagerFactoryBean [SpringApplicationShutdownHook]  Closing JPA EntityManagerFactory for persistence unit 'default'
2023-04-04 15:23:06,879 INFO com.zaxxer.hikari.HikariDataSource [SpringApplicationShutdownHook]  HikariPool-1 - Shutdown initiated...
2023-04-04 15:23:06,888 INFO com.zaxxer.hikari.HikariDataSource [SpringApplicationShutdownHook]  HikariPool-1 - Shutdown completed.
2023-04-04 15:23:18,382 INFO org.springframework.boot.StartupInfoLogger [restartedMain]  Starting UtilityServiceApplication using Java 11.0.17 on R50000273B with PID 29388 (D:\RedDot Projects\utility-service\target\classes started by fahim.akber in D:\RedDot Projects\utility-service)
2023-04-04 15:23:18,385 DEBUG org.springframework.boot.StartupInfoLogger [restartedMain]  Running with Spring Boot v2.7.7, Spring v5.3.24
2023-04-04 15:23:18,386 INFO org.springframework.boot.SpringApplication [restartedMain]  The following 1 profile is active: "dev"
2023-04-04 15:23:18,521 INFO org.springframework.boot.logging.DeferredLog [restartedMain]  The Class-Path manifest attribute in C:\Users\fahim.akber\.m2\repository\com\oracle\database\jdbc\ojdbc8\21.4.0.0\ojdbc8-21.4.0.0.jar referenced one or more files that do not exist: file:/C:/Users/fahim.akber/.m2/repository/com/oracle/database/jdbc/ojdbc8/21.4.0.0/oraclepki.jar
2023-04-04 15:23:18,523 INFO org.springframework.boot.logging.DeferredLog [restartedMain]  Devtools property defaults active! Set 'spring.devtools.add-properties' to 'false' to disable
2023-04-04 15:23:18,524 INFO org.springframework.boot.logging.DeferredLog [restartedMain]  For additional web related logging consider setting the 'logging.level.web' property to 'DEBUG'
2023-04-04 15:23:20,387 INFO org.springframework.data.repository.config.RepositoryConfigurationDelegate [restartedMain]  Multiple Spring Data modules found, entering strict repository configuration mode
2023-04-04 15:23:20,390 INFO org.springframework.data.repository.config.RepositoryConfigurationDelegate [restartedMain]  Bootstrapping Spring Data JPA repositories in DEFAULT mode.
2023-04-04 15:23:20,585 INFO org.springframework.data.repository.config.RepositoryConfigurationDelegate [restartedMain]  Finished Spring Data repository scanning in 183 ms. Found 4 JPA repository interfaces.
2023-04-04 15:23:20,614 INFO org.springframework.data.repository.config.RepositoryConfigurationDelegate [restartedMain]  Multiple Spring Data modules found, entering strict repository configuration mode
2023-04-04 15:23:20,616 INFO org.springframework.data.repository.config.RepositoryConfigurationDelegate [restartedMain]  Bootstrapping Spring Data Redis repositories in DEFAULT mode.
2023-04-04 15:23:20,673 INFO org.springframework.data.repository.config.RepositoryConfigurationExtensionSupport [restartedMain]  Spring Data Redis - Could not safely identify store assignment for repository candidate interface com.reddot.utilityservice.agentlocator.repository.AgentLocatorRepository; If you want this repository to be a Redis repository, consider annotating your entities with one of these annotations: org.springframework.data.redis.core.RedisHash (preferred), or consider extending one of the following types with your repository: org.springframework.data.keyvalue.repository.KeyValueRepository
2023-04-04 15:23:20,675 INFO org.springframework.data.repository.config.RepositoryConfigurationExtensionSupport [restartedMain]  Spring Data Redis - Could not safely identify store assignment for repository candidate interface com.reddot.utilityservice.common.repository.TransactionRepository; If you want this repository to be a Redis repository, consider annotating your entities with one of these annotations: org.springframework.data.redis.core.RedisHash (preferred), or consider extending one of the following types with your repository: org.springframework.data.keyvalue.repository.KeyValueRepository
2023-04-04 15:23:20,677 INFO org.springframework.data.repository.config.RepositoryConfigurationExtensionSupport [restartedMain]  Spring Data Redis - Could not safely identify store assignment for repository candidate interface com.reddot.utilityservice.features.desco.postpaid.repository.DescoPostpaidRepository; If you want this repository to be a Redis repository, consider annotating your entities with one of these annotations: org.springframework.data.redis.core.RedisHash (preferred), or consider extending one of the following types with your repository: org.springframework.data.keyvalue.repository.KeyValueRepository
2023-04-04 15:23:20,678 INFO org.springframework.data.repository.config.RepositoryConfigurationExtensionSupport [restartedMain]  Spring Data Redis - Could not safely identify store assignment for repository candidate interface com.reddot.utilityservice.requestmoney.repository.RequestMoneyRepository; If you want this repository to be a Redis repository, consider annotating your entities with one of these annotations: org.springframework.data.redis.core.RedisHash (preferred), or consider extending one of the following types with your repository: org.springframework.data.keyvalue.repository.KeyValueRepository
2023-04-04 15:23:20,678 INFO org.springframework.data.repository.config.RepositoryConfigurationDelegate [restartedMain]  Finished Spring Data repository scanning in 44 ms. Found 0 Redis repository interfaces.
2023-04-04 15:23:21,836 INFO org.springframework.boot.web.embedded.tomcat.TomcatWebServer [restartedMain]  Tomcat initialized with port(s): 8080 (http)
2023-04-04 15:23:21,850 INFO org.apache.juli.logging.DirectJDKLog [restartedMain]  Initializing ProtocolHandler ["http-nio-8080"]
2023-04-04 15:23:21,851 INFO org.apache.juli.logging.DirectJDKLog [restartedMain]  Starting service [Tomcat]
2023-04-04 15:23:21,851 INFO org.apache.juli.logging.DirectJDKLog [restartedMain]  Starting Servlet engine: [Apache Tomcat/9.0.70]
2023-04-04 15:23:22,031 INFO org.apache.juli.logging.DirectJDKLog [restartedMain]  Initializing Spring embedded WebApplicationContext
2023-04-04 15:23:22,032 INFO org.springframework.boot.web.servlet.context.ServletWebServerApplicationContext [restartedMain]  Root WebApplicationContext: initialization completed in 3506 ms
2023-04-04 15:23:22,331 INFO org.hibernate.jpa.internal.util.LogHelper [restartedMain]  HHH000204: Processing PersistenceUnitInfo [name: default]
2023-04-04 15:23:22,421 INFO org.hibernate.Version [restartedMain]  HHH000412: Hibernate ORM core version 5.6.14.Final
2023-04-04 15:23:22,635 INFO org.hibernate.annotations.common.reflection.java.JavaReflectionManager [restartedMain]  HCANN000001: Hibernate Commons Annotations {5.1.2.Final}
2023-04-04 15:23:22,789 WARN com.zaxxer.hikari.HikariConfig [restartedMain]  HikariPool-1 - maxLifetime is less than 30000ms, setting to default 1800000ms.
2023-04-04 15:23:22,791 INFO com.zaxxer.hikari.HikariDataSource [restartedMain]  HikariPool-1 - Starting...
2023-04-04 15:23:23,583 INFO com.zaxxer.hikari.HikariDataSource [restartedMain]  HikariPool-1 - Start completed.
2023-04-04 15:23:23,660 INFO org.hibernate.dialect.Dialect [restartedMain]  HHH000400: Using dialect: org.hibernate.dialect.MySQL8Dialect
2023-04-04 15:23:25,636 INFO org.hibernate.engine.transaction.jta.platform.internal.JtaPlatformInitiator [restartedMain]  HHH000490: Using JtaPlatform implementation: [org.hibernate.engine.transaction.jta.platform.internal.NoJtaPlatform]
2023-04-04 15:23:25,659 INFO org.springframework.orm.jpa.AbstractEntityManagerFactoryBean [restartedMain]  Initialized JPA EntityManagerFactory for persistence unit 'default'
2023-04-04 15:23:28,740 WARN org.springframework.boot.autoconfigure.orm.jpa.JpaBaseConfiguration$JpaWebConfiguration [restartedMain]  spring.jpa.open-in-view is enabled by default. Therefore, database queries may be performed during view rendering. Explicitly configure spring.jpa.open-in-view to disable this warning
2023-04-04 15:23:29,899 INFO org.springframework.boot.devtools.autoconfigure.OptionalLiveReloadServer [restartedMain]  LiveReload server is running on port 35729
2023-04-04 15:23:29,949 INFO org.apache.juli.logging.DirectJDKLog [restartedMain]  Starting ProtocolHandler ["http-nio-8080"]
2023-04-04 15:23:29,972 INFO org.springframework.boot.web.embedded.tomcat.TomcatWebServer [restartedMain]  Tomcat started on port(s): 8080 (http) with context path ''
2023-04-04 15:23:30,005 INFO org.springframework.boot.StartupInfoLogger [restartedMain]  Started UtilityServiceApplication in 12.59 seconds (JVM running for 14.771)
2023-04-04 15:26:21,729 INFO org.apache.juli.logging.DirectJDKLog [http-nio-8080-exec-3]  Initializing Spring DispatcherServlet 'dispatcherServlet'
2023-04-04 15:26:21,730 INFO org.springframework.web.servlet.FrameworkServlet [http-nio-8080-exec-3]  Initializing Servlet 'dispatcherServlet'
2023-04-04 15:26:21,734 INFO org.springframework.web.servlet.FrameworkServlet [http-nio-8080-exec-3]  Completed initialization in 3 ms
2023-04-04 15:26:21,756 DEBUG com.reddot.utilityservice.configuration.HttpLoggingFilter [http-nio-8080-exec-3] 2254e01c-abbb-479b-9848-9c532f114657 REST Request - [HTTP METHOD:PUT] [PATH INFO:/api/agent-locator/update-agent-location] [REQUEST PARAMETERS:{}] [REQUEST BODY:{"agentName": "","agentWalletNo": "019788492620","latitude": null,"longitude": null}] [REMOTE ADDRESS:0:0:0:0:0:0:0:1]
2023-04-04 15:27:06,223 WARN com.zaxxer.hikari.pool.HikariPool$HouseKeeper [HikariPool-1 housekeeper]  HikariPool-1 - Thread starvation or clock leap detected (housekeeper delta=1m12s478ms482µs).
2023-04-04 15:27:44,002 ERROR com.reddot.utilityservice.configuration.HttpLoggingFilter [http-nio-8080-exec-3] 2254e01c-abbb-479b-9848-9c532f114657 null
2023-04-04 15:45:15,998 INFO org.springframework.orm.jpa.AbstractEntityManagerFactoryBean [SpringApplicationShutdownHook]  Closing JPA EntityManagerFactory for persistence unit 'default'
2023-04-04 15:45:16,003 INFO com.zaxxer.hikari.HikariDataSource [SpringApplicationShutdownHook]  HikariPool-1 - Shutdown initiated...
2023-04-04 15:45:16,016 INFO com.zaxxer.hikari.HikariDataSource [SpringApplicationShutdownHook]  HikariPool-1 - Shutdown completed.
